{"total": {"lines":{"total":16759,"covered":3076,"skipped":0,"pct":18.35},"statements":{"total":17675,"covered":3175,"skipped":0,"pct":17.96},"functions":{"total":4523,"covered":436,"skipped":0,"pct":9.64},"branches":{"total":11358,"covered":1069,"skipped":0,"pct":9.41}}
,"/Users/jb092610/Desktop/LearningTechnologiesRepo/journey-builder-js/src/journey-builder-app/app.jsx": {"lines":{"total":28,"covered":0,"skipped":0,"pct":0},"functions":{"total":9,"covered":0,"skipped":0,"pct":0},"statements":{"total":28,"covered":0,"skipped":0,"pct":0},"branches":{"total":12,"covered":0,"skipped":0,"pct":0}}
,"/Users/jb092610/Desktop/LearningTechnologiesRepo/journey-builder-js/src/journey-builder-app/registration.js": {"lines":{"total":1,"covered":0,"skipped":0,"pct":0},"functions":{"total":0,"covered":0,"skipped":0,"pct":100},"statements":{"total":1,"covered":0,"skipped":0,"pct":0},"branches":{"total":0,"covered":0,"skipped":0,"pct":100}}
,"/Users/jb092610/Desktop/LearningTechnologiesRepo/journey-builder-js/src/journey-builder-app/Authentication/authenticate.jsx": {"lines":{"total":17,"covered":0,"skipped":0,"pct":0},"functions":{"total":9,"covered":0,"skipped":0,"pct":0},"statements":{"total":20,"covered":0,"skipped":0,"pct":0},"branches":{"total":4,"covered":0,"skipped":0,"pct":0}}
,"/Users/jb092610/Desktop/LearningTechnologiesRepo/journey-builder-js/src/journey-builder-app/Authentication/actions/authenticate_action_types.js": {"lines":{"total":4,"covered":4,"skipped":0,"pct":100},"functions":{"total":0,"covered":0,"skipped":0,"pct":100},"statements":{"total":4,"covered":4,"skipped":0,"pct":100},"branches":{"total":0,"covered":0,"skipped":0,"pct":100}}
,"/Users/jb092610/Desktop/LearningTechnologiesRepo/journey-builder-js/src/journey-builder-app/Authentication/actions/authenticate_actions.js": {"lines":{"total":5,"covered":1,"skipped":0,"pct":20},"functions":{"total":5,"covered":1,"skipped":0,"pct":20},"statements":{"total":6,"covered":2,"skipped":0,"pct":33.33},"branches":{"total":0,"covered":0,"skipped":0,"pct":100}}
,"/Users/jb092610/Desktop/LearningTechnologiesRepo/journey-builder-js/src/journey-builder-app/common-actions/common_action_types.js": {"lines":{"total":48,"covered":48,"skipped":0,"pct":100},"functions":{"total":0,"covered":0,"skipped":0,"pct":100},"statements":{"total":48,"covered":48,"skipped":0,"pct":100},"branches":{"total":0,"covered":0,"skipped":0,"pct":100}}
,"/Users/jb092610/Desktop/LearningTechnologiesRepo/journey-builder-js/src/journey-builder-app/common-actions/common_actions.js": {"lines":{"total":29,"covered":16,"skipped":0,"pct":55.17},"functions":{"total":29,"covered":16,"skipped":0,"pct":55.17},"statements":{"total":30,"covered":17,"skipped":0,"pct":56.67},"branches":{"total":1,"covered":1,"skipped":0,"pct":100}}
,"/Users/jb092610/Desktop/LearningTechnologiesRepo/journey-builder-js/src/journey-builder-app/core-components/footer/footer.jsx": {"lines":{"total":2,"covered":0,"skipped":0,"pct":0},"functions":{"total":1,"covered":0,"skipped":0,"pct":0},"statements":{"total":2,"covered":0,"skipped":0,"pct":0},"branches":{"total":0,"covered":0,"skipped":0,"pct":100}}
,"/Users/jb092610/Desktop/LearningTechnologiesRepo/journey-builder-js/src/journey-builder-app/core-components/hamburger_menu/Constants.js": {"lines":{"total":21,"covered":21,"skipped":0,"pct":100},"functions":{"total":0,"covered":0,"skipped":0,"pct":100},"statements":{"total":21,"covered":21,"skipped":0,"pct":100},"branches":{"total":0,"covered":0,"skipped":0,"pct":100}}
,"/Users/jb092610/Desktop/LearningTechnologiesRepo/journey-builder-js/src/journey-builder-app/core-components/hamburger_menu/UserDetails.jsx": {"lines":{"total":4,"covered":1,"skipped":0,"pct":25},"functions":{"total":2,"covered":0,"skipped":0,"pct":0},"statements":{"total":4,"covered":1,"skipped":0,"pct":25},"branches":{"total":0,"covered":0,"skipped":0,"pct":100}}
,"/Users/jb092610/Desktop/LearningTechnologiesRepo/journey-builder-js/src/journey-builder-app/core-components/hamburger_menu/UserModalContainer.jsx": {"lines":{"total":92,"covered":1,"skipped":0,"pct":1.09},"functions":{"total":15,"covered":0,"skipped":0,"pct":0},"statements":{"total":101,"covered":1,"skipped":0,"pct":0.99},"branches":{"total":80,"covered":0,"skipped":0,"pct":0}}
,"/Users/jb092610/Desktop/LearningTechnologiesRepo/journey-builder-js/src/journey-builder-app/core-components/hamburger_menu/hamburger_menu.jsx": {"lines":{"total":34,"covered":1,"skipped":0,"pct":2.94},"functions":{"total":11,"covered":0,"skipped":0,"pct":0},"statements":{"total":34,"covered":1,"skipped":0,"pct":2.94},"branches":{"total":24,"covered":0,"skipped":0,"pct":0}}
,"/Users/jb092610/Desktop/LearningTechnologiesRepo/journey-builder-js/src/journey-builder-app/core-components/header/header.jsx": {"lines":{"total":22,"covered":3,"skipped":0,"pct":13.64},"functions":{"total":9,"covered":0,"skipped":0,"pct":0},"statements":{"total":31,"covered":3,"skipped":0,"pct":9.68},"branches":{"total":16,"covered":0,"skipped":0,"pct":0}}
,"/Users/jb092610/Desktop/LearningTechnologiesRepo/journey-builder-js/src/journey-builder-app/core-components/loading/index.jsx": {"lines":{"total":2,"covered":1,"skipped":0,"pct":50},"functions":{"total":1,"covered":0,"skipped":0,"pct":0},"statements":{"total":2,"covered":1,"skipped":0,"pct":50},"branches":{"total":0,"covered":0,"skipped":0,"pct":100}}
,"/Users/jb092610/Desktop/LearningTechnologiesRepo/journey-builder-js/src/journey-builder-app/core-components/main/main.jsx": {"lines":{"total":4,"covered":1,"skipped":0,"pct":25},"functions":{"total":2,"covered":0,"skipped":0,"pct":0},"statements":{"total":4,"covered":1,"skipped":0,"pct":25},"branches":{"total":0,"covered":0,"skipped":0,"pct":100}}
,"/Users/jb092610/Desktop/LearningTechnologiesRepo/journey-builder-js/src/journey-builder-app/core-components/notifications-icon/index.jsx": {"lines":{"total":14,"covered":2,"skipped":0,"pct":14.29},"functions":{"total":6,"covered":0,"skipped":0,"pct":0},"statements":{"total":15,"covered":2,"skipped":0,"pct":13.33},"branches":{"total":9,"covered":0,"skipped":0,"pct":0}}
,"/Users/jb092610/Desktop/LearningTechnologiesRepo/journey-builder-js/src/journey-builder-app/core-components/notifications-icon/actions/notifications-icon-action-types.js": {"lines":{"total":2,"covered":2,"skipped":0,"pct":100},"functions":{"total":0,"covered":0,"skipped":0,"pct":100},"statements":{"total":2,"covered":2,"skipped":0,"pct":100},"branches":{"total":0,"covered":0,"skipped":0,"pct":100}}
,"/Users/jb092610/Desktop/LearningTechnologiesRepo/journey-builder-js/src/journey-builder-app/core-components/notifications-icon/actions/notifications-icon-actions.js": {"lines":{"total":2,"covered":1,"skipped":0,"pct":50},"functions":{"total":2,"covered":1,"skipped":0,"pct":50},"statements":{"total":3,"covered":2,"skipped":0,"pct":66.67},"branches":{"total":0,"covered":0,"skipped":0,"pct":100}}
,"/Users/jb092610/Desktop/LearningTechnologiesRepo/journey-builder-js/src/journey-builder-app/core-components/primary-navigator/primary_navigator.jsx": {"lines":{"total":3,"covered":0,"skipped":0,"pct":0},"functions":{"total":3,"covered":0,"skipped":0,"pct":0},"statements":{"total":3,"covered":0,"skipped":0,"pct":0},"branches":{"total":4,"covered":0,"skipped":0,"pct":0}}
,"/Users/jb092610/Desktop/LearningTechnologiesRepo/journey-builder-js/src/journey-builder-app/core-components/side-menu/side_menu.jsx": {"lines":{"total":5,"covered":0,"skipped":0,"pct":0},"functions":{"total":3,"covered":0,"skipped":0,"pct":0},"statements":{"total":5,"covered":0,"skipped":0,"pct":0},"branches":{"total":0,"covered":0,"skipped":0,"pct":100}}
,"/Users/jb092610/Desktop/LearningTechnologiesRepo/journey-builder-js/src/journey-builder-app/core-components/submodules-container/submodule_container.jsx": {"lines":{"total":10,"covered":0,"skipped":0,"pct":0},"functions":{"total":6,"covered":0,"skipped":0,"pct":0},"statements":{"total":14,"covered":0,"skipped":0,"pct":0},"branches":{"total":8,"covered":0,"skipped":0,"pct":0}}
,"/Users/jb092610/Desktop/LearningTechnologiesRepo/journey-builder-js/src/journey-builder-app/core-components/toolbar/toolbar.jsx": {"lines":{"total":4,"covered":2,"skipped":0,"pct":50},"functions":{"total":3,"covered":0,"skipped":0,"pct":0},"statements":{"total":5,"covered":2,"skipped":0,"pct":40},"branches":{"total":2,"covered":0,"skipped":0,"pct":0}}
,"/Users/jb092610/Desktop/LearningTechnologiesRepo/journey-builder-js/src/journey-builder-app/modules/admin-notifications/admin_notification_router.jsx": {"lines":{"total":1,"covered":0,"skipped":0,"pct":0},"functions":{"total":1,"covered":0,"skipped":0,"pct":0},"statements":{"total":1,"covered":0,"skipped":0,"pct":0},"branches":{"total":0,"covered":0,"skipped":0,"pct":100}}
,"/Users/jb092610/Desktop/LearningTechnologiesRepo/journey-builder-js/src/journey-builder-app/modules/admin-notifications/actions/admin_notification_action_types.js": {"lines":{"total":33,"covered":33,"skipped":0,"pct":100},"functions":{"total":0,"covered":0,"skipped":0,"pct":100},"statements":{"total":33,"covered":33,"skipped":0,"pct":100},"branches":{"total":0,"covered":0,"skipped":0,"pct":100}}
,"/Users/jb092610/Desktop/LearningTechnologiesRepo/journey-builder-js/src/journey-builder-app/modules/admin-notifications/actions/admin_notification_actions.js": {"lines":{"total":20,"covered":1,"skipped":0,"pct":5},"functions":{"total":20,"covered":1,"skipped":0,"pct":5},"statements":{"total":21,"covered":2,"skipped":0,"pct":9.52},"branches":{"total":0,"covered":0,"skipped":0,"pct":100}}
,"/Users/jb092610/Desktop/LearningTechnologiesRepo/journey-builder-js/src/journey-builder-app/modules/admin-notifications/helper/search_helper.js": {"lines":{"total":47,"covered":1,"skipped":0,"pct":2.13},"functions":{"total":12,"covered":0,"skipped":0,"pct":0},"statements":{"total":48,"covered":1,"skipped":0,"pct":2.08},"branches":{"total":10,"covered":0,"skipped":0,"pct":0}}
,"/Users/jb092610/Desktop/LearningTechnologiesRepo/journey-builder-js/src/journey-builder-app/modules/admin-notifications/pages/create_edit/edit_rich_text.jsx": {"lines":{"total":39,"covered":0,"skipped":0,"pct":0},"functions":{"total":12,"covered":0,"skipped":0,"pct":0},"statements":{"total":39,"covered":0,"skipped":0,"pct":0},"branches":{"total":27,"covered":0,"skipped":0,"pct":0}}
,"/Users/jb092610/Desktop/LearningTechnologiesRepo/journey-builder-js/src/journey-builder-app/modules/admin-notifications/pages/create_edit/notif_summary_editor.jsx": {"lines":{"total":25,"covered":1,"skipped":0,"pct":4},"functions":{"total":5,"covered":0,"skipped":0,"pct":0},"statements":{"total":25,"covered":1,"skipped":0,"pct":4},"branches":{"total":14,"covered":0,"skipped":0,"pct":0}}
,"/Users/jb092610/Desktop/LearningTechnologiesRepo/journey-builder-js/src/journey-builder-app/modules/admin-notifications/pages/create_edit/notification_details.jsx": {"lines":{"total":253,"covered":0,"skipped":0,"pct":0},"functions":{"total":114,"covered":0,"skipped":0,"pct":0},"statements":{"total":303,"covered":0,"skipped":0,"pct":0},"branches":{"total":226,"covered":0,"skipped":0,"pct":0}}
,"/Users/jb092610/Desktop/LearningTechnologiesRepo/journey-builder-js/src/journey-builder-app/modules/admin-notifications/pages/create_edit/notification_details_container.jsx": {"lines":{"total":16,"covered":0,"skipped":0,"pct":0},"functions":{"total":6,"covered":0,"skipped":0,"pct":0},"statements":{"total":17,"covered":0,"skipped":0,"pct":0},"branches":{"total":10,"covered":0,"skipped":0,"pct":0}}
,"/Users/jb092610/Desktop/LearningTechnologiesRepo/journey-builder-js/src/journey-builder-app/modules/admin-notifications/pages/create_edit/notification_settings.jsx": {"lines":{"total":33,"covered":0,"skipped":0,"pct":0},"functions":{"total":14,"covered":0,"skipped":0,"pct":0},"statements":{"total":40,"covered":0,"skipped":0,"pct":0},"branches":{"total":12,"covered":0,"skipped":0,"pct":0}}
,"/Users/jb092610/Desktop/LearningTechnologiesRepo/journey-builder-js/src/journey-builder-app/modules/admin-notifications/pages/create_edit/notification_settings_container.jsx": {"lines":{"total":1,"covered":0,"skipped":0,"pct":0},"functions":{"total":1,"covered":0,"skipped":0,"pct":0},"statements":{"total":1,"covered":0,"skipped":0,"pct":0},"branches":{"total":0,"covered":0,"skipped":0,"pct":100}}
,"/Users/jb092610/Desktop/LearningTechnologiesRepo/journey-builder-js/src/journey-builder-app/modules/admin-notifications/pages/create_edit/notifications_instructions_panel.jsx": {"lines":{"total":4,"covered":0,"skipped":0,"pct":0},"functions":{"total":2,"covered":0,"skipped":0,"pct":0},"statements":{"total":5,"covered":0,"skipped":0,"pct":0},"branches":{"total":4,"covered":0,"skipped":0,"pct":0}}
,"/Users/jb092610/Desktop/LearningTechnologiesRepo/journey-builder-js/src/journey-builder-app/modules/admin-notifications/pages/create_edit/notifications_summary_details.jsx": {"lines":{"total":6,"covered":1,"skipped":0,"pct":16.67},"functions":{"total":3,"covered":0,"skipped":0,"pct":0},"statements":{"total":6,"covered":1,"skipped":0,"pct":16.67},"branches":{"total":2,"covered":0,"skipped":0,"pct":0}}
,"/Users/jb092610/Desktop/LearningTechnologiesRepo/journey-builder-js/src/journey-builder-app/modules/admin-notifications/pages/create_edit/notifications_summary_details_container.jsx": {"lines":{"total":11,"covered":0,"skipped":0,"pct":0},"functions":{"total":4,"covered":0,"skipped":0,"pct":0},"statements":{"total":12,"covered":0,"skipped":0,"pct":0},"branches":{"total":6,"covered":0,"skipped":0,"pct":0}}
,"/Users/jb092610/Desktop/LearningTechnologiesRepo/journey-builder-js/src/journey-builder-app/modules/admin-notifications/pages/create_edit/publish_panel.jsx": {"lines":{"total":18,"covered":0,"skipped":0,"pct":0},"functions":{"total":8,"covered":0,"skipped":0,"pct":0},"statements":{"total":20,"covered":0,"skipped":0,"pct":0},"branches":{"total":32,"covered":0,"skipped":0,"pct":0}}
,"/Users/jb092610/Desktop/LearningTechnologiesRepo/journey-builder-js/src/journey-builder-app/modules/admin-notifications/pages/create_edit/subject_input_text.jsx": {"lines":{"total":34,"covered":0,"skipped":0,"pct":0},"functions":{"total":8,"covered":0,"skipped":0,"pct":0},"statements":{"total":34,"covered":0,"skipped":0,"pct":0},"branches":{"total":16,"covered":0,"skipped":0,"pct":0}}
,"/Users/jb092610/Desktop/LearningTechnologiesRepo/journey-builder-js/src/journey-builder-app/modules/admin-notifications/pages/home/notification_home_container.jsx": {"lines":{"total":40,"covered":0,"skipped":0,"pct":0},"functions":{"total":12,"covered":0,"skipped":0,"pct":0},"statements":{"total":45,"covered":0,"skipped":0,"pct":0},"branches":{"total":34,"covered":0,"skipped":0,"pct":0}}
,"/Users/jb092610/Desktop/LearningTechnologiesRepo/journey-builder-js/src/journey-builder-app/modules/admin-notifications/pages/home/notification_list.jsx": {"lines":{"total":60,"covered":0,"skipped":0,"pct":0},"functions":{"total":28,"covered":0,"skipped":0,"pct":0},"statements":{"total":62,"covered":0,"skipped":0,"pct":0},"branches":{"total":75,"covered":0,"skipped":0,"pct":0}}
,"/Users/jb092610/Desktop/LearningTechnologiesRepo/journey-builder-js/src/journey-builder-app/modules/admin-notifications/reducers/admin_notification_reducer.js": {"lines":{"total":127,"covered":32,"skipped":0,"pct":25.2},"functions":{"total":10,"covered":1,"skipped":0,"pct":10},"statements":{"total":127,"covered":32,"skipped":0,"pct":25.2},"branches":{"total":66,"covered":11,"skipped":0,"pct":16.67}}
,"/Users/jb092610/Desktop/LearningTechnologiesRepo/journey-builder-js/src/journey-builder-app/modules/admin-notifications/sagas/admin_notification_watcher_saga.js": {"lines":{"total":10,"covered":0,"skipped":0,"pct":0},"functions":{"total":1,"covered":0,"skipped":0,"pct":0},"statements":{"total":10,"covered":0,"skipped":0,"pct":0},"branches":{"total":0,"covered":0,"skipped":0,"pct":100}}
,"/Users/jb092610/Desktop/LearningTechnologiesRepo/journey-builder-js/src/journey-builder-app/modules/admin-notifications/sagas/admin_notification_worker_saga.js": {"lines":{"total":58,"covered":0,"skipped":0,"pct":0},"functions":{"total":13,"covered":0,"skipped":0,"pct":0},"statements":{"total":58,"covered":0,"skipped":0,"pct":0},"branches":{"total":0,"covered":0,"skipped":0,"pct":100}}
,"/Users/jb092610/Desktop/LearningTechnologiesRepo/journey-builder-js/src/journey-builder-app/modules/admin-notifications/services/admin_notification_services.js": {"lines":{"total":73,"covered":0,"skipped":0,"pct":0},"functions":{"total":31,"covered":0,"skipped":0,"pct":0},"statements":{"total":74,"covered":0,"skipped":0,"pct":0},"branches":{"total":20,"covered":0,"skipped":0,"pct":0}}
,"/Users/jb092610/Desktop/LearningTechnologiesRepo/journey-builder-js/src/journey-builder-app/modules/admin-notifications/utils/admin_notification_constants.js": {"lines":{"total":41,"covered":41,"skipped":0,"pct":100},"functions":{"total":0,"covered":0,"skipped":0,"pct":100},"statements":{"total":41,"covered":41,"skipped":0,"pct":100},"branches":{"total":0,"covered":0,"skipped":0,"pct":100}}
,"/Users/jb092610/Desktop/LearningTechnologiesRepo/journey-builder-js/src/journey-builder-app/modules/admin-notifications/utils/util.js": {"lines":{"total":11,"covered":0,"skipped":0,"pct":0},"functions":{"total":1,"covered":0,"skipped":0,"pct":0},"statements":{"total":11,"covered":0,"skipped":0,"pct":0},"branches":{"total":4,"covered":0,"skipped":0,"pct":0}}
,"/Users/jb092610/Desktop/LearningTechnologiesRepo/journey-builder-js/src/journey-builder-app/modules/instructor-dashboard/actions/instructor_action_types.js": {"lines":{"total":9,"covered":9,"skipped":0,"pct":100},"functions":{"total":0,"covered":0,"skipped":0,"pct":100},"statements":{"total":9,"covered":9,"skipped":0,"pct":100},"branches":{"total":0,"covered":0,"skipped":0,"pct":100}}
,"/Users/jb092610/Desktop/LearningTechnologiesRepo/journey-builder-js/src/journey-builder-app/modules/instructor-dashboard/actions/instructor_actions.js": {"lines":{"total":7,"covered":0,"skipped":0,"pct":0},"functions":{"total":7,"covered":0,"skipped":0,"pct":0},"statements":{"total":8,"covered":0,"skipped":0,"pct":0},"branches":{"total":0,"covered":0,"skipped":0,"pct":100}}
,"/Users/jb092610/Desktop/LearningTechnologiesRepo/journey-builder-js/src/journey-builder-app/modules/instructor-dashboard/container-components/instructor_container.jsx": {"lines":{"total":1,"covered":0,"skipped":0,"pct":0},"functions":{"total":1,"covered":0,"skipped":0,"pct":0},"statements":{"total":1,"covered":0,"skipped":0,"pct":0},"branches":{"total":0,"covered":0,"skipped":0,"pct":100}}
,"/Users/jb092610/Desktop/LearningTechnologiesRepo/journey-builder-js/src/journey-builder-app/modules/instructor-dashboard/container-components/instructor_details.jsx": {"lines":{"total":15,"covered":0,"skipped":0,"pct":0},"functions":{"total":6,"covered":0,"skipped":0,"pct":0},"statements":{"total":17,"covered":0,"skipped":0,"pct":0},"branches":{"total":10,"covered":0,"skipped":0,"pct":0}}
,"/Users/jb092610/Desktop/LearningTechnologiesRepo/journey-builder-js/src/journey-builder-app/modules/instructor-dashboard/container-components/instructor_roster.jsx": {"lines":{"total":11,"covered":0,"skipped":0,"pct":0},"functions":{"total":4,"covered":0,"skipped":0,"pct":0},"statements":{"total":13,"covered":0,"skipped":0,"pct":0},"branches":{"total":18,"covered":0,"skipped":0,"pct":0}}
,"/Users/jb092610/Desktop/LearningTechnologiesRepo/journey-builder-js/src/journey-builder-app/modules/instructor-dashboard/helper/search_helper.js": {"lines":{"total":67,"covered":0,"skipped":0,"pct":0},"functions":{"total":16,"covered":0,"skipped":0,"pct":0},"statements":{"total":67,"covered":0,"skipped":0,"pct":0},"branches":{"total":11,"covered":0,"skipped":0,"pct":0}}
,"/Users/jb092610/Desktop/LearningTechnologiesRepo/journey-builder-js/src/journey-builder-app/modules/instructor-dashboard/presentational-components/instructor_event_list.jsx": {"lines":{"total":102,"covered":0,"skipped":0,"pct":0},"functions":{"total":35,"covered":0,"skipped":0,"pct":0},"statements":{"total":104,"covered":0,"skipped":0,"pct":0},"branches":{"total":122,"covered":0,"skipped":0,"pct":0}}
,"/Users/jb092610/Desktop/LearningTechnologiesRepo/journey-builder-js/src/journey-builder-app/modules/instructor-dashboard/presentational-components/instructor_profile_details.jsx": {"lines":{"total":3,"covered":0,"skipped":0,"pct":0},"functions":{"total":1,"covered":0,"skipped":0,"pct":0},"statements":{"total":3,"covered":0,"skipped":0,"pct":0},"branches":{"total":2,"covered":0,"skipped":0,"pct":0}}
,"/Users/jb092610/Desktop/LearningTechnologiesRepo/journey-builder-js/src/journey-builder-app/modules/instructor-dashboard/presentational-components/instructor_roster_details_update.jsx": {"lines":{"total":27,"covered":0,"skipped":0,"pct":0},"functions":{"total":11,"covered":0,"skipped":0,"pct":0},"statements":{"total":31,"covered":0,"skipped":0,"pct":0},"branches":{"total":16,"covered":0,"skipped":0,"pct":0}}
,"/Users/jb092610/Desktop/LearningTechnologiesRepo/journey-builder-js/src/journey-builder-app/modules/journey-builder/journey_builder.jsx": {"lines":{"total":4,"covered":0,"skipped":0,"pct":0},"functions":{"total":3,"covered":0,"skipped":0,"pct":0},"statements":{"total":5,"covered":0,"skipped":0,"pct":0},"branches":{"total":2,"covered":0,"skipped":0,"pct":0}}
,"/Users/jb092610/Desktop/LearningTechnologiesRepo/journey-builder-js/src/journey-builder-app/modules/journey-builder/activities/registration.js": {"lines":{"total":1,"covered":0,"skipped":0,"pct":0},"functions":{"total":0,"covered":0,"skipped":0,"pct":100},"statements":{"total":1,"covered":0,"skipped":0,"pct":0},"branches":{"total":0,"covered":0,"skipped":0,"pct":100}}
,"/Users/jb092610/Desktop/LearningTechnologiesRepo/journey-builder-js/src/journey-builder-app/modules/journey-builder/activities/actions/activity_action_types.js": {"lines":{"total":38,"covered":38,"skipped":0,"pct":100},"functions":{"total":0,"covered":0,"skipped":0,"pct":100},"statements":{"total":38,"covered":38,"skipped":0,"pct":100},"branches":{"total":0,"covered":0,"skipped":0,"pct":100}}
,"/Users/jb092610/Desktop/LearningTechnologiesRepo/journey-builder-js/src/journey-builder-app/modules/journey-builder/activities/actions/activity_actions.js": {"lines":{"total":30,"covered":30,"skipped":0,"pct":100},"functions":{"total":30,"covered":0,"skipped":0,"pct":0},"statements":{"total":60,"covered":30,"skipped":0,"pct":50},"branches":{"total":0,"covered":0,"skipped":0,"pct":100}}
,"/Users/jb092610/Desktop/LearningTechnologiesRepo/journey-builder-js/src/journey-builder-app/modules/journey-builder/activities/container-components/activities_container.jsx": {"lines":{"total":2,"covered":0,"skipped":0,"pct":0},"functions":{"total":1,"covered":0,"skipped":0,"pct":0},"statements":{"total":2,"covered":0,"skipped":0,"pct":0},"branches":{"total":0,"covered":0,"skipped":0,"pct":100}}
,"/Users/jb092610/Desktop/LearningTechnologiesRepo/journey-builder-js/src/journey-builder-app/modules/journey-builder/activities/container-components/activity_application.jsx": {"lines":{"total":3,"covered":0,"skipped":0,"pct":0},"functions":{"total":1,"covered":0,"skipped":0,"pct":0},"statements":{"total":3,"covered":0,"skipped":0,"pct":0},"branches":{"total":0,"covered":0,"skipped":0,"pct":100}}
,"/Users/jb092610/Desktop/LearningTechnologiesRepo/journey-builder-js/src/journey-builder-app/modules/journey-builder/activities/container-components/activity_view.jsx": {"lines":{"total":2,"covered":0,"skipped":0,"pct":0},"functions":{"total":1,"covered":0,"skipped":0,"pct":0},"statements":{"total":2,"covered":0,"skipped":0,"pct":0},"branches":{"total":0,"covered":0,"skipped":0,"pct":100}}
,"/Users/jb092610/Desktop/LearningTechnologiesRepo/journey-builder-js/src/journey-builder-app/modules/journey-builder/activities/container-components/activity-pages/edit/edit_activity.jsx": {"lines":{"total":166,"covered":0,"skipped":0,"pct":0},"functions":{"total":68,"covered":0,"skipped":0,"pct":0},"statements":{"total":202,"covered":0,"skipped":0,"pct":0},"branches":{"total":113,"covered":0,"skipped":0,"pct":0}}
,"/Users/jb092610/Desktop/LearningTechnologiesRepo/journey-builder-js/src/journey-builder-app/modules/journey-builder/activities/container-components/activity-pages/edit/components/activity_details.jsx": {"lines":{"total":22,"covered":0,"skipped":0,"pct":0},"functions":{"total":9,"covered":0,"skipped":0,"pct":0},"statements":{"total":23,"covered":0,"skipped":0,"pct":0},"branches":{"total":27,"covered":0,"skipped":0,"pct":0}}
,"/Users/jb092610/Desktop/LearningTechnologiesRepo/journey-builder-js/src/journey-builder-app/modules/journey-builder/activities/container-components/activity-pages/edit/components/link_details.jsx": {"lines":{"total":17,"covered":0,"skipped":0,"pct":0},"functions":{"total":11,"covered":0,"skipped":0,"pct":0},"statements":{"total":19,"covered":0,"skipped":0,"pct":0},"branches":{"total":20,"covered":0,"skipped":0,"pct":0}}
,"/Users/jb092610/Desktop/LearningTechnologiesRepo/journey-builder-js/src/journey-builder-app/modules/journey-builder/activities/container-components/activity-pages/edit/components/publish.jsx": {"lines":{"total":219,"covered":0,"skipped":0,"pct":0},"functions":{"total":78,"covered":0,"skipped":0,"pct":0},"statements":{"total":252,"covered":0,"skipped":0,"pct":0},"branches":{"total":222,"covered":0,"skipped":0,"pct":0}}
,"/Users/jb092610/Desktop/LearningTechnologiesRepo/journey-builder-js/src/journey-builder-app/modules/journey-builder/activities/container-components/activity-pages/home/activity_home.jsx": {"lines":{"total":72,"covered":0,"skipped":0,"pct":0},"functions":{"total":21,"covered":0,"skipped":0,"pct":0},"statements":{"total":81,"covered":0,"skipped":0,"pct":0},"branches":{"total":49,"covered":0,"skipped":0,"pct":0}}
,"/Users/jb092610/Desktop/LearningTechnologiesRepo/journey-builder-js/src/journey-builder-app/modules/journey-builder/activities/container-components/activity-pages/home/components/activity_list.jsx": {"lines":{"total":39,"covered":0,"skipped":0,"pct":0},"functions":{"total":17,"covered":0,"skipped":0,"pct":0},"statements":{"total":42,"covered":0,"skipped":0,"pct":0},"branches":{"total":32,"covered":0,"skipped":0,"pct":0}}
,"/Users/jb092610/Desktop/LearningTechnologiesRepo/journey-builder-js/src/journey-builder-app/modules/journey-builder/activities/container-components/activity-pages/home/components/display_activity.jsx": {"lines":{"total":25,"covered":0,"skipped":0,"pct":0},"functions":{"total":17,"covered":0,"skipped":0,"pct":0},"statements":{"total":27,"covered":0,"skipped":0,"pct":0},"branches":{"total":22,"covered":0,"skipped":0,"pct":0}}
,"/Users/jb092610/Desktop/LearningTechnologiesRepo/journey-builder-js/src/journey-builder-app/modules/journey-builder/activities/container-components/activity-pages/home/components/duplicate_activity_container.jsx": {"lines":{"total":35,"covered":0,"skipped":0,"pct":0},"functions":{"total":9,"covered":0,"skipped":0,"pct":0},"statements":{"total":37,"covered":0,"skipped":0,"pct":0},"branches":{"total":15,"covered":0,"skipped":0,"pct":0}}
,"/Users/jb092610/Desktop/LearningTechnologiesRepo/journey-builder-js/src/journey-builder-app/modules/journey-builder/activities/container-components/activity-pages/home/components/duplicate_activity_input_field.jsx": {"lines":{"total":39,"covered":0,"skipped":0,"pct":0},"functions":{"total":8,"covered":0,"skipped":0,"pct":0},"statements":{"total":42,"covered":0,"skipped":0,"pct":0},"branches":{"total":16,"covered":0,"skipped":0,"pct":0}}
,"/Users/jb092610/Desktop/LearningTechnologiesRepo/journey-builder-js/src/journey-builder-app/modules/journey-builder/activities/container-components/activity-pages/home/components/import_activity_container.jsx": {"lines":{"total":46,"covered":0,"skipped":0,"pct":0},"functions":{"total":12,"covered":0,"skipped":0,"pct":0},"statements":{"total":48,"covered":0,"skipped":0,"pct":0},"branches":{"total":29,"covered":0,"skipped":0,"pct":0}}
,"/Users/jb092610/Desktop/LearningTechnologiesRepo/journey-builder-js/src/journey-builder-app/modules/journey-builder/activities/container-components/activity-pages/home/components/import_activity_modal.jsx": {"lines":{"total":12,"covered":0,"skipped":0,"pct":0},"functions":{"total":5,"covered":0,"skipped":0,"pct":0},"statements":{"total":14,"covered":0,"skipped":0,"pct":0},"branches":{"total":0,"covered":0,"skipped":0,"pct":100}}
,"/Users/jb092610/Desktop/LearningTechnologiesRepo/journey-builder-js/src/journey-builder-app/modules/journey-builder/activities/container-components/activity-pages/home/components/no_activities_found.jsx": {"lines":{"total":1,"covered":0,"skipped":0,"pct":0},"functions":{"total":1,"covered":0,"skipped":0,"pct":0},"statements":{"total":1,"covered":0,"skipped":0,"pct":0},"branches":{"total":2,"covered":0,"skipped":0,"pct":0}}
,"/Users/jb092610/Desktop/LearningTechnologiesRepo/journey-builder-js/src/journey-builder-app/modules/journey-builder/activities/container-components/activity-pages/home/components/no_activities_to_import.jsx": {"lines":{"total":3,"covered":0,"skipped":0,"pct":0},"functions":{"total":1,"covered":0,"skipped":0,"pct":0},"statements":{"total":3,"covered":0,"skipped":0,"pct":0},"branches":{"total":2,"covered":0,"skipped":0,"pct":0}}
,"/Users/jb092610/Desktop/LearningTechnologiesRepo/journey-builder-js/src/journey-builder-app/modules/journey-builder/activities/container-components/activity-pages/home/components/select_activity_type.jsx": {"lines":{"total":28,"covered":0,"skipped":0,"pct":0},"functions":{"total":3,"covered":0,"skipped":0,"pct":0},"statements":{"total":28,"covered":0,"skipped":0,"pct":0},"branches":{"total":11,"covered":0,"skipped":0,"pct":0}}
,"/Users/jb092610/Desktop/LearningTechnologiesRepo/journey-builder-js/src/journey-builder-app/modules/journey-builder/activities/container-components/activity-pages/preview/export_data_to_xlsx.jsx": {"lines":{"total":5,"covered":5,"skipped":0,"pct":100},"functions":{"total":1,"covered":1,"skipped":0,"pct":100},"statements":{"total":5,"covered":5,"skipped":0,"pct":100},"branches":{"total":0,"covered":0,"skipped":0,"pct":100}}
,"/Users/jb092610/Desktop/LearningTechnologiesRepo/journey-builder-js/src/journey-builder-app/modules/journey-builder/activities/container-components/activity-pages/preview/rubric_preview.jsx": {"lines":{"total":72,"covered":0,"skipped":0,"pct":0},"functions":{"total":12,"covered":0,"skipped":0,"pct":0},"statements":{"total":76,"covered":0,"skipped":0,"pct":0},"branches":{"total":22,"covered":0,"skipped":0,"pct":0}}
,"/Users/jb092610/Desktop/LearningTechnologiesRepo/journey-builder-js/src/journey-builder-app/modules/journey-builder/activities/container-components/activity-pages/upload/upload_new_activity.jsx": {"lines":{"total":74,"covered":0,"skipped":0,"pct":0},"functions":{"total":35,"covered":0,"skipped":0,"pct":0},"statements":{"total":91,"covered":0,"skipped":0,"pct":0},"branches":{"total":39,"covered":0,"skipped":0,"pct":0}}
,"/Users/jb092610/Desktop/LearningTechnologiesRepo/journey-builder-js/src/journey-builder-app/modules/journey-builder/activities/container-components/activity-pages/upload/components/activity_details.jsx": {"lines":{"total":12,"covered":0,"skipped":0,"pct":0},"functions":{"total":7,"covered":0,"skipped":0,"pct":0},"statements":{"total":13,"covered":0,"skipped":0,"pct":0},"branches":{"total":12,"covered":0,"skipped":0,"pct":0}}
,"/Users/jb092610/Desktop/LearningTechnologiesRepo/journey-builder-js/src/journey-builder-app/modules/journey-builder/activities/container-components/activity-pages/upload/components/link_details.jsx": {"lines":{"total":12,"covered":0,"skipped":0,"pct":0},"functions":{"total":9,"covered":0,"skipped":0,"pct":0},"statements":{"total":14,"covered":0,"skipped":0,"pct":0},"branches":{"total":8,"covered":0,"skipped":0,"pct":0}}
,"/Users/jb092610/Desktop/LearningTechnologiesRepo/journey-builder-js/src/journey-builder-app/modules/journey-builder/activities/container-components/activity-pages/upload/components/publish.jsx": {"lines":{"total":100,"covered":0,"skipped":0,"pct":0},"functions":{"total":21,"covered":0,"skipped":0,"pct":0},"statements":{"total":104,"covered":0,"skipped":0,"pct":0},"branches":{"total":126,"covered":0,"skipped":0,"pct":0}}
,"/Users/jb092610/Desktop/LearningTechnologiesRepo/journey-builder-js/src/journey-builder-app/modules/journey-builder/activities/container-components/activity-pages/upload/components/rubric_details.jsx": {"lines":{"total":203,"covered":0,"skipped":0,"pct":0},"functions":{"total":77,"covered":0,"skipped":0,"pct":0},"statements":{"total":218,"covered":0,"skipped":0,"pct":0},"branches":{"total":118,"covered":0,"skipped":0,"pct":0}}
,"/Users/jb092610/Desktop/LearningTechnologiesRepo/journey-builder-js/src/journey-builder-app/modules/journey-builder/activities/container-components/activity-pages/upload/components/survey_details.jsx": {"lines":{"total":16,"covered":0,"skipped":0,"pct":0},"functions":{"total":8,"covered":0,"skipped":0,"pct":0},"statements":{"total":17,"covered":0,"skipped":0,"pct":0},"branches":{"total":18,"covered":0,"skipped":0,"pct":0}}
,"/Users/jb092610/Desktop/LearningTechnologiesRepo/journey-builder-js/src/journey-builder-app/modules/journey-builder/activities/container-components/activity-pages/upload/components/survey_questions.jsx": {"lines":{"total":178,"covered":0,"skipped":0,"pct":0},"functions":{"total":59,"covered":0,"skipped":0,"pct":0},"statements":{"total":182,"covered":0,"skipped":0,"pct":0},"branches":{"total":123,"covered":0,"skipped":0,"pct":0}}
,"/Users/jb092610/Desktop/LearningTechnologiesRepo/journey-builder-js/src/journey-builder-app/modules/journey-builder/activities/container-components/activity-pages/upload/components/update_survey_valid_status.jsx": {"lines":{"total":4,"covered":0,"skipped":0,"pct":0},"functions":{"total":1,"covered":0,"skipped":0,"pct":0},"statements":{"total":4,"covered":0,"skipped":0,"pct":0},"branches":{"total":0,"covered":0,"skipped":0,"pct":100}}
,"/Users/jb092610/Desktop/LearningTechnologiesRepo/journey-builder-js/src/journey-builder-app/modules/journey-builder/activities/container-components/activity-pages/upload/components/react-dropzone/upload_UI.jsx": {"lines":{"total":23,"covered":0,"skipped":0,"pct":0},"functions":{"total":4,"covered":0,"skipped":0,"pct":0},"statements":{"total":24,"covered":0,"skipped":0,"pct":0},"branches":{"total":13,"covered":0,"skipped":0,"pct":0}}
,"/Users/jb092610/Desktop/LearningTechnologiesRepo/journey-builder-js/src/journey-builder-app/modules/journey-builder/activities/container-components/activity-pages/upload/components/react-dropzone/upload_logic.jsx": {"lines":{"total":91,"covered":0,"skipped":0,"pct":0},"functions":{"total":24,"covered":0,"skipped":0,"pct":0},"statements":{"total":101,"covered":0,"skipped":0,"pct":0},"branches":{"total":42,"covered":0,"skipped":0,"pct":0}}
,"/Users/jb092610/Desktop/LearningTechnologiesRepo/journey-builder-js/src/journey-builder-app/modules/journey-builder/activities/container-components/reusable-components/MetaData.jsx": {"lines":{"total":5,"covered":0,"skipped":0,"pct":0},"functions":{"total":2,"covered":0,"skipped":0,"pct":0},"statements":{"total":5,"covered":0,"skipped":0,"pct":0},"branches":{"total":0,"covered":0,"skipped":0,"pct":100}}
,"/Users/jb092610/Desktop/LearningTechnologiesRepo/journey-builder-js/src/journey-builder-app/modules/journey-builder/activities/container-components/reusable-components/estimated_duration.jsx": {"lines":{"total":51,"covered":0,"skipped":0,"pct":0},"functions":{"total":10,"covered":0,"skipped":0,"pct":0},"statements":{"total":55,"covered":0,"skipped":0,"pct":0},"branches":{"total":44,"covered":0,"skipped":0,"pct":0}}
,"/Users/jb092610/Desktop/LearningTechnologiesRepo/journey-builder-js/src/journey-builder-app/modules/journey-builder/activities/container-components/reusable-components/modals/cancel_modal.jsx": {"lines":{"total":7,"covered":0,"skipped":0,"pct":0},"functions":{"total":4,"covered":0,"skipped":0,"pct":0},"statements":{"total":7,"covered":0,"skipped":0,"pct":0},"branches":{"total":0,"covered":0,"skipped":0,"pct":100}}
,"/Users/jb092610/Desktop/LearningTechnologiesRepo/journey-builder-js/src/journey-builder-app/modules/journey-builder/activities/container-components/reusable-components/modals/delete_activity_failure_modal.jsx": {"lines":{"total":7,"covered":0,"skipped":0,"pct":0},"functions":{"total":3,"covered":0,"skipped":0,"pct":0},"statements":{"total":7,"covered":0,"skipped":0,"pct":0},"branches":{"total":0,"covered":0,"skipped":0,"pct":100}}
,"/Users/jb092610/Desktop/LearningTechnologiesRepo/journey-builder-js/src/journey-builder-app/modules/journey-builder/activities/container-components/reusable-components/modals/delete_activity_modal.jsx": {"lines":{"total":21,"covered":0,"skipped":0,"pct":0},"functions":{"total":6,"covered":0,"skipped":0,"pct":0},"statements":{"total":21,"covered":0,"skipped":0,"pct":0},"branches":{"total":6,"covered":0,"skipped":0,"pct":0}}
,"/Users/jb092610/Desktop/LearningTechnologiesRepo/journey-builder-js/src/journey-builder-app/modules/journey-builder/activities/container-components/reusable-components/modals/option_question_confirmation_modal.jsx": {"lines":{"total":9,"covered":0,"skipped":0,"pct":0},"functions":{"total":4,"covered":0,"skipped":0,"pct":0},"statements":{"total":9,"covered":0,"skipped":0,"pct":0},"branches":{"total":0,"covered":0,"skipped":0,"pct":100}}
,"/Users/jb092610/Desktop/LearningTechnologiesRepo/journey-builder-js/src/journey-builder-app/modules/journey-builder/activities/container-components/reusable-components/modals/view_details_modal.jsx": {"lines":{"total":14,"covered":0,"skipped":0,"pct":0},"functions":{"total":4,"covered":0,"skipped":0,"pct":0},"statements":{"total":14,"covered":0,"skipped":0,"pct":0},"branches":{"total":6,"covered":0,"skipped":0,"pct":0}}
,"/Users/jb092610/Desktop/LearningTechnologiesRepo/journey-builder-js/src/journey-builder-app/modules/journey-builder/activities/container-components/util/Constants.js": {"lines":{"total":147,"covered":147,"skipped":0,"pct":100},"functions":{"total":0,"covered":0,"skipped":0,"pct":100},"statements":{"total":147,"covered":147,"skipped":0,"pct":100},"branches":{"total":0,"covered":0,"skipped":0,"pct":100}}
,"/Users/jb092610/Desktop/LearningTechnologiesRepo/journey-builder-js/src/journey-builder-app/modules/journey-builder/activities/container-components/util/activity_route_provider.jsx": {"lines":{"total":3,"covered":0,"skipped":0,"pct":0},"functions":{"total":3,"covered":0,"skipped":0,"pct":0},"statements":{"total":4,"covered":0,"skipped":0,"pct":0},"branches":{"total":6,"covered":0,"skipped":0,"pct":0}}
,"/Users/jb092610/Desktop/LearningTechnologiesRepo/journey-builder-js/src/journey-builder-app/modules/journey-builder/activities/container-components/util/activity_util.jsx": {"lines":{"total":50,"covered":11,"skipped":0,"pct":22},"functions":{"total":7,"covered":2,"skipped":0,"pct":28.57},"statements":{"total":52,"covered":12,"skipped":0,"pct":23.08},"branches":{"total":51,"covered":10,"skipped":0,"pct":19.61}}
,"/Users/jb092610/Desktop/LearningTechnologiesRepo/journey-builder-js/src/journey-builder-app/modules/journey-builder/activities/helper/search_helper.js": {"lines":{"total":13,"covered":0,"skipped":0,"pct":0},"functions":{"total":4,"covered":0,"skipped":0,"pct":0},"statements":{"total":13,"covered":0,"skipped":0,"pct":0},"branches":{"total":2,"covered":0,"skipped":0,"pct":0}}
,"/Users/jb092610/Desktop/LearningTechnologiesRepo/journey-builder-js/src/journey-builder-app/modules/journey-builder/events/actions/event_action_types.js": {"lines":{"total":58,"covered":58,"skipped":0,"pct":100},"functions":{"total":0,"covered":0,"skipped":0,"pct":100},"statements":{"total":58,"covered":58,"skipped":0,"pct":100},"branches":{"total":0,"covered":0,"skipped":0,"pct":100}}
,"/Users/jb092610/Desktop/LearningTechnologiesRepo/journey-builder-js/src/journey-builder-app/modules/journey-builder/events/actions/event_actions.js": {"lines":{"total":35,"covered":30,"skipped":0,"pct":85.71},"functions":{"total":35,"covered":30,"skipped":0,"pct":85.71},"statements":{"total":36,"covered":31,"skipped":0,"pct":86.11},"branches":{"total":0,"covered":0,"skipped":0,"pct":100}}
,"/Users/jb092610/Desktop/LearningTechnologiesRepo/journey-builder-js/src/journey-builder-app/modules/journey-builder/events/actions/session_action_types.js": {"lines":{"total":84,"covered":84,"skipped":0,"pct":100},"functions":{"total":0,"covered":0,"skipped":0,"pct":100},"statements":{"total":84,"covered":84,"skipped":0,"pct":100},"branches":{"total":0,"covered":0,"skipped":0,"pct":100}}
,"/Users/jb092610/Desktop/LearningTechnologiesRepo/journey-builder-js/src/journey-builder-app/modules/journey-builder/events/actions/session_actions.js": {"lines":{"total":72,"covered":29,"skipped":0,"pct":40.28},"functions":{"total":72,"covered":29,"skipped":0,"pct":40.28},"statements":{"total":73,"covered":30,"skipped":0,"pct":41.1},"branches":{"total":0,"covered":0,"skipped":0,"pct":100}}
,"/Users/jb092610/Desktop/LearningTechnologiesRepo/journey-builder-js/src/journey-builder-app/modules/journey-builder/events/container-components/add_session_container.jsx": {"lines":{"total":16,"covered":0,"skipped":0,"pct":0},"functions":{"total":6,"covered":0,"skipped":0,"pct":0},"statements":{"total":18,"covered":0,"skipped":0,"pct":0},"branches":{"total":14,"covered":0,"skipped":0,"pct":0}}
,"/Users/jb092610/Desktop/LearningTechnologiesRepo/journey-builder-js/src/journey-builder-app/modules/journey-builder/events/container-components/event_route_provider.jsx": {"lines":{"total":2,"covered":0,"skipped":0,"pct":0},"functions":{"total":2,"covered":0,"skipped":0,"pct":0},"statements":{"total":2,"covered":0,"skipped":0,"pct":0},"branches":{"total":0,"covered":0,"skipped":0,"pct":100}}
,"/Users/jb092610/Desktop/LearningTechnologiesRepo/journey-builder-js/src/journey-builder-app/modules/journey-builder/events/container-components/event_view.jsx": {"lines":{"total":2,"covered":0,"skipped":0,"pct":0},"functions":{"total":1,"covered":0,"skipped":0,"pct":0},"statements":{"total":2,"covered":0,"skipped":0,"pct":0},"branches":{"total":0,"covered":0,"skipped":0,"pct":100}}
,"/Users/jb092610/Desktop/LearningTechnologiesRepo/journey-builder-js/src/journey-builder-app/modules/journey-builder/events/container-components/events_container.jsx": {"lines":{"total":2,"covered":0,"skipped":0,"pct":0},"functions":{"total":1,"covered":0,"skipped":0,"pct":0},"statements":{"total":2,"covered":0,"skipped":0,"pct":0},"branches":{"total":0,"covered":0,"skipped":0,"pct":100}}
,"/Users/jb092610/Desktop/LearningTechnologiesRepo/journey-builder-js/src/journey-builder-app/modules/journey-builder/events/container-components/create_edit/create_event.jsx": {"lines":{"total":62,"covered":0,"skipped":0,"pct":0},"functions":{"total":25,"covered":0,"skipped":0,"pct":0},"statements":{"total":66,"covered":0,"skipped":0,"pct":0},"branches":{"total":85,"covered":0,"skipped":0,"pct":0}}
,"/Users/jb092610/Desktop/LearningTechnologiesRepo/journey-builder-js/src/journey-builder-app/modules/journey-builder/events/container-components/create_edit/edit_event.jsx": {"lines":{"total":105,"covered":0,"skipped":0,"pct":0},"functions":{"total":28,"covered":0,"skipped":0,"pct":0},"statements":{"total":107,"covered":0,"skipped":0,"pct":0},"branches":{"total":164,"covered":0,"skipped":0,"pct":0}}
,"/Users/jb092610/Desktop/LearningTechnologiesRepo/journey-builder-js/src/journey-builder-app/modules/journey-builder/events/container-components/home/event_home_view.jsx": {"lines":{"total":40,"covered":0,"skipped":0,"pct":0},"functions":{"total":10,"covered":0,"skipped":0,"pct":0},"statements":{"total":42,"covered":0,"skipped":0,"pct":0},"branches":{"total":34,"covered":0,"skipped":0,"pct":0}}
,"/Users/jb092610/Desktop/LearningTechnologiesRepo/journey-builder-js/src/journey-builder-app/modules/journey-builder/events/container-components/home/no_event_data.jsx": {"lines":{"total":1,"covered":0,"skipped":0,"pct":0},"functions":{"total":1,"covered":0,"skipped":0,"pct":0},"statements":{"total":1,"covered":0,"skipped":0,"pct":0},"branches":{"total":4,"covered":0,"skipped":0,"pct":0}}
,"/Users/jb092610/Desktop/LearningTechnologiesRepo/journey-builder-js/src/journey-builder-app/modules/journey-builder/events/container-components/home/no_session_data.jsx": {"lines":{"total":1,"covered":0,"skipped":0,"pct":0},"functions":{"total":1,"covered":0,"skipped":0,"pct":0},"statements":{"total":1,"covered":0,"skipped":0,"pct":0},"branches":{"total":2,"covered":0,"skipped":0,"pct":0}}
,"/Users/jb092610/Desktop/LearningTechnologiesRepo/journey-builder-js/src/journey-builder-app/modules/journey-builder/events/container-components/utils/event_constants.js": {"lines":{"total":33,"covered":33,"skipped":0,"pct":100},"functions":{"total":2,"covered":0,"skipped":0,"pct":0},"statements":{"total":35,"covered":33,"skipped":0,"pct":94.29},"branches":{"total":0,"covered":0,"skipped":0,"pct":100}}
,"/Users/jb092610/Desktop/LearningTechnologiesRepo/journey-builder-js/src/journey-builder-app/modules/journey-builder/events/container-components/utils/event_util.jsx": {"lines":{"total":16,"covered":1,"skipped":0,"pct":6.25},"functions":{"total":1,"covered":0,"skipped":0,"pct":0},"statements":{"total":16,"covered":1,"skipped":0,"pct":6.25},"branches":{"total":12,"covered":0,"skipped":0,"pct":0}}
,"/Users/jb092610/Desktop/LearningTechnologiesRepo/journey-builder-js/src/journey-builder-app/modules/journey-builder/events/container-components/utils/no_instructor_data.jsx": {"lines":{"total":1,"covered":0,"skipped":0,"pct":0},"functions":{"total":1,"covered":0,"skipped":0,"pct":0},"statements":{"total":1,"covered":0,"skipped":0,"pct":0},"branches":{"total":2,"covered":0,"skipped":0,"pct":0}}
,"/Users/jb092610/Desktop/LearningTechnologiesRepo/journey-builder-js/src/journey-builder-app/modules/journey-builder/events/container-components/utils/session_constants.js": {"lines":{"total":10,"covered":10,"skipped":0,"pct":100},"functions":{"total":0,"covered":0,"skipped":0,"pct":100},"statements":{"total":10,"covered":10,"skipped":0,"pct":100},"branches":{"total":0,"covered":0,"skipped":0,"pct":100}}
,"/Users/jb092610/Desktop/LearningTechnologiesRepo/journey-builder-js/src/journey-builder-app/modules/journey-builder/events/container-components/utils/wiki_links.js": {"lines":{"total":2,"covered":2,"skipped":0,"pct":100},"functions":{"total":0,"covered":0,"skipped":0,"pct":100},"statements":{"total":2,"covered":2,"skipped":0,"pct":100},"branches":{"total":0,"covered":0,"skipped":0,"pct":100}}
,"/Users/jb092610/Desktop/LearningTechnologiesRepo/journey-builder-js/src/journey-builder-app/modules/journey-builder/events/helper/search_helper.js": {"lines":{"total":13,"covered":3,"skipped":0,"pct":23.08},"functions":{"total":4,"covered":1,"skipped":0,"pct":25},"statements":{"total":13,"covered":3,"skipped":0,"pct":23.08},"branches":{"total":2,"covered":0,"skipped":0,"pct":0}}
,"/Users/jb092610/Desktop/LearningTechnologiesRepo/journey-builder-js/src/journey-builder-app/modules/journey-builder/events/modals/roster_competency_modal.jsx": {"lines":{"total":7,"covered":5,"skipped":0,"pct":71.43},"functions":{"total":3,"covered":1,"skipped":0,"pct":33.33},"statements":{"total":7,"covered":5,"skipped":0,"pct":71.43},"branches":{"total":6,"covered":3,"skipped":0,"pct":50}}
,"/Users/jb092610/Desktop/LearningTechnologiesRepo/journey-builder-js/src/journey-builder-app/modules/journey-builder/events/presentational-components/add_location_details.jsx": {"lines":{"total":159,"covered":0,"skipped":0,"pct":0},"functions":{"total":34,"covered":0,"skipped":0,"pct":0},"statements":{"total":162,"covered":0,"skipped":0,"pct":0},"branches":{"total":350,"covered":0,"skipped":0,"pct":0}}
,"/Users/jb092610/Desktop/LearningTechnologiesRepo/journey-builder-js/src/journey-builder-app/modules/journey-builder/events/presentational-components/add_session_details.jsx": {"lines":{"total":44,"covered":0,"skipped":0,"pct":0},"functions":{"total":9,"covered":0,"skipped":0,"pct":0},"statements":{"total":46,"covered":0,"skipped":0,"pct":0},"branches":{"total":52,"covered":0,"skipped":0,"pct":0}}
,"/Users/jb092610/Desktop/LearningTechnologiesRepo/journey-builder-js/src/journey-builder-app/modules/journey-builder/events/presentational-components/add_session_instructor.jsx": {"lines":{"total":67,"covered":0,"skipped":0,"pct":0},"functions":{"total":15,"covered":0,"skipped":0,"pct":0},"statements":{"total":70,"covered":0,"skipped":0,"pct":0},"branches":{"total":52,"covered":0,"skipped":0,"pct":0}}
,"/Users/jb092610/Desktop/LearningTechnologiesRepo/journey-builder-js/src/journey-builder-app/modules/journey-builder/events/presentational-components/event_list.jsx": {"lines":{"total":33,"covered":19,"skipped":0,"pct":57.58},"functions":{"total":20,"covered":8,"skipped":0,"pct":40},"statements":{"total":36,"covered":21,"skipped":0,"pct":58.33},"branches":{"total":34,"covered":14,"skipped":0,"pct":41.18}}
,"/Users/jb092610/Desktop/LearningTechnologiesRepo/journey-builder-js/src/journey-builder-app/modules/journey-builder/events/presentational-components/prerequisite.jsx": {"lines":{"total":35,"covered":0,"skipped":0,"pct":0},"functions":{"total":15,"covered":0,"skipped":0,"pct":0},"statements":{"total":37,"covered":0,"skipped":0,"pct":0},"branches":{"total":29,"covered":0,"skipped":0,"pct":0}}
,"/Users/jb092610/Desktop/LearningTechnologiesRepo/journey-builder-js/src/journey-builder-app/modules/journey-builder/events/presentational-components/publish_event.jsx": {"lines":{"total":60,"covered":0,"skipped":0,"pct":0},"functions":{"total":10,"covered":0,"skipped":0,"pct":0},"statements":{"total":63,"covered":0,"skipped":0,"pct":0},"branches":{"total":83,"covered":0,"skipped":0,"pct":0}}
,"/Users/jb092610/Desktop/LearningTechnologiesRepo/journey-builder-js/src/journey-builder-app/modules/journey-builder/events/presentational-components/roaster_table.jsx": {"lines":{"total":140,"covered":48,"skipped":0,"pct":34.29},"functions":{"total":45,"covered":16,"skipped":0,"pct":35.56},"statements":{"total":142,"covered":50,"skipped":0,"pct":35.21},"branches":{"total":195,"covered":62,"skipped":0,"pct":31.79}}
,"/Users/jb092610/Desktop/LearningTechnologiesRepo/journey-builder-js/src/journey-builder-app/modules/journey-builder/events/presentational-components/roster_competency_details.jsx": {"lines":{"total":217,"covered":65,"skipped":0,"pct":29.95},"functions":{"total":51,"covered":8,"skipped":0,"pct":15.69},"statements":{"total":228,"covered":69,"skipped":0,"pct":30.26},"branches":{"total":170,"covered":46,"skipped":0,"pct":27.06}}
,"/Users/jb092610/Desktop/LearningTechnologiesRepo/journey-builder-js/src/journey-builder-app/modules/journey-builder/events/presentational-components/schedule_session.jsx": {"lines":{"total":120,"covered":52,"skipped":0,"pct":43.33},"functions":{"total":26,"covered":13,"skipped":0,"pct":50},"statements":{"total":123,"covered":55,"skipped":0,"pct":44.72},"branches":{"total":190,"covered":69,"skipped":0,"pct":36.32}}
,"/Users/jb092610/Desktop/LearningTechnologiesRepo/journey-builder-js/src/journey-builder-app/modules/journey-builder/events/presentational-components/session.jsx": {"lines":{"total":44,"covered":28,"skipped":0,"pct":63.64},"functions":{"total":18,"covered":13,"skipped":0,"pct":72.22},"statements":{"total":47,"covered":31,"skipped":0,"pct":65.96},"branches":{"total":24,"covered":16,"skipped":0,"pct":66.67}}
,"/Users/jb092610/Desktop/LearningTechnologiesRepo/journey-builder-js/src/journey-builder-app/modules/journey-builder/events/presentational-components/session_roster.jsx": {"lines":{"total":105,"covered":32,"skipped":0,"pct":30.48},"functions":{"total":21,"covered":7,"skipped":0,"pct":33.33},"statements":{"total":108,"covered":34,"skipped":0,"pct":31.48},"branches":{"total":142,"covered":32,"skipped":0,"pct":22.54}}
,"/Users/jb092610/Desktop/LearningTechnologiesRepo/journey-builder-js/src/journey-builder-app/modules/journey-builder/events/presentational-components/update_roaster_modal.jsx": {"lines":{"total":14,"covered":1,"skipped":0,"pct":7.14},"functions":{"total":6,"covered":0,"skipped":0,"pct":0},"statements":{"total":14,"covered":1,"skipped":0,"pct":7.14},"branches":{"total":24,"covered":0,"skipped":0,"pct":0}}
,"/Users/jb092610/Desktop/LearningTechnologiesRepo/journey-builder-js/src/journey-builder-app/modules/journey-builder/events/presentational-components/reusable-components/add_activity.jsx": {"lines":{"total":66,"covered":0,"skipped":0,"pct":0},"functions":{"total":15,"covered":0,"skipped":0,"pct":0},"statements":{"total":72,"covered":0,"skipped":0,"pct":0},"branches":{"total":33,"covered":0,"skipped":0,"pct":0}}
,"/Users/jb092610/Desktop/LearningTechnologiesRepo/journey-builder-js/src/journey-builder-app/modules/journey-builder/events/presentational-components/reusable-components/competency_rubric_submit_modal.jsx": {"lines":{"total":16,"covered":8,"skipped":0,"pct":50},"functions":{"total":5,"covered":1,"skipped":0,"pct":20},"statements":{"total":16,"covered":8,"skipped":0,"pct":50},"branches":{"total":4,"covered":1,"skipped":0,"pct":25}}
,"/Users/jb092610/Desktop/LearningTechnologiesRepo/journey-builder-js/src/journey-builder-app/modules/journey-builder/events/presentational-components/reusable-components/import_session.jsx": {"lines":{"total":44,"covered":0,"skipped":0,"pct":0},"functions":{"total":16,"covered":0,"skipped":0,"pct":0},"statements":{"total":47,"covered":0,"skipped":0,"pct":0},"branches":{"total":107,"covered":0,"skipped":0,"pct":0}}
,"/Users/jb092610/Desktop/LearningTechnologiesRepo/journey-builder-js/src/journey-builder-app/modules/journey-builder/files/container-components/files_container.jsx": {"lines":{"total":2,"covered":0,"skipped":0,"pct":0},"functions":{"total":2,"covered":0,"skipped":0,"pct":0},"statements":{"total":2,"covered":0,"skipped":0,"pct":0},"branches":{"total":0,"covered":0,"skipped":0,"pct":100}}
,"/Users/jb092610/Desktop/LearningTechnologiesRepo/journey-builder-js/src/journey-builder-app/modules/journey-builder/journeys/actions/journey_action_types.js": {"lines":{"total":45,"covered":45,"skipped":0,"pct":100},"functions":{"total":0,"covered":0,"skipped":0,"pct":100},"statements":{"total":45,"covered":45,"skipped":0,"pct":100},"branches":{"total":0,"covered":0,"skipped":0,"pct":100}}
,"/Users/jb092610/Desktop/LearningTechnologiesRepo/journey-builder-js/src/journey-builder-app/modules/journey-builder/journeys/actions/journey_actions.js": {"lines":{"total":32,"covered":1,"skipped":0,"pct":3.13},"functions":{"total":32,"covered":1,"skipped":0,"pct":3.13},"statements":{"total":33,"covered":2,"skipped":0,"pct":6.06},"branches":{"total":0,"covered":0,"skipped":0,"pct":100}}
,"/Users/jb092610/Desktop/LearningTechnologiesRepo/journey-builder-js/src/journey-builder-app/modules/journey-builder/journeys/actions/resources_action_types.js": {"lines":{"total":6,"covered":0,"skipped":0,"pct":0},"functions":{"total":0,"covered":0,"skipped":0,"pct":100},"statements":{"total":6,"covered":0,"skipped":0,"pct":0},"branches":{"total":0,"covered":0,"skipped":0,"pct":100}}
,"/Users/jb092610/Desktop/LearningTechnologiesRepo/journey-builder-js/src/journey-builder-app/modules/journey-builder/journeys/actions/resources_actions.js": {"lines":{"total":6,"covered":0,"skipped":0,"pct":0},"functions":{"total":6,"covered":0,"skipped":0,"pct":0},"statements":{"total":12,"covered":0,"skipped":0,"pct":0},"branches":{"total":0,"covered":0,"skipped":0,"pct":100}}
,"/Users/jb092610/Desktop/LearningTechnologiesRepo/journey-builder-js/src/journey-builder-app/modules/journey-builder/journeys/actions/stage_action_types.js": {"lines":{"total":21,"covered":21,"skipped":0,"pct":100},"functions":{"total":0,"covered":0,"skipped":0,"pct":100},"statements":{"total":21,"covered":21,"skipped":0,"pct":100},"branches":{"total":0,"covered":0,"skipped":0,"pct":100}}
,"/Users/jb092610/Desktop/LearningTechnologiesRepo/journey-builder-js/src/journey-builder-app/modules/journey-builder/journeys/actions/stage_actions.js": {"lines":{"total":23,"covered":23,"skipped":0,"pct":100},"functions":{"total":20,"covered":20,"skipped":0,"pct":100},"statements":{"total":40,"covered":40,"skipped":0,"pct":100},"branches":{"total":0,"covered":0,"skipped":0,"pct":100}}
,"/Users/jb092610/Desktop/LearningTechnologiesRepo/journey-builder-js/src/journey-builder-app/modules/journey-builder/journeys/container-components/journey_container.jsx": {"lines":{"total":2,"covered":0,"skipped":0,"pct":0},"functions":{"total":1,"covered":0,"skipped":0,"pct":0},"statements":{"total":2,"covered":0,"skipped":0,"pct":0},"branches":{"total":0,"covered":0,"skipped":0,"pct":100}}
,"/Users/jb092610/Desktop/LearningTechnologiesRepo/journey-builder-js/src/journey-builder-app/modules/journey-builder/journeys/container-components/journey_route_provider.jsx": {"lines":{"total":2,"covered":0,"skipped":0,"pct":0},"functions":{"total":2,"covered":0,"skipped":0,"pct":0},"statements":{"total":2,"covered":0,"skipped":0,"pct":0},"branches":{"total":0,"covered":0,"skipped":0,"pct":100}}
,"/Users/jb092610/Desktop/LearningTechnologiesRepo/journey-builder-js/src/journey-builder-app/modules/journey-builder/journeys/container-components/journey_view.jsx": {"lines":{"total":2,"covered":0,"skipped":0,"pct":0},"functions":{"total":1,"covered":0,"skipped":0,"pct":0},"statements":{"total":2,"covered":0,"skipped":0,"pct":0},"branches":{"total":0,"covered":0,"skipped":0,"pct":100}}
,"/Users/jb092610/Desktop/LearningTechnologiesRepo/journey-builder-js/src/journey-builder-app/modules/journey-builder/journeys/container-components/Utils/Constants.js": {"lines":{"total":228,"covered":224,"skipped":0,"pct":98.25},"functions":{"total":1,"covered":0,"skipped":0,"pct":0},"statements":{"total":229,"covered":224,"skipped":0,"pct":97.82},"branches":{"total":2,"covered":0,"skipped":0,"pct":0}}
,"/Users/jb092610/Desktop/LearningTechnologiesRepo/journey-builder-js/src/journey-builder-app/modules/journey-builder/journeys/container-components/Utils/journey_util.jsx": {"lines":{"total":48,"covered":0,"skipped":0,"pct":0},"functions":{"total":6,"covered":0,"skipped":0,"pct":0},"statements":{"total":49,"covered":0,"skipped":0,"pct":0},"branches":{"total":30,"covered":0,"skipped":0,"pct":0}}
,"/Users/jb092610/Desktop/LearningTechnologiesRepo/journey-builder-js/src/journey-builder-app/modules/journey-builder/journeys/container-components/create_edit/copy_journey.jsx": {"lines":{"total":44,"covered":0,"skipped":0,"pct":0},"functions":{"total":18,"covered":0,"skipped":0,"pct":0},"statements":{"total":48,"covered":0,"skipped":0,"pct":0},"branches":{"total":19,"covered":0,"skipped":0,"pct":0}}
,"/Users/jb092610/Desktop/LearningTechnologiesRepo/journey-builder-js/src/journey-builder-app/modules/journey-builder/journeys/container-components/create_edit/create_journey.jsx": {"lines":{"total":1,"covered":0,"skipped":0,"pct":0},"functions":{"total":1,"covered":0,"skipped":0,"pct":0},"statements":{"total":1,"covered":0,"skipped":0,"pct":0},"branches":{"total":0,"covered":0,"skipped":0,"pct":100}}
,"/Users/jb092610/Desktop/LearningTechnologiesRepo/journey-builder-js/src/journey-builder-app/modules/journey-builder/journeys/container-components/create_edit/edit_journey.jsx": {"lines":{"total":45,"covered":0,"skipped":0,"pct":0},"functions":{"total":18,"covered":0,"skipped":0,"pct":0},"statements":{"total":49,"covered":0,"skipped":0,"pct":0},"branches":{"total":21,"covered":0,"skipped":0,"pct":0}}
,"/Users/jb092610/Desktop/LearningTechnologiesRepo/journey-builder-js/src/journey-builder-app/modules/journey-builder/journeys/container-components/create_edit/journey_details.jsx": {"lines":{"total":203,"covered":0,"skipped":0,"pct":0},"functions":{"total":95,"covered":0,"skipped":0,"pct":0},"statements":{"total":225,"covered":0,"skipped":0,"pct":0},"branches":{"total":170,"covered":0,"skipped":0,"pct":0}}
,"/Users/jb092610/Desktop/LearningTechnologiesRepo/journey-builder-js/src/journey-builder-app/modules/journey-builder/journeys/container-components/create_edit/journey_details_version.jsx": {"lines":{"total":8,"covered":0,"skipped":0,"pct":0},"functions":{"total":5,"covered":0,"skipped":0,"pct":0},"statements":{"total":9,"covered":0,"skipped":0,"pct":0},"branches":{"total":4,"covered":0,"skipped":0,"pct":0}}
,"/Users/jb092610/Desktop/LearningTechnologiesRepo/journey-builder-js/src/journey-builder-app/modules/journey-builder/journeys/container-components/create_edit/publish_journey.jsx": {"lines":{"total":455,"covered":0,"skipped":0,"pct":0},"functions":{"total":99,"covered":0,"skipped":0,"pct":0},"statements":{"total":492,"covered":0,"skipped":0,"pct":0},"branches":{"total":452,"covered":0,"skipped":0,"pct":0}}
,"/Users/jb092610/Desktop/LearningTechnologiesRepo/journey-builder-js/src/journey-builder-app/modules/journey-builder/journeys/container-components/home/activate_journey_modal.jsx": {"lines":{"total":15,"covered":0,"skipped":0,"pct":0},"functions":{"total":5,"covered":0,"skipped":0,"pct":0},"statements":{"total":16,"covered":0,"skipped":0,"pct":0},"branches":{"total":12,"covered":0,"skipped":0,"pct":0}}
,"/Users/jb092610/Desktop/LearningTechnologiesRepo/journey-builder-js/src/journey-builder-app/modules/journey-builder/journeys/container-components/home/duplicate_activity_container.jsx": {"lines":{"total":60,"covered":0,"skipped":0,"pct":0},"functions":{"total":17,"covered":0,"skipped":0,"pct":0},"statements":{"total":64,"covered":0,"skipped":0,"pct":0},"branches":{"total":37,"covered":0,"skipped":0,"pct":0}}
,"/Users/jb092610/Desktop/LearningTechnologiesRepo/journey-builder-js/src/journey-builder-app/modules/journey-builder/journeys/container-components/home/duplicate_activity_radio_field.jsx": {"lines":{"total":28,"covered":0,"skipped":0,"pct":0},"functions":{"total":7,"covered":0,"skipped":0,"pct":0},"statements":{"total":30,"covered":0,"skipped":0,"pct":0},"branches":{"total":13,"covered":0,"skipped":0,"pct":0}}
,"/Users/jb092610/Desktop/LearningTechnologiesRepo/journey-builder-js/src/journey-builder-app/modules/journey-builder/journeys/container-components/home/duplicate_journey_container.jsx": {"lines":{"total":40,"covered":0,"skipped":0,"pct":0},"functions":{"total":10,"covered":0,"skipped":0,"pct":0},"statements":{"total":42,"covered":0,"skipped":0,"pct":0},"branches":{"total":15,"covered":0,"skipped":0,"pct":0}}
,"/Users/jb092610/Desktop/LearningTechnologiesRepo/journey-builder-js/src/journey-builder-app/modules/journey-builder/journeys/container-components/home/duplicate_journey_input_field.jsx": {"lines":{"total":37,"covered":0,"skipped":0,"pct":0},"functions":{"total":6,"covered":0,"skipped":0,"pct":0},"statements":{"total":39,"covered":0,"skipped":0,"pct":0},"branches":{"total":21,"covered":0,"skipped":0,"pct":0}}
,"/Users/jb092610/Desktop/LearningTechnologiesRepo/journey-builder-js/src/journey-builder-app/modules/journey-builder/journeys/container-components/home/inactivate_journey_modal.jsx": {"lines":{"total":14,"covered":0,"skipped":0,"pct":0},"functions":{"total":6,"covered":0,"skipped":0,"pct":0},"statements":{"total":16,"covered":0,"skipped":0,"pct":0},"branches":{"total":0,"covered":0,"skipped":0,"pct":100}}
,"/Users/jb092610/Desktop/LearningTechnologiesRepo/journey-builder-js/src/journey-builder-app/modules/journey-builder/journeys/container-components/home/journey_home_view.jsx": {"lines":{"total":74,"covered":0,"skipped":0,"pct":0},"functions":{"total":25,"covered":0,"skipped":0,"pct":0},"statements":{"total":80,"covered":0,"skipped":0,"pct":0},"branches":{"total":65,"covered":0,"skipped":0,"pct":0}}
,"/Users/jb092610/Desktop/LearningTechnologiesRepo/journey-builder-js/src/journey-builder-app/modules/journey-builder/journeys/container-components/home/journey_list.jsx": {"lines":{"total":56,"covered":0,"skipped":0,"pct":0},"functions":{"total":29,"covered":0,"skipped":0,"pct":0},"statements":{"total":58,"covered":0,"skipped":0,"pct":0},"branches":{"total":81,"covered":0,"skipped":0,"pct":0}}
,"/Users/jb092610/Desktop/LearningTechnologiesRepo/journey-builder-js/src/journey-builder-app/modules/journey-builder/journeys/container-components/home/load_journey_modal.jsx": {"lines":{"total":13,"covered":0,"skipped":0,"pct":0},"functions":{"total":5,"covered":0,"skipped":0,"pct":0},"statements":{"total":15,"covered":0,"skipped":0,"pct":0},"branches":{"total":4,"covered":0,"skipped":0,"pct":0}}
,"/Users/jb092610/Desktop/LearningTechnologiesRepo/journey-builder-js/src/journey-builder-app/modules/journey-builder/journeys/container-components/home/load_journeys_list.jsx": {"lines":{"total":44,"covered":0,"skipped":0,"pct":0},"functions":{"total":20,"covered":0,"skipped":0,"pct":0},"statements":{"total":49,"covered":0,"skipped":0,"pct":0},"branches":{"total":24,"covered":0,"skipped":0,"pct":0}}
,"/Users/jb092610/Desktop/LearningTechnologiesRepo/journey-builder-js/src/journey-builder-app/modules/journey-builder/journeys/container-components/home/load_modal_container.jsx": {"lines":{"total":53,"covered":0,"skipped":0,"pct":0},"functions":{"total":13,"covered":0,"skipped":0,"pct":0},"statements":{"total":55,"covered":0,"skipped":0,"pct":0},"branches":{"total":44,"covered":0,"skipped":0,"pct":0}}
,"/Users/jb092610/Desktop/LearningTechnologiesRepo/journey-builder-js/src/journey-builder-app/modules/journey-builder/journeys/container-components/home/no_journeys_component.jsx": {"lines":{"total":1,"covered":0,"skipped":0,"pct":0},"functions":{"total":1,"covered":0,"skipped":0,"pct":0},"statements":{"total":1,"covered":0,"skipped":0,"pct":0},"branches":{"total":2,"covered":0,"skipped":0,"pct":0}}
,"/Users/jb092610/Desktop/LearningTechnologiesRepo/journey-builder-js/src/journey-builder-app/modules/journey-builder/journeys/container-components/home/no_journeys_modal_component.jsx": {"lines":{"total":1,"covered":0,"skipped":0,"pct":0},"functions":{"total":1,"covered":0,"skipped":0,"pct":0},"statements":{"total":1,"covered":0,"skipped":0,"pct":0},"branches":{"total":2,"covered":0,"skipped":0,"pct":0}}
,"/Users/jb092610/Desktop/LearningTechnologiesRepo/journey-builder-js/src/journey-builder-app/modules/journey-builder/journeys/container-components/home/share_preview_modal.jsx": {"lines":{"total":3,"covered":0,"skipped":0,"pct":0},"functions":{"total":2,"covered":0,"skipped":0,"pct":0},"statements":{"total":3,"covered":0,"skipped":0,"pct":0},"branches":{"total":4,"covered":0,"skipped":0,"pct":0}}
,"/Users/jb092610/Desktop/LearningTechnologiesRepo/journey-builder-js/src/journey-builder-app/modules/journey-builder/journeys/container-components/home/share_preview_modal_container.jsx": {"lines":{"total":116,"covered":0,"skipped":0,"pct":0},"functions":{"total":33,"covered":0,"skipped":0,"pct":0},"statements":{"total":121,"covered":0,"skipped":0,"pct":0},"branches":{"total":50,"covered":0,"skipped":0,"pct":0}}
,"/Users/jb092610/Desktop/LearningTechnologiesRepo/journey-builder-js/src/journey-builder-app/modules/journey-builder/journeys/container-components/resources/journey_resource_activities.jsx": {"lines":{"total":39,"covered":0,"skipped":0,"pct":0},"functions":{"total":18,"covered":0,"skipped":0,"pct":0},"statements":{"total":45,"covered":0,"skipped":0,"pct":0},"branches":{"total":21,"covered":0,"skipped":0,"pct":0}}
,"/Users/jb092610/Desktop/LearningTechnologiesRepo/journey-builder-js/src/journey-builder-app/modules/journey-builder/journeys/container-components/resuable/no_activities_found.jsx": {"lines":{"total":2,"covered":0,"skipped":0,"pct":0},"functions":{"total":1,"covered":0,"skipped":0,"pct":0},"statements":{"total":2,"covered":0,"skipped":0,"pct":0},"branches":{"total":0,"covered":0,"skipped":0,"pct":100}}
,"/Users/jb092610/Desktop/LearningTechnologiesRepo/journey-builder-js/src/journey-builder-app/modules/journey-builder/journeys/container-components/stages/associate_activity/Existing_event_rubric_association_modal.jsx": {"lines":{"total":36,"covered":0,"skipped":0,"pct":0},"functions":{"total":15,"covered":0,"skipped":0,"pct":0},"statements":{"total":42,"covered":0,"skipped":0,"pct":0},"branches":{"total":8,"covered":0,"skipped":0,"pct":0}}
,"/Users/jb092610/Desktop/LearningTechnologiesRepo/journey-builder-js/src/journey-builder-app/modules/journey-builder/journeys/container-components/stages/associate_activity/activity_delete_modal.jsx": {"lines":{"total":41,"covered":0,"skipped":0,"pct":0},"functions":{"total":20,"covered":0,"skipped":0,"pct":0},"statements":{"total":50,"covered":0,"skipped":0,"pct":0},"branches":{"total":36,"covered":0,"skipped":0,"pct":0}}
,"/Users/jb092610/Desktop/LearningTechnologiesRepo/journey-builder-js/src/journey-builder-app/modules/journey-builder/journeys/container-components/stages/associate_activity/activity_library.jsx": {"lines":{"total":52,"covered":0,"skipped":0,"pct":0},"functions":{"total":17,"covered":0,"skipped":0,"pct":0},"statements":{"total":57,"covered":0,"skipped":0,"pct":0},"branches":{"total":22,"covered":0,"skipped":0,"pct":0}}
,"/Users/jb092610/Desktop/LearningTechnologiesRepo/journey-builder-js/src/journey-builder-app/modules/journey-builder/journeys/container-components/stages/associate_activity/activity_library_list.jsx": {"lines":{"total":31,"covered":0,"skipped":0,"pct":0},"functions":{"total":14,"covered":0,"skipped":0,"pct":0},"statements":{"total":32,"covered":0,"skipped":0,"pct":0},"branches":{"total":24,"covered":0,"skipped":0,"pct":0}}
,"/Users/jb092610/Desktop/LearningTechnologiesRepo/journey-builder-js/src/journey-builder-app/modules/journey-builder/journeys/container-components/stages/associate_activity/activity_modal.jsx": {"lines":{"total":4,"covered":0,"skipped":0,"pct":0},"functions":{"total":1,"covered":0,"skipped":0,"pct":0},"statements":{"total":4,"covered":0,"skipped":0,"pct":0},"branches":{"total":2,"covered":0,"skipped":0,"pct":0}}
,"/Users/jb092610/Desktop/LearningTechnologiesRepo/journey-builder-js/src/journey-builder-app/modules/journey-builder/journeys/container-components/stages/associate_activity/activity_modal_container.jsx": {"lines":{"total":27,"covered":0,"skipped":0,"pct":0},"functions":{"total":13,"covered":0,"skipped":0,"pct":0},"statements":{"total":32,"covered":0,"skipped":0,"pct":0},"branches":{"total":8,"covered":0,"skipped":0,"pct":0}}
,"/Users/jb092610/Desktop/LearningTechnologiesRepo/journey-builder-js/src/journey-builder-app/modules/journey-builder/journeys/container-components/stages/associate_activity/delete_activity_modal_container.jsx": {"lines":{"total":4,"covered":0,"skipped":0,"pct":0},"functions":{"total":2,"covered":0,"skipped":0,"pct":0},"statements":{"total":4,"covered":0,"skipped":0,"pct":0},"branches":{"total":14,"covered":0,"skipped":0,"pct":0}}
,"/Users/jb092610/Desktop/LearningTechnologiesRepo/journey-builder-js/src/journey-builder-app/modules/journey-builder/journeys/container-components/stages/associate_activity/journey_resource_activity_library.jsx": {"lines":{"total":14,"covered":0,"skipped":0,"pct":0},"functions":{"total":4,"covered":0,"skipped":0,"pct":0},"statements":{"total":16,"covered":0,"skipped":0,"pct":0},"branches":{"total":6,"covered":0,"skipped":0,"pct":0}}
,"/Users/jb092610/Desktop/LearningTechnologiesRepo/journey-builder-js/src/journey-builder-app/modules/journey-builder/journeys/container-components/stages/associate_activity/no_activities_found.jsx": {"lines":{"total":3,"covered":0,"skipped":0,"pct":0},"functions":{"total":2,"covered":0,"skipped":0,"pct":0},"statements":{"total":4,"covered":0,"skipped":0,"pct":0},"branches":{"total":11,"covered":0,"skipped":0,"pct":0}}
,"/Users/jb092610/Desktop/LearningTechnologiesRepo/journey-builder-js/src/journey-builder-app/modules/journey-builder/journeys/container-components/stages/associate_activity/select_activity_type.jsx": {"lines":{"total":16,"covered":0,"skipped":0,"pct":0},"functions":{"total":5,"covered":0,"skipped":0,"pct":0},"statements":{"total":16,"covered":0,"skipped":0,"pct":0},"branches":{"total":2,"covered":0,"skipped":0,"pct":0}}
,"/Users/jb092610/Desktop/LearningTechnologiesRepo/journey-builder-js/src/journey-builder-app/modules/journey-builder/journeys/container-components/stages/associate_activity/stage_activity_library.jsx": {"lines":{"total":20,"covered":0,"skipped":0,"pct":0},"functions":{"total":5,"covered":0,"skipped":0,"pct":0},"statements":{"total":22,"covered":0,"skipped":0,"pct":0},"branches":{"total":10,"covered":0,"skipped":0,"pct":0}}
,"/Users/jb092610/Desktop/LearningTechnologiesRepo/journey-builder-js/src/journey-builder-app/modules/journey-builder/journeys/container-components/stages/copy_stage/copy_stage_modal.jsx": {"lines":{"total":5,"covered":0,"skipped":0,"pct":0},"functions":{"total":2,"covered":0,"skipped":0,"pct":0},"statements":{"total":5,"covered":0,"skipped":0,"pct":0},"branches":{"total":0,"covered":0,"skipped":0,"pct":100}}
,"/Users/jb092610/Desktop/LearningTechnologiesRepo/journey-builder-js/src/journey-builder-app/modules/journey-builder/journeys/container-components/stages/copy_stage/copy_stage_modal_container.jsx": {"lines":{"total":46,"covered":0,"skipped":0,"pct":0},"functions":{"total":15,"covered":0,"skipped":0,"pct":0},"statements":{"total":50,"covered":0,"skipped":0,"pct":0},"branches":{"total":6,"covered":0,"skipped":0,"pct":0}}
,"/Users/jb092610/Desktop/LearningTechnologiesRepo/journey-builder-js/src/journey-builder-app/modules/journey-builder/journeys/container-components/stages/copy_stage/no_stages_found.jsx": {"lines":{"total":1,"covered":0,"skipped":0,"pct":0},"functions":{"total":1,"covered":0,"skipped":0,"pct":0},"statements":{"total":1,"covered":0,"skipped":0,"pct":0},"branches":{"total":4,"covered":0,"skipped":0,"pct":0}}
,"/Users/jb092610/Desktop/LearningTechnologiesRepo/journey-builder-js/src/journey-builder-app/modules/journey-builder/journeys/container-components/stages/copy_stage/stage_library_view.jsx": {"lines":{"total":27,"covered":0,"skipped":0,"pct":0},"functions":{"total":10,"covered":0,"skipped":0,"pct":0},"statements":{"total":30,"covered":0,"skipped":0,"pct":0},"branches":{"total":4,"covered":0,"skipped":0,"pct":0}}
,"/Users/jb092610/Desktop/LearningTechnologiesRepo/journey-builder-js/src/journey-builder-app/modules/journey-builder/journeys/container-components/stages/copy_stage/stage_table.jsx": {"lines":{"total":34,"covered":0,"skipped":0,"pct":0},"functions":{"total":9,"covered":0,"skipped":0,"pct":0},"statements":{"total":34,"covered":0,"skipped":0,"pct":0},"branches":{"total":28,"covered":0,"skipped":0,"pct":0}}
,"/Users/jb092610/Desktop/LearningTechnologiesRepo/journey-builder-js/src/journey-builder-app/modules/journey-builder/journeys/container-components/stages/dnd_table/activity_reorder_component.jsx": {"lines":{"total":4,"covered":0,"skipped":0,"pct":0},"functions":{"total":3,"covered":0,"skipped":0,"pct":0},"statements":{"total":4,"covered":0,"skipped":0,"pct":0},"branches":{"total":12,"covered":0,"skipped":0,"pct":0}}
,"/Users/jb092610/Desktop/LearningTechnologiesRepo/journey-builder-js/src/journey-builder-app/modules/journey-builder/journeys/container-components/stages/dnd_table/stage_activity_table.jsx": {"lines":{"total":144,"covered":0,"skipped":0,"pct":0},"functions":{"total":48,"covered":0,"skipped":0,"pct":0},"statements":{"total":159,"covered":0,"skipped":0,"pct":0},"branches":{"total":114,"covered":0,"skipped":0,"pct":0}}
,"/Users/jb092610/Desktop/LearningTechnologiesRepo/journey-builder-js/src/journey-builder-app/modules/journey-builder/journeys/container-components/stages/modals/Event_rubric_association_modal.jsx": {"lines":{"total":64,"covered":1,"skipped":0,"pct":1.56},"functions":{"total":15,"covered":0,"skipped":0,"pct":0},"statements":{"total":71,"covered":1,"skipped":0,"pct":1.41},"branches":{"total":27,"covered":0,"skipped":0,"pct":0}}
,"/Users/jb092610/Desktop/LearningTechnologiesRepo/journey-builder-js/src/journey-builder-app/modules/journey-builder/journeys/container-components/stages/modals/Existing_rubric_modal.jsx": {"lines":{"total":19,"covered":1,"skipped":0,"pct":5.26},"functions":{"total":6,"covered":0,"skipped":0,"pct":0},"statements":{"total":20,"covered":1,"skipped":0,"pct":5},"branches":{"total":17,"covered":0,"skipped":0,"pct":0}}
,"/Users/jb092610/Desktop/LearningTechnologiesRepo/journey-builder-js/src/journey-builder-app/modules/journey-builder/journeys/container-components/stages/modals/activity_details_modal.jsx": {"lines":{"total":55,"covered":0,"skipped":0,"pct":0},"functions":{"total":21,"covered":0,"skipped":0,"pct":0},"statements":{"total":58,"covered":0,"skipped":0,"pct":0},"branches":{"total":135,"covered":0,"skipped":0,"pct":0}}
,"/Users/jb092610/Desktop/LearningTechnologiesRepo/journey-builder-js/src/journey-builder-app/modules/journey-builder/journeys/container-components/stages/modals/activity_details_modal_container.jsx": {"lines":{"total":5,"covered":0,"skipped":0,"pct":0},"functions":{"total":2,"covered":0,"skipped":0,"pct":0},"statements":{"total":5,"covered":0,"skipped":0,"pct":0},"branches":{"total":6,"covered":0,"skipped":0,"pct":0}}
,"/Users/jb092610/Desktop/LearningTechnologiesRepo/journey-builder-js/src/journey-builder-app/modules/journey-builder/journeys/container-components/stages/modals/add_group_activities_modal.jsx": {"lines":{"total":50,"covered":0,"skipped":0,"pct":0},"functions":{"total":14,"covered":0,"skipped":0,"pct":0},"statements":{"total":55,"covered":0,"skipped":0,"pct":0},"branches":{"total":12,"covered":0,"skipped":0,"pct":0}}
,"/Users/jb092610/Desktop/LearningTechnologiesRepo/journey-builder-js/src/journey-builder-app/modules/journey-builder/journeys/container-components/stages/modals/delete_modal.jsx": {"lines":{"total":8,"covered":0,"skipped":0,"pct":0},"functions":{"total":3,"covered":0,"skipped":0,"pct":0},"statements":{"total":9,"covered":0,"skipped":0,"pct":0},"branches":{"total":10,"covered":0,"skipped":0,"pct":0}}
,"/Users/jb092610/Desktop/LearningTechnologiesRepo/journey-builder-js/src/journey-builder-app/modules/journey-builder/journeys/container-components/stages/modals/delete_modal_container.jsx": {"lines":{"total":5,"covered":0,"skipped":0,"pct":0},"functions":{"total":3,"covered":0,"skipped":0,"pct":0},"statements":{"total":5,"covered":0,"skipped":0,"pct":0},"branches":{"total":2,"covered":0,"skipped":0,"pct":0}}
,"/Users/jb092610/Desktop/LearningTechnologiesRepo/journey-builder-js/src/journey-builder-app/modules/journey-builder/journeys/container-components/stages/modals/edit_activity_group_modal.jsx": {"lines":{"total":6,"covered":0,"skipped":0,"pct":0},"functions":{"total":3,"covered":0,"skipped":0,"pct":0},"statements":{"total":7,"covered":0,"skipped":0,"pct":0},"branches":{"total":3,"covered":0,"skipped":0,"pct":0}}
,"/Users/jb092610/Desktop/LearningTechnologiesRepo/journey-builder-js/src/journey-builder-app/modules/journey-builder/journeys/container-components/stages/modals/edit_activity_group_modal_container.jsx": {"lines":{"total":107,"covered":0,"skipped":0,"pct":0},"functions":{"total":29,"covered":0,"skipped":0,"pct":0},"statements":{"total":116,"covered":0,"skipped":0,"pct":0},"branches":{"total":20,"covered":0,"skipped":0,"pct":0}}
,"/Users/jb092610/Desktop/LearningTechnologiesRepo/journey-builder-js/src/journey-builder-app/modules/journey-builder/journeys/container-components/stages/modals/mandatory_activity_modal_container.jsx": {"lines":{"total":4,"covered":0,"skipped":0,"pct":0},"functions":{"total":2,"covered":0,"skipped":0,"pct":0},"statements":{"total":4,"covered":0,"skipped":0,"pct":0},"branches":{"total":0,"covered":0,"skipped":0,"pct":100}}
,"/Users/jb092610/Desktop/LearningTechnologiesRepo/journey-builder-js/src/journey-builder-app/modules/journey-builder/journeys/container-components/stages/modals/notification_toggle_modal.jsx": {"lines":{"total":13,"covered":1,"skipped":0,"pct":7.69},"functions":{"total":4,"covered":0,"skipped":0,"pct":0},"statements":{"total":13,"covered":1,"skipped":0,"pct":7.69},"branches":{"total":8,"covered":0,"skipped":0,"pct":0}}
[...]
,"/Users/jb092610/Desktop/LearningTechnologiesRepo/journey-builder-js/src/journey-builder-app/sagas/journey-builder/stages/stage_worker_saga.js": {"lines":{"total":11,"covered":0,"skipped":0,"pct":0},"functions":{"total":3,"covered":0,"skipped":0,"pct":0},"statements":{"total":11,"covered":0,"skipped":0,"pct":0},"branches":{"total":2,"covered":0,"skipped":0,"pct":0}}
,"/Users/jb092610/Desktop/LearningTechnologiesRepo/journey-builder-js/src/journey-builder-app/sagas/journey-group/journey_group_watcher_saga.js": {"lines":{"total":32,"covered":0,"skipped":0,"pct":0},"functions":{"total":1,"covered":0,"skipped":0,"pct":0},"statements":{"total":32,"covered":0,"skipped":0,"pct":0},"branches":{"total":0,"covered":0,"skipped":0,"pct":100}}
,"/Users/jb092610/Desktop/LearningTechnologiesRepo/journey-builder-js/src/journey-builder-app/sagas/journey-group/journey_group_worker_saga.js": {"lines":{"total":205,"covered":0,"skipped":0,"pct":0},"functions":{"total":38,"covered":0,"skipped":0,"pct":0},"statements":{"total":205,"covered":0,"skipped":0,"pct":0},"branches":{"total":61,"covered":0,"skipped":0,"pct":0}}
,"/Users/jb092610/Desktop/LearningTechnologiesRepo/journey-builder-js/src/journey-builder-app/sagas/journey-reports/reports_org_watcher_saga.js": {"lines":{"total":13,"covered":0,"skipped":0,"pct":0},"functions":{"total":1,"covered":0,"skipped":0,"pct":0},"statements":{"total":13,"covered":0,"skipped":0,"pct":0},"branches":{"total":0,"covered":0,"skipped":0,"pct":100}}
,"/Users/jb092610/Desktop/LearningTechnologiesRepo/journey-builder-js/src/journey-builder-app/sagas/journey-reports/reports_org_worker_saga.js": {"lines":{"total":39,"covered":0,"skipped":0,"pct":0},"functions":{"total":13,"covered":0,"skipped":0,"pct":0},"statements":{"total":39,"covered":0,"skipped":0,"pct":0},"branches":{"total":0,"covered":0,"skipped":0,"pct":100}}
,"/Users/jb092610/Desktop/LearningTechnologiesRepo/journey-builder-js/src/journey-builder-app/sagas/journey-user/journey_user_watcher_saga.js": {"lines":{"total":22,"covered":0,"skipped":0,"pct":0},"functions":{"total":1,"covered":0,"skipped":0,"pct":0},"statements":{"total":22,"covered":0,"skipped":0,"pct":0},"branches":{"total":0,"covered":0,"skipped":0,"pct":100}}
,"/Users/jb092610/Desktop/LearningTechnologiesRepo/journey-builder-js/src/journey-builder-app/sagas/journey-user/journey_user_worker_saga.js": {"lines":{"total":137,"covered":0,"skipped":0,"pct":0},"functions":{"total":23,"covered":0,"skipped":0,"pct":0},"statements":{"total":137,"covered":0,"skipped":0,"pct":0},"branches":{"total":30,"covered":0,"skipped":0,"pct":0}}
,"/Users/jb092610/Desktop/LearningTechnologiesRepo/journey-builder-js/src/journey-builder-app/sagas/notifications-icon/notifications-watcher-saga.js": {"lines":{"total":1,"covered":0,"skipped":0,"pct":0},"functions":{"total":1,"covered":0,"skipped":0,"pct":0},"statements":{"total":1,"covered":0,"skipped":0,"pct":0},"branches":{"total":0,"covered":0,"skipped":0,"pct":100}}
,"/Users/jb092610/Desktop/LearningTechnologiesRepo/journey-builder-js/src/journey-builder-app/sagas/notifications-icon/notifications-worker-saga.js": {"lines":{"total":4,"covered":0,"skipped":0,"pct":0},"functions":{"total":1,"covered":0,"skipped":0,"pct":0},"statements":{"total":4,"covered":0,"skipped":0,"pct":0},"branches":{"total":0,"covered":0,"skipped":0,"pct":100}}
,"/Users/jb092610/Desktop/LearningTechnologiesRepo/journey-builder-js/src/journey-builder-app/sagas/organization-list/org_list_watcher_saga.js": {"lines":{"total":10,"covered":0,"skipped":0,"pct":0},"functions":{"total":1,"covered":0,"skipped":0,"pct":0},"statements":{"total":10,"covered":0,"skipped":0,"pct":0},"branches":{"total":0,"covered":0,"skipped":0,"pct":100}}
,"/Users/jb092610/Desktop/LearningTechnologiesRepo/journey-builder-js/src/journey-builder-app/sagas/organization-list/org_list_worker_saga.js": {"lines":{"total":66,"covered":0,"skipped":0,"pct":0},"functions":{"total":12,"covered":0,"skipped":0,"pct":0},"statements":{"total":66,"covered":0,"skipped":0,"pct":0},"branches":{"total":24,"covered":0,"skipped":0,"pct":0}}
,"/Users/jb092610/Desktop/LearningTechnologiesRepo/journey-builder-js/src/journey-builder-app/services/admin_home_services.js": {"lines":{"total":0,"covered":0,"skipped":0,"pct":100},"functions":{"total":0,"covered":0,"skipped":0,"pct":100},"statements":{"total":0,"covered":0,"skipped":0,"pct":100},"branches":{"total":0,"covered":0,"skipped":0,"pct":100}}
,"/Users/jb092610/Desktop/LearningTechnologiesRepo/journey-builder-js/src/journey-builder-app/services/common-server_services.js": {"lines":{"total":97,"covered":0,"skipped":0,"pct":0},"functions":{"total":39,"covered":0,"skipped":0,"pct":0},"statements":{"total":98,"covered":0,"skipped":0,"pct":0},"branches":{"total":14,"covered":0,"skipped":0,"pct":0}}
,"/Users/jb092610/Desktop/LearningTechnologiesRepo/journey-builder-js/src/journey-builder-app/services/instructor_dashboard_services.js": {"lines":{"total":17,"covered":0,"skipped":0,"pct":0},"functions":{"total":7,"covered":0,"skipped":0,"pct":0},"statements":{"total":18,"covered":0,"skipped":0,"pct":0},"branches":{"total":4,"covered":0,"skipped":0,"pct":0}}
,"/Users/jb092610/Desktop/LearningTechnologiesRepo/journey-builder-js/src/journey-builder-app/services/journey_designer_servies.js": {"lines":{"total":0,"covered":0,"skipped":0,"pct":100},"functions":{"total":0,"covered":0,"skipped":0,"pct":100},"statements":{"total":0,"covered":0,"skipped":0,"pct":100},"branches":{"total":0,"covered":0,"skipped":0,"pct":100}}
,"/Users/jb092610/Desktop/LearningTechnologiesRepo/journey-builder-js/src/journey-builder-app/services/journey_group_services.js": {"lines":{"total":199,"covered":0,"skipped":0,"pct":0},"functions":{"total":89,"covered":0,"skipped":0,"pct":0},"statements":{"total":200,"covered":0,"skipped":0,"pct":0},"branches":{"total":90,"covered":0,"skipped":0,"pct":0}}
,"/Users/jb092610/Desktop/LearningTechnologiesRepo/journey-builder-js/src/journey-builder-app/services/journey_reports_servies.js": {"lines":{"total":0,"covered":0,"skipped":0,"pct":100},"functions":{"total":0,"covered":0,"skipped":0,"pct":100},"statements":{"total":0,"covered":0,"skipped":0,"pct":100},"branches":{"total":0,"covered":0,"skipped":0,"pct":100}}
,"/Users/jb092610/Desktop/LearningTechnologiesRepo/journey-builder-js/src/journey-builder-app/services/journey_user_services.js": {"lines":{"total":162,"covered":0,"skipped":0,"pct":0},"functions":{"total":62,"covered":0,"skipped":0,"pct":0},"statements":{"total":163,"covered":0,"skipped":0,"pct":0},"branches":{"total":42,"covered":0,"skipped":0,"pct":0}}
,"/Users/jb092610/Desktop/LearningTechnologiesRepo/journey-builder-js/src/journey-builder-app/services/notifications_icon_services.js": {"lines":{"total":7,"covered":0,"skipped":0,"pct":0},"functions":{"total":4,"covered":0,"skipped":0,"pct":0},"statements":{"total":8,"covered":0,"skipped":0,"pct":0},"branches":{"total":2,"covered":0,"skipped":0,"pct":0}}
,"/Users/jb092610/Desktop/LearningTechnologiesRepo/journey-builder-js/src/journey-builder-app/services/org_list_service.js": {"lines":{"total":47,"covered":0,"skipped":0,"pct":0},"functions":{"total":31,"covered":0,"skipped":0,"pct":0},"statements":{"total":48,"covered":0,"skipped":0,"pct":0},"branches":{"total":4,"covered":0,"skipped":0,"pct":0}}
,"/Users/jb092610/Desktop/LearningTechnologiesRepo/journey-builder-js/src/journey-builder-app/services/journey-builder/activity_module_services.js": {"lines":{"total":53,"covered":0,"skipped":0,"pct":0},"functions":{"total":23,"covered":0,"skipped":0,"pct":0},"statements":{"total":54,"covered":0,"skipped":0,"pct":0},"branches":{"total":18,"covered":0,"skipped":0,"pct":0}}
,"/Users/jb092610/Desktop/LearningTechnologiesRepo/journey-builder-js/src/journey-builder-app/services/journey-builder/event_module_services.js": {"lines":{"total":55,"covered":0,"skipped":0,"pct":0},"functions":{"total":28,"covered":0,"skipped":0,"pct":0},"statements":{"total":59,"covered":0,"skipped":0,"pct":0},"branches":{"total":28,"covered":0,"skipped":0,"pct":0}}
,"/Users/jb092610/Desktop/LearningTechnologiesRepo/journey-builder-js/src/journey-builder-app/services/journey-builder/journey_module_services.js": {"lines":{"total":68,"covered":0,"skipped":0,"pct":0},"functions":{"total":34,"covered":0,"skipped":0,"pct":0},"statements":{"total":71,"covered":0,"skipped":0,"pct":0},"branches":{"total":20,"covered":0,"skipped":0,"pct":0}}
,"/Users/jb092610/Desktop/LearningTechnologiesRepo/journey-builder-js/src/journey-builder-app/services/journey-builder/session_module_services.js": {"lines":{"total":58,"covered":0,"skipped":0,"pct":0},"functions":{"total":28,"covered":0,"skipped":0,"pct":0},"statements":{"total":59,"covered":0,"skipped":0,"pct":0},"branches":{"total":18,"covered":0,"skipped":0,"pct":0}}
,"/Users/jb092610/Desktop/LearningTechnologiesRepo/journey-builder-js/src/journey-builder-app/services/journey-builder/stage_module_services.js": {"lines":{"total":20,"covered":0,"skipped":0,"pct":0},"functions":{"total":9,"covered":0,"skipped":0,"pct":0},"statements":{"total":22,"covered":0,"skipped":0,"pct":0},"branches":{"total":8,"covered":0,"skipped":0,"pct":0}}
,"/Users/jb092610/Desktop/LearningTechnologiesRepo/journey-builder-js/src/journey-builder-app/services/journey-reports/reports_org_module_services.js": {"lines":{"total":100,"covered":0,"skipped":0,"pct":0},"functions":{"total":37,"covered":0,"skipped":0,"pct":0},"statements":{"total":101,"covered":0,"skipped":0,"pct":0},"branches":{"total":48,"covered":0,"skipped":0,"pct":0}}
,"/Users/jb092610/Desktop/LearningTechnologiesRepo/journey-builder-js/src/journey-builder-app/store/configure_store.js": {"lines":{"total":13,"covered":0,"skipped":0,"pct":0},"functions":{"total":2,"covered":0,"skipped":0,"pct":0},"statements":{"total":13,"covered":0,"skipped":0,"pct":0},"branches":{"total":2,"covered":0,"skipped":0,"pct":0}}
,"/Users/jb092610/Desktop/LearningTechnologiesRepo/journey-builder-js/src/journey-builder-app/utils/Constants.js": {"lines":{"total":19,"covered":19,"skipped":0,"pct":100},"functions":{"total":0,"covered":0,"skipped":0,"pct":100},"statements":{"total":19,"covered":19,"skipped":0,"pct":100},"branches":{"total":0,"covered":0,"skipped":0,"pct":100}}
,"/Users/jb092610/Desktop/LearningTechnologiesRepo/journey-builder-js/src/journey-builder-app/utils/Error_Modal.js": {"lines":{"total":14,"covered":0,"skipped":0,"pct":0},"functions":{"total":5,"covered":0,"skipped":0,"pct":0},"statements":{"total":14,"covered":0,"skipped":0,"pct":0},"branches":{"total":0,"covered":0,"skipped":0,"pct":100}}
,"/Users/jb092610/Desktop/LearningTechnologiesRepo/journey-builder-js/src/journey-builder-app/utils/TimeZonePickerModal.js": {"lines":{"total":19,"covered":9,"skipped":0,"pct":47.37},"functions":{"total":10,"covered":3,"skipped":0,"pct":30},"statements":{"total":21,"covered":11,"skipped":0,"pct":52.38},"branches":{"total":0,"covered":0,"skipped":0,"pct":100}}
,"/Users/jb092610/Desktop/LearningTechnologiesRepo/journey-builder-js/src/journey-builder-app/utils/admin_notifications_constants.js": {"lines":{"total":1,"covered":1,"skipped":0,"pct":100},"functions":{"total":0,"covered":0,"skipped":0,"pct":100},"statements":{"total":1,"covered":1,"skipped":0,"pct":100},"branches":{"total":0,"covered":0,"skipped":0,"pct":100}}
,"/Users/jb092610/Desktop/LearningTechnologiesRepo/journey-builder-js/src/journey-builder-app/utils/breadcrumb.jsx": {"lines":{"total":4,"covered":0,"skipped":0,"pct":0},"functions":{"total":3,"covered":0,"skipped":0,"pct":0},"statements":{"total":5,"covered":0,"skipped":0,"pct":0},"branches":{"total":4,"covered":0,"skipped":0,"pct":0}}
,"/Users/jb092610/Desktop/LearningTechnologiesRepo/journey-builder-js/src/journey-builder-app/utils/client_side_pagination_component.jsx": {"lines":{"total":46,"covered":20,"skipped":0,"pct":43.48},"functions":{"total":17,"covered":5,"skipped":0,"pct":29.41},"statements":{"total":48,"covered":20,"skipped":0,"pct":41.67},"branches":{"total":32,"covered":11,"skipped":0,"pct":34.38}}
,"/Users/jb092610/Desktop/LearningTechnologiesRepo/journey-builder-js/src/journey-builder-app/utils/dirty_check_modal.js": {"lines":{"total":19,"covered":11,"skipped":0,"pct":57.89},"functions":{"total":7,"covered":2,"skipped":0,"pct":28.57},"statements":{"total":21,"covered":11,"skipped":0,"pct":52.38},"branches":{"total":9,"covered":4,"skipped":0,"pct":44.44}}
,"/Users/jb092610/Desktop/LearningTechnologiesRepo/journey-builder-js/src/journey-builder-app/utils/event_module_constants.js": {"lines":{"total":21,"covered":21,"skipped":0,"pct":100},"functions":{"total":0,"covered":0,"skipped":0,"pct":100},"statements":{"total":21,"covered":21,"skipped":0,"pct":100},"branches":{"total":0,"covered":0,"skipped":0,"pct":100}}
,"/Users/jb092610/Desktop/LearningTechnologiesRepo/journey-builder-js/src/journey-builder-app/utils/group_module_constants.js": {"lines":{"total":23,"covered":23,"skipped":0,"pct":100},"functions":{"total":0,"covered":0,"skipped":0,"pct":100},"statements":{"total":23,"covered":23,"skipped":0,"pct":100},"branches":{"total":0,"covered":0,"skipped":0,"pct":100}}
,"/Users/jb092610/Desktop/LearningTechnologiesRepo/journey-builder-js/src/journey-builder-app/utils/group_summary_constants.js": {"lines":{"total":13,"covered":13,"skipped":0,"pct":100},"functions":{"total":0,"covered":0,"skipped":0,"pct":100},"statements":{"total":13,"covered":13,"skipped":0,"pct":100},"branches":{"total":0,"covered":0,"skipped":0,"pct":100}}
,"/Users/jb092610/Desktop/LearningTechnologiesRepo/journey-builder-js/src/journey-builder-app/utils/index.js": {"lines":{"total":4,"covered":0,"skipped":0,"pct":0},"functions":{"total":2,"covered":0,"skipped":0,"pct":0},"statements":{"total":4,"covered":0,"skipped":0,"pct":0},"branches":{"total":4,"covered":0,"skipped":0,"pct":0}}
,"/Users/jb092610/Desktop/LearningTechnologiesRepo/journey-builder-js/src/journey-builder-app/utils/instructor_module_constants.js": {"lines":{"total":10,"covered":10,"skipped":0,"pct":100},"functions":{"total":0,"covered":0,"skipped":0,"pct":100},"statements":{"total":10,"covered":10,"skipped":0,"pct":100},"branches":{"total":0,"covered":0,"skipped":0,"pct":100}}
,"/Users/jb092610/Desktop/LearningTechnologiesRepo/journey-builder-js/src/journey-builder-app/utils/loading.jsx": {"lines":{"total":3,"covered":3,"skipped":0,"pct":100},"functions":{"total":1,"covered":1,"skipped":0,"pct":100},"statements":{"total":3,"covered":3,"skipped":0,"pct":100},"branches":{"total":9,"covered":8,"skipped":0,"pct":88.89}}
,"/Users/jb092610/Desktop/LearningTechnologiesRepo/journey-builder-js/src/journey-builder-app/utils/navigation_constants.js": {"lines":{"total":17,"covered":0,"skipped":0,"pct":0},"functions":{"total":3,"covered":0,"skipped":0,"pct":0},"statements":{"total":18,"covered":0,"skipped":0,"pct":0},"branches":{"total":12,"covered":0,"skipped":0,"pct":0}}
,"/Users/jb092610/Desktop/LearningTechnologiesRepo/journey-builder-js/src/journey-builder-app/utils/no_data.jsx": {"lines":{"total":3,"covered":2,"skipped":0,"pct":66.67},"functions":{"total":1,"covered":0,"skipped":0,"pct":0},"statements":{"total":3,"covered":2,"skipped":0,"pct":66.67},"branches":{"total":18,"covered":0,"skipped":0,"pct":0}}
,"/Users/jb092610/Desktop/LearningTechnologiesRepo/journey-builder-js/src/journey-builder-app/utils/no_group_data.jsx": {"lines":{"total":1,"covered":1,"skipped":0,"pct":100},"functions":{"total":1,"covered":1,"skipped":0,"pct":100},"statements":{"total":1,"covered":1,"skipped":0,"pct":100},"branches":{"total":4,"covered":3,"skipped":0,"pct":75}}
,"/Users/jb092610/Desktop/LearningTechnologiesRepo/journey-builder-js/src/journey-builder-app/utils/no_user_data.jsx": {"lines":{"total":1,"covered":1,"skipped":0,"pct":100},"functions":{"total":1,"covered":1,"skipped":0,"pct":100},"statements":{"total":1,"covered":1,"skipped":0,"pct":100},"branches":{"total":18,"covered":5,"skipped":0,"pct":27.78}}
,"/Users/jb092610/Desktop/LearningTechnologiesRepo/journey-builder-js/src/journey-builder-app/utils/notes_constants.js": {"lines":{"total":15,"covered":15,"skipped":0,"pct":100},"functions":{"total":0,"covered":0,"skipped":0,"pct":100},"statements":{"total":15,"covered":15,"skipped":0,"pct":100},"branches":{"total":0,"covered":0,"skipped":0,"pct":100}}
,"/Users/jb092610/Desktop/LearningTechnologiesRepo/journey-builder-js/src/journey-builder-app/utils/notification_settings_instructions_panel_constant.js": {"lines":{"total":2,"covered":0,"skipped":0,"pct":0},"functions":{"total":0,"covered":0,"skipped":0,"pct":100},"statements":{"total":2,"covered":0,"skipped":0,"pct":0},"branches":{"total":0,"covered":0,"skipped":0,"pct":100}}
,"/Users/jb092610/Desktop/LearningTechnologiesRepo/journey-builder-js/src/journey-builder-app/utils/org_module_constants.js": {"lines":{"total":47,"covered":47,"skipped":0,"pct":100},"functions":{"total":0,"covered":0,"skipped":0,"pct":100},"statements":{"total":47,"covered":47,"skipped":0,"pct":100},"branches":{"total":0,"covered":0,"skipped":0,"pct":100}}
,"/Users/jb092610/Desktop/LearningTechnologiesRepo/journey-builder-js/src/journey-builder-app/utils/react_table_utils.js": {"lines":{"total":13,"covered":0,"skipped":0,"pct":0},"functions":{"total":11,"covered":0,"skipped":0,"pct":0},"statements":{"total":20,"covered":0,"skipped":0,"pct":0},"branches":{"total":8,"covered":0,"skipped":0,"pct":0}}
,"/Users/jb092610/Desktop/LearningTechnologiesRepo/journey-builder-js/src/journey-builder-app/utils/server_side_pagination_component.js": {"lines":{"total":50,"covered":21,"skipped":0,"pct":42},"functions":{"total":18,"covered":5,"skipped":0,"pct":27.78},"statements":{"total":52,"covered":21,"skipped":0,"pct":40.38},"branches":{"total":34,"covered":11,"skipped":0,"pct":32.35}}
,"/Users/jb092610/Desktop/LearningTechnologiesRepo/journey-builder-js/src/journey-builder-app/utils/server_side_react_table_util.js": {"lines":{"total":9,"covered":0,"skipped":0,"pct":0},"functions":{"total":10,"covered":0,"skipped":0,"pct":0},"statements":{"total":15,"covered":0,"skipped":0,"pct":0},"branches":{"total":9,"covered":0,"skipped":0,"pct":0}}
,"/Users/jb092610/Desktop/LearningTechnologiesRepo/journey-builder-js/src/journey-builder-app/utils/session_timeout_modal.jsx": {"lines":{"total":25,"covered":0,"skipped":0,"pct":0},"functions":{"total":7,"covered":0,"skipped":0,"pct":0},"statements":{"total":25,"covered":0,"skipped":0,"pct":0},"branches":{"total":12,"covered":0,"skipped":0,"pct":0}}
,"/Users/jb092610/Desktop/LearningTechnologiesRepo/journey-builder-js/src/journey-builder-app/utils/timezoneRegions.js": {"lines":{"total":1,"covered":1,"skipped":0,"pct":100},"functions":{"total":0,"covered":0,"skipped":0,"pct":100},"statements":{"total":1,"covered":1,"skipped":0,"pct":100},"branches":{"total":0,"covered":0,"skipped":0,"pct":100}}
,"/Users/jb092610/Desktop/LearningTechnologiesRepo/journey-builder-js/src/journey-builder-app/utils/url_constants.js": {"lines":{"total":2,"covered":2,"skipped":0,"pct":100},"functions":{"total":0,"covered":0,"skipped":0,"pct":100},"statements":{"total":2,"covered":2,"skipped":0,"pct":100},"branches":{"total":0,"covered":0,"skipped":0,"pct":100}}
,"/Users/jb092610/Desktop/LearningTechnologiesRepo/journey-builder-js/src/journey-builder-app/utils/user_module_constants.js": {"lines":{"total":56,"covered":56,"skipped":0,"pct":100},"functions":{"total":0,"covered":0,"skipped":0,"pct":100},"statements":{"total":56,"covered":56,"skipped":0,"pct":100},"branches":{"total":0,"covered":0,"skipped":0,"pct":100}}
,"/Users/jb092610/Desktop/LearningTechnologiesRepo/journey-builder-js/src/journey-builder-app/utils/util.js": {"lines":{"total":41,"covered":11,"skipped":0,"pct":26.83},"functions":{"total":10,"covered":0,"skipped":0,"pct":0},"statements":{"total":44,"covered":11,"skipped":0,"pct":25},"branches":{"total":24,"covered":0,"skipped":0,"pct":0}}
}
