TN:
SF:/Users/jb092610/Desktop/LearningTechnologiesRepo/journey-builder-js/src/journey-builder-app/app.jsx
FN:30,(anonymous_0)
FN:33,(anonymous_1)
FN:41,(anonymous_2)
FN:49,(anonymous_3)
FN:58,(anonymous_4)
FN:62,(anonymous_5)
FN:66,(anonymous_6)
FN:72,(anonymous_7)
FN:77,(anonymous_8)
FNF:9
FNH:0
FNDA:0,(anonymous_0)
FNDA:0,(anonymous_1)
FNDA:0,(anonymous_2)
FNDA:0,(anonymous_3)
FNDA:0,(anonymous_4)
FNDA:0,(anonymous_5)
FNDA:0,(anonymous_6)
FNDA:0,(anonymous_7)
FNDA:0,(anonymous_8)
DA:27,0
DA:28,0
DA:30,0
DA:31,0
DA:32,0
DA:34,0
DA:35,0
DA:38,0
DA:42,0
DA:43,0
DA:50,0
DA:52,0
DA:54,0
DA:55,0
DA:58,0
DA:59,0
DA:62,0
DA:63,0
DA:66,0
DA:67,0
DA:68,0
DA:69,0
DA:72,0
DA:73,0
DA:74,0
DA:78,0
DA:80,0
DA:131,0
LF:28
LH:0
BRDA:55,0,0,0
BRDA:55,0,1,0
BRDA:59,1,0,0
BRDA:59,1,1,0
BRDA:59,2,0,0
BRDA:59,2,1,0
BRDA:85,3,0,0
BRDA:85,3,1,0
BRDA:94,4,0,0
BRDA:94,4,1,0
BRDA:114,5,0,0
BRDA:114,5,1,0
BRF:12
BRH:0
end_of_record
TN:
SF:/Users/jb092610/Desktop/LearningTechnologiesRepo/journey-builder-js/src/journey-builder-app/registration.js
FNF:0
FNH:0
DA:4,0
LF:1
LH:0
BRF:0
BRH:0
end_of_record
TN:
SF:/Users/jb092610/Desktop/LearningTechnologiesRepo/journey-builder-js/src/journey-builder-app/Authentication/authenticate.jsx
FN:13,(anonymous_0)
FN:20,(anonymous_1)
FN:29,(anonymous_2)
FN:44,(anonymous_3)
FN:51,(anonymous_4)
FN:54,(anonymous_5)
FN:61,(anonymous_6)
FN:70,(anonymous_7)
FN:74,(anonymous_8)
FNF:9
FNH:0
FNDA:0,(anonymous_0)
FNDA:0,(anonymous_1)
FNDA:0,(anonymous_2)
FNDA:0,(anonymous_3)
FNDA:0,(anonymous_4)
FNDA:0,(anonymous_5)
FNDA:0,(anonymous_6)
FNDA:0,(anonymous_7)
FNDA:0,(anonymous_8)
DA:10,0
DA:14,0
DA:15,0
DA:21,0
DA:23,0
DA:30,0
DA:31,0
DA:32,0
DA:35,0
DA:44,0
DA:48,0
DA:52,0
DA:55,0
DA:56,0
DA:62,0
DA:70,0
DA:74,0
LF:17
LH:0
BRDA:30,0,0,0
BRDA:30,0,1,0
BRDA:55,1,0,0
BRDA:55,1,1,0
BRF:4
BRH:0
end_of_record
TN:
SF:/Users/jb092610/Desktop/LearningTechnologiesRepo/journey-builder-js/src/journey-builder-app/Authentication/actions/authenticate_action_types.js
FNF:0
FNH:0
DA:1,1
DA:3,1
DA:5,1
DA:7,1
LF:4
LH:4
BRF:0
BRH:0
end_of_record
TN:
SF:/Users/jb092610/Desktop/LearningTechnologiesRepo/journey-builder-js/src/journey-builder-app/Authentication/actions/authenticate_actions.js
FN:3,(anonymous_0)
FN:4,(anonymous_1)
FN:25,(anonymous_2)
FN:29,(anonymous_3)
FN:34,(anonymous_4)
FNF:5
FNH:1
FNDA:1,(anonymous_0)
FNDA:0,(anonymous_1)
FNDA:0,(anonymous_2)
FNDA:0,(anonymous_3)
FNDA:0,(anonymous_4)
DA:3,1
DA:13,0
DA:25,0
DA:29,0
DA:34,0
LF:5
LH:1
BRF:0
BRH:0
end_of_record
TN:
SF:/Users/jb092610/Desktop/LearningTechnologiesRepo/journey-builder-js/src/journey-builder-app/common-actions/common_action_types.js
FNF:0
FNH:0
DA:1,15
DA:3,15
DA:5,15
DA:7,15
DA:9,15
DA:11,15
DA:13,15
DA:15,15
DA:17,15
DA:19,15
DA:21,15
DA:23,15
DA:25,15
DA:27,15
DA:29,15
DA:31,15
DA:33,15
DA:35,15
DA:37,15
DA:39,15
DA:41,15
DA:43,15
DA:45,15
DA:47,15
DA:49,15
DA:51,15
DA:54,15
DA:56,15
DA:58,15
DA:60,15
DA:62,15
DA:64,15
DA:66,15
DA:68,15
DA:70,15
DA:72,15
DA:74,15
DA:76,15
DA:78,15
DA:80,15
DA:82,15
DA:84,15
DA:86,15
DA:88,15
DA:90,15
DA:92,15
DA:94,15
DA:96,15
LF:48
LH:48
BRF:0
BRH:0
end_of_record
TN:
SF:/Users/jb092610/Desktop/LearningTechnologiesRepo/journey-builder-js/src/journey-builder-app/common-actions/common_actions.js
FN:3,(anonymous_0)
FN:4,(anonymous_1)
FN:8,(anonymous_2)
FN:13,(anonymous_3)
FN:17,(anonymous_4)
FN:25,(anonymous_5)
FN:35,(anonymous_6)
FN:39,(anonymous_7)
FN:43,(anonymous_8)
FN:49,(anonymous_9)
FN:53,(anonymous_10)
FN:60,(anonymous_11)
FN:65,(anonymous_12)
FN:70,(anonymous_13)
FN:77,(anonymous_14)
FN:81,(anonymous_15)
FN:87,(anonymous_16)
FN:93,(anonymous_17)
FN:97,(anonymous_18)
FN:102,(anonymous_19)
FN:108,(anonymous_20)
FN:115,(anonymous_21)
FN:121,(anonymous_22)
FN:126,(anonymous_23)
FN:130,(anonymous_24)
FN:137,(anonymous_25)
FN:142,(anonymous_26)
FN:146,(anonymous_27)
FN:152,(anonymous_28)
FNF:29
FNH:16
FNDA:14,(anonymous_0)
FNDA:1,(anonymous_1)
FNDA:16,(anonymous_2)
FNDA:14,(anonymous_3)
FNDA:14,(anonymous_4)
FNDA:1,(anonymous_5)
FNDA:17,(anonymous_6)
FNDA:1,(anonymous_7)
FNDA:1,(anonymous_8)
FNDA:1,(anonymous_9)
FNDA:2,(anonymous_10)
FNDA:1,(anonymous_11)
FNDA:1,(anonymous_12)
FNDA:17,(anonymous_13)
FNDA:9,(anonymous_14)
FNDA:9,(anonymous_15)
FNDA:0,(anonymous_16)
FNDA:0,(anonymous_17)
FNDA:0,(anonymous_18)
FNDA:0,(anonymous_19)
FNDA:0,(anonymous_20)
FNDA:0,(anonymous_21)
FNDA:0,(anonymous_22)
FNDA:0,(anonymous_23)
FNDA:0,(anonymous_24)
FNDA:0,(anonymous_25)
FNDA:0,(anonymous_26)
FNDA:0,(anonymous_27)
FNDA:0,(anonymous_28)
DA:3,14
DA:4,1
DA:8,16
DA:13,14
DA:17,14
DA:25,1
DA:35,17
DA:39,1
DA:43,1
DA:49,1
DA:53,2
DA:60,1
DA:65,1
DA:70,17
DA:77,9
DA:81,9
DA:87,0
DA:93,0
DA:97,0
DA:102,0
DA:108,0
DA:115,0
DA:121,0
DA:126,0
DA:130,0
DA:137,0
DA:142,0
DA:146,0
DA:152,0
LF:29
LH:16
BRDA:17,0,0,13
BRF:1
BRH:1
end_of_record
TN:
SF:/Users/jb092610/Desktop/LearningTechnologiesRepo/journey-builder-js/src/journey-builder-app/core-components/footer/footer.jsx
FN:5,(anonymous_0)
FNF:1
FNH:0
FNDA:0,(anonymous_0)
DA:5,0
DA:6,0
LF:2
LH:0
BRF:0
BRH:0
end_of_record
TN:
SF:/Users/jb092610/Desktop/LearningTechnologiesRepo/journey-builder-js/src/journey-builder-app/core-components/hamburger_menu/Constants.js
FNF:0
FNH:0
DA:1,1
DA:2,1
DA:3,1
DA:4,1
DA:5,1
DA:6,1
DA:7,1
DA:8,1
DA:9,1
DA:10,1
DA:11,1
DA:12,1
DA:13,1
DA:14,1
DA:15,1
DA:16,1
DA:17,1
DA:18,1
DA:19,1
DA:20,1
DA:21,1
LF:21
LH:21
BRF:0
BRH:0
end_of_record
TN:
SF:/Users/jb092610/Desktop/LearningTechnologiesRepo/journey-builder-js/src/journey-builder-app/core-components/hamburger_menu/UserDetails.jsx
FN:6,(anonymous_0)
FN:7,(anonymous_1)
FNF:2
FNH:0
FNDA:0,(anonymous_0)
FNDA:0,(anonymous_1)
DA:6,1
DA:7,0
DA:8,0
DA:18,0
LF:4
LH:1
BRF:0
BRH:0
end_of_record
TN:
SF:/Users/jb092610/Desktop/LearningTechnologiesRepo/journey-builder-js/src/journey-builder-app/core-components/hamburger_menu/UserModalContainer.jsx
FN:19,(anonymous_0)
FN:45,(anonymous_1)
FN:50,(anonymous_2)
FN:65,(anonymous_3)
FN:114,(anonymous_4)
FN:116,(anonymous_5)
FN:126,(anonymous_6)
FN:134,(anonymous_7)
FN:139,(anonymous_8)
FN:183,(anonymous_9)
FN:195,(anonymous_10)
FN:200,(anonymous_11)
FN:212,(anonymous_12)
FN:233,(anonymous_13)
FN:251,(anonymous_14)
FNF:15
FNH:0
FNDA:0,(anonymous_0)
FNDA:0,(anonymous_1)
FNDA:0,(anonymous_2)
FNDA:0,(anonymous_3)
FNDA:0,(anonymous_4)
FNDA:0,(anonymous_5)
FNDA:0,(anonymous_6)
FNDA:0,(anonymous_7)
FNDA:0,(anonymous_8)
FNDA:0,(anonymous_9)
FNDA:0,(anonymous_10)
FNDA:0,(anonymous_11)
FNDA:0,(anonymous_12)
FNDA:0,(anonymous_13)
FNDA:0,(anonymous_14)
DA:19,1
DA:20,0
DA:21,0
DA:22,0
DA:23,0
DA:24,0
DA:25,0
DA:26,0
DA:27,0
DA:28,0
DA:29,0
DA:30,0
DA:31,0
DA:32,0
DA:41,0
DA:42,0
DA:43,0
DA:45,0
DA:46,0
DA:51,0
DA:52,0
DA:53,0
DA:54,0
DA:55,0
DA:56,0
DA:57,0
DA:59,0
DA:60,0
DA:61,0
DA:62,0
DA:64,0
DA:66,0
DA:67,0
DA:68,0
DA:69,0
DA:72,0
DA:77,0
DA:78,0
DA:79,0
DA:80,0
DA:81,0
DA:115,0
DA:116,0
DA:126,0
DA:134,0
DA:139,0
DA:140,0
DA:141,0
DA:142,0
DA:143,0
DA:144,0
DA:145,0
DA:147,0
DA:148,0
DA:149,0
DA:150,0
DA:151,0
DA:152,0
DA:153,0
DA:155,0
DA:156,0
DA:160,0
DA:161,0
DA:162,0
DA:183,0
DA:184,0
DA:185,0
DA:186,0
DA:187,0
DA:188,0
DA:189,0
DA:196,0
DA:197,0
DA:198,0
DA:201,0
DA:202,0
DA:203,0
DA:204,0
DA:207,0
DA:212,0
DA:213,0
DA:214,0
DA:215,0
DA:216,0
DA:219,0
DA:220,0
DA:221,0
DA:225,0
DA:234,0
DA:235,0
DA:252,0
DA:253,0
LF:92
LH:1
BRDA:52,0,0,0
BRDA:52,0,1,0
BRDA:52,1,0,0
BRDA:52,1,1,0
BRDA:52,1,2,0
BRDA:55,2,0,0
BRDA:55,2,1,0
BRDA:55,3,0,0
BRDA:55,3,1,0
BRDA:55,3,2,0
BRDA:59,4,0,0
BRDA:59,4,1,0
BRDA:59,5,0,0
BRDA:59,5,1,0
BRDA:61,6,0,0
BRDA:61,6,1,0
BRDA:61,7,0,0
BRDA:61,7,1,0
BRDA:66,8,0,0
BRDA:66,8,1,0
BRDA:68,9,0,0
BRDA:68,9,1,0
BRDA:77,10,0,0
BRDA:77,10,1,0
BRDA:113,11,0,0
BRDA:113,11,1,0
BRDA:125,12,0,0
BRDA:125,12,1,0
BRDA:125,13,0,0
BRDA:125,13,1,0
BRDA:133,14,0,0
BRDA:133,14,1,0
BRDA:133,15,0,0
BRDA:133,15,1,0
BRDA:141,16,0,0
BRDA:141,16,1,0
BRDA:142,17,0,0
BRDA:142,17,1,0
BRDA:147,18,0,0
BRDA:147,18,1,0
BRDA:147,19,0,0
BRDA:147,19,1,0
BRDA:151,20,0,0
BRDA:151,20,1,0
BRDA:151,21,0,0
BRDA:151,21,1,0
BRDA:185,22,0,0
BRDA:185,22,1,0
BRDA:185,23,0,0
BRDA:185,23,1,0
BRDA:186,24,0,0
BRDA:186,24,1,0
BRDA:186,25,0,0
BRDA:186,25,1,0
BRDA:187,26,0,0
BRDA:187,26,1,0
BRDA:187,27,0,0
BRDA:187,27,1,0
BRDA:196,28,0,0
BRDA:196,28,1,0
BRDA:201,29,0,0
BRDA:201,29,1,0
BRDA:203,30,0,0
BRDA:203,30,1,0
BRDA:213,31,0,0
BRDA:213,31,1,0
BRDA:215,32,0,0
BRDA:215,32,1,0
BRDA:215,33,0,0
BRDA:215,33,1,0
BRDA:216,34,0,0
BRDA:216,34,1,0
BRDA:220,35,0,0
BRDA:220,35,1,0
BRDA:220,36,0,0
BRDA:220,36,1,0
BRDA:221,37,0,0
BRDA:221,37,1,0
BRDA:262,38,0,0
BRDA:262,38,1,0
BRF:80
BRH:0
end_of_record
TN:
SF:/Users/jb092610/Desktop/LearningTechnologiesRepo/journey-builder-js/src/journey-builder-app/core-components/hamburger_menu/hamburger_menu.jsx
FN:14,(anonymous_0)
FN:21,(anonymous_1)
FN:33,(anonymous_2)
FN:37,(anonymous_3)
FN:43,(anonymous_4)
FN:54,(anonymous_5)
FN:59,(anonymous_6)
FN:63,(anonymous_7)
FN:90,(anonymous_8)
FN:98,(anonymous_9)
FN:106,(anonymous_10)
FNF:11
FNH:0
FNDA:0,(anonymous_0)
FNDA:0,(anonymous_1)
FNDA:0,(anonymous_2)
FNDA:0,(anonymous_3)
FNDA:0,(anonymous_4)
FNDA:0,(anonymous_5)
FNDA:0,(anonymous_6)
FNDA:0,(anonymous_7)
FNDA:0,(anonymous_8)
FNDA:0,(anonymous_9)
FNDA:0,(anonymous_10)
DA:11,1
DA:15,0
DA:16,0
DA:22,0
DA:23,0
DA:25,0
DA:26,0
DA:27,0
DA:28,0
DA:29,0
DA:34,0
DA:38,0
DA:39,0
DA:40,0
DA:44,0
DA:45,0
DA:46,0
DA:47,0
DA:48,0
DA:49,0
DA:50,0
DA:51,0
DA:54,0
DA:55,0
DA:56,0
DA:59,0
DA:60,0
DA:64,0
DA:66,0
DA:69,0
DA:71,0
DA:90,0
DA:98,0
DA:106,0
LF:34
LH:1
BRDA:22,0,0,0
BRDA:22,0,1,0
BRDA:66,1,0,0
BRDA:66,1,1,0
BRDA:69,2,0,0
BRDA:69,2,1,0
BRDA:84,3,0,0
BRDA:84,3,1,0
BRDA:84,4,0,0
BRDA:84,4,1,0
BRDA:84,5,0,0
BRDA:84,5,1,0
BRDA:89,6,0,0
BRDA:89,6,1,0
BRDA:96,7,0,0
BRDA:96,7,1,0
BRDA:96,7,2,0
BRDA:96,7,3,0
BRDA:96,7,4,0
BRDA:104,8,0,0
BRDA:104,8,1,0
BRDA:104,8,2,0
BRDA:131,9,0,0
BRDA:131,9,1,0
BRF:24
BRH:0
end_of_record
TN:
SF:/Users/jb092610/Desktop/LearningTechnologiesRepo/journey-builder-js/src/journey-builder-app/core-components/header/header.jsx
FN:18,(anonymous_0)
FN:31,(anonymous_1)
FN:34,(anonymous_2)
FN:42,(anonymous_3)
FN:48,(anonymous_4)
FN:51,(anonymous_5)
FN:76,(anonymous_6)
FN:82,(anonymous_7)
FN:86,(anonymous_8)
FNF:9
FNH:0
FNDA:0,(anonymous_0)
FNDA:0,(anonymous_1)
FNDA:0,(anonymous_2)
FNDA:0,(anonymous_3)
FNDA:0,(anonymous_4)
FNDA:0,(anonymous_5)
FNDA:0,(anonymous_6)
FNDA:0,(anonymous_7)
FNDA:0,(anonymous_8)
DA:15,1
DA:19,0
DA:20,0
DA:21,0
DA:31,0
DA:35,0
DA:36,0
DA:37,0
DA:38,0
DA:39,0
DA:43,0
DA:44,0
DA:45,0
DA:49,0
DA:50,0
DA:51,0
DA:52,0
DA:53,0
DA:54,0
DA:76,0
DA:82,1
DA:86,1
LF:22
LH:3
BRDA:53,0,0,0
BRDA:53,0,1,0
BRDA:53,1,0,0
BRDA:53,1,1,0
BRDA:53,2,0,0
BRDA:53,2,1,0
BRDA:61,3,0,0
BRDA:61,3,1,0
BRDA:65,4,0,0
BRDA:65,4,1,0
BRDA:65,4,2,0
BRDA:69,5,0,0
BRDA:69,5,1,0
BRDA:69,5,2,0
BRDA:76,6,0,0
BRDA:76,6,1,0
BRF:16
BRH:0
end_of_record
TN:
SF:/Users/jb092610/Desktop/LearningTechnologiesRepo/journey-builder-js/src/journey-builder-app/core-components/loading/index.jsx
FN:5,(anonymous_0)
FNF:1
FNH:0
FNDA:0,(anonymous_0)
DA:5,1
DA:6,0
LF:2
LH:1
BRF:0
BRH:0
end_of_record
TN:
SF:/Users/jb092610/Desktop/LearningTechnologiesRepo/journey-builder-js/src/journey-builder-app/core-components/main/main.jsx
FN:5,(anonymous_0)
FN:9,(anonymous_1)
FNF:2
FNH:0
FNDA:0,(anonymous_0)
FNDA:0,(anonymous_1)
DA:6,0
DA:12,0
DA:13,0
DA:21,4
LF:4
LH:1
BRF:0
BRH:0
end_of_record
TN:
SF:/Users/jb092610/Desktop/LearningTechnologiesRepo/journey-builder-js/src/journey-builder-app/core-components/notifications-icon/index.jsx
FN:13,(anonymous_0)
FN:15,(anonymous_1)
FN:17,(anonymous_2)
FN:19,(anonymous_3)
FN:27,(anonymous_4)
FN:32,(anonymous_5)
FNF:6
FNH:0
FNDA:0,(anonymous_0)
FNDA:0,(anonymous_1)
FNDA:0,(anonymous_2)
FNDA:0,(anonymous_3)
FNDA:0,(anonymous_4)
FNDA:0,(anonymous_5)
DA:13,1
DA:14,0
DA:15,0
DA:17,0
DA:18,0
DA:19,0
DA:21,0
DA:23,0
DA:26,0
DA:29,0
DA:32,0
DA:33,0
DA:36,0
DA:48,1
LF:14
LH:2
BRDA:21,0,0,0
BRDA:21,0,1,0
BRDA:21,1,0,0
BRDA:21,1,1,0
BRDA:21,1,2,0
BRDA:21,2,0,0
BRDA:21,2,1,0
BRDA:41,3,0,0
BRDA:41,3,1,0
BRF:9
BRH:0
end_of_record
TN:
SF:/Users/jb092610/Desktop/LearningTechnologiesRepo/journey-builder-js/src/journey-builder-app/core-components/notifications-icon/actions/notifications-icon-action-types.js
FNF:0
FNH:0
DA:1,1
DA:3,1
LF:2
LH:2
BRF:0
BRH:0
end_of_record
TN:
SF:/Users/jb092610/Desktop/LearningTechnologiesRepo/journey-builder-js/src/journey-builder-app/core-components/notifications-icon/actions/notifications-icon-actions.js
FN:3,(anonymous_0)
FN:4,(anonymous_1)
FNF:2
FNH:1
FNDA:1,(anonymous_0)
FNDA:0,(anonymous_1)
DA:3,1
DA:4,0
LF:2
LH:1
BRF:0
BRH:0
end_of_record
TN:
SF:/Users/jb092610/Desktop/LearningTechnologiesRepo/journey-builder-js/src/journey-builder-app/core-components/primary-navigator/primary_navigator.jsx
FN:6,(anonymous_0)
FN:14,(anonymous_1)
FN:26,(anonymous_2)
FNF:3
FNH:0
FNDA:0,(anonymous_0)
FNDA:0,(anonymous_1)
FNDA:0,(anonymous_2)
DA:7,0
DA:15,0
DA:27,0
LF:3
LH:0
BRDA:10,0,0,0
BRDA:10,0,1,0
BRDA:21,1,0,0
BRDA:21,1,1,0
BRF:4
BRH:0
end_of_record
TN:
SF:/Users/jb092610/Desktop/LearningTechnologiesRepo/journey-builder-js/src/journey-builder-app/core-components/side-menu/side_menu.jsx
FN:6,(anonymous_0)
FN:10,(anonymous_1)
FN:15,(anonymous_2)
FNF:3
FNH:0
FNDA:0,(anonymous_0)
FNDA:0,(anonymous_1)
FNDA:0,(anonymous_2)
DA:7,0
DA:11,0
DA:12,0
DA:16,0
DA:17,0
LF:5
LH:0
BRF:0
BRH:0
end_of_record
TN:
SF:/Users/jb092610/Desktop/LearningTechnologiesRepo/journey-builder-js/src/journey-builder-app/core-components/submodules-container/submodule_container.jsx
FN:12,SubmoduleContainer
FN:14,(anonymous_1)
FN:15,(anonymous_2)
FN:16,(anonymous_3)
FN:20,(anonymous_4)
FN:39,(anonymous_5)
FNF:6
FNH:0
FNDA:0,SubmoduleContainer
FNDA:0,(anonymous_1)
FNDA:0,(anonymous_2)
FNDA:0,(anonymous_3)
FNDA:0,(anonymous_4)
FNDA:0,(anonymous_5)
DA:13,0
DA:14,0
DA:15,0
DA:16,0
DA:17,0
DA:19,0
DA:20,0
DA:23,0
DA:39,0
DA:49,0
LF:10
LH:0
BRDA:19,0,0,0
BRDA:19,0,1,0
BRDA:31,1,0,0
BRDA:31,1,1,0
BRDA:33,2,0,0
BRDA:33,2,1,0
BRDA:36,3,0,0
BRDA:36,3,1,0
BRF:8
BRH:0
end_of_record
TN:
SF:/Users/jb092610/Desktop/LearningTechnologiesRepo/journey-builder-js/src/journey-builder-app/core-components/toolbar/toolbar.jsx
FN:11,(anonymous_0)
FN:15,(anonymous_1)
FN:37,(anonymous_2)
FNF:3
FNH:0
FNDA:0,(anonymous_0)
FNDA:0,(anonymous_1)
FNDA:0,(anonymous_2)
DA:12,0
DA:16,0
DA:33,1
DA:37,1
LF:4
LH:2
BRDA:26,0,0,0
BRDA:26,0,1,0
BRF:2
BRH:0
end_of_record
TN:
SF:/Users/jb092610/Desktop/LearningTechnologiesRepo/journey-builder-js/src/journey-builder-app/modules/admin-notifications/admin_notification_router.jsx
FN:9,(anonymous_0)
FNF:1
FNH:0
FNDA:0,(anonymous_0)
DA:10,0
LF:1
LH:0
BRF:0
BRH:0
end_of_record
TN:
SF:/Users/jb092610/Desktop/LearningTechnologiesRepo/journey-builder-js/src/journey-builder-app/modules/admin-notifications/actions/admin_notification_action_types.js
FNF:0
FNH:0
DA:1,4
DA:3,4
DA:6,4
DA:9,4
DA:12,4
DA:15,4
DA:18,4
DA:21,4
DA:23,4
DA:25,4
DA:27,4
DA:29,4
DA:31,4
DA:34,4
DA:37,4
DA:40,4
DA:42,4
DA:45,4
DA:47,4
DA:50,4
DA:52,4
DA:54,4
DA:56,4
DA:58,4
DA:60,4
DA:62,4
DA:65,4
DA:67,4
DA:70,4
DA:72,4
DA:74,4
DA:76,4
DA:79,4
LF:33
LH:33
BRF:0
BRH:0
end_of_record
TN:
SF:/Users/jb092610/Desktop/LearningTechnologiesRepo/journey-builder-js/src/journey-builder-app/modules/admin-notifications/actions/admin_notification_actions.js
FN:3,(anonymous_0)
FN:4,(anonymous_1)
FN:8,(anonymous_2)
FN:13,(anonymous_3)
FN:18,(anonymous_4)
FN:23,(anonymous_5)
FN:28,(anonymous_6)
FN:32,(anonymous_7)
FN:37,(anonymous_8)
FN:41,(anonymous_9)
FN:45,(anonymous_10)
FN:49,(anonymous_11)
FN:52,(anonymous_12)
FN:55,(anonymous_13)
FN:59,(anonymous_14)
FN:63,(anonymous_15)
FN:69,(anonymous_16)
FN:74,(anonymous_17)
FN:78,(anonymous_18)
FN:82,(anonymous_19)
FNF:20
FNH:1
FNDA:3,(anonymous_0)
FNDA:0,(anonymous_1)
FNDA:0,(anonymous_2)
FNDA:0,(anonymous_3)
FNDA:0,(anonymous_4)
FNDA:0,(anonymous_5)
FNDA:0,(anonymous_6)
FNDA:0,(anonymous_7)
FNDA:0,(anonymous_8)
FNDA:0,(anonymous_9)
FNDA:0,(anonymous_10)
FNDA:0,(anonymous_11)
FNDA:0,(anonymous_12)
FNDA:0,(anonymous_13)
FNDA:0,(anonymous_14)
FNDA:0,(anonymous_15)
FNDA:0,(anonymous_16)
FNDA:0,(anonymous_17)
FNDA:0,(anonymous_18)
FNDA:0,(anonymous_19)
DA:3,3
DA:4,0
DA:8,0
DA:13,0
DA:18,0
DA:23,0
DA:28,0
DA:32,0
DA:37,0
DA:41,0
DA:45,0
DA:49,0
DA:52,0
DA:55,0
DA:59,0
DA:63,0
DA:69,0
DA:74,0
DA:78,0
DA:82,0
LF:20
LH:1
BRF:0
BRH:0
end_of_record
TN:
SF:/Users/jb092610/Desktop/LearningTechnologiesRepo/journey-builder-js/src/journey-builder-app/modules/admin-notifications/helper/search_helper.js
FN:22,(anonymous_0)
FN:43,(anonymous_1)
FN:50,(anonymous_2)
FN:57,(anonymous_3)
FN:64,(anonymous_4)
FN:72,(anonymous_5)
FN:78,(anonymous_6)
FN:85,(anonymous_7)
FN:93,(anonymous_8)
FN:100,(anonymous_9)
FN:108,(anonymous_10)
FN:116,(anonymous_11)
FNF:12
FNH:0
FNDA:0,(anonymous_0)
FNDA:0,(anonymous_1)
FNDA:0,(anonymous_2)
FNDA:0,(anonymous_3)
FNDA:0,(anonymous_4)
FNDA:0,(anonymous_5)
FNDA:0,(anonymous_6)
FNDA:0,(anonymous_7)
FNDA:0,(anonymous_8)
FNDA:0,(anonymous_9)
FNDA:0,(anonymous_10)
FNDA:0,(anonymous_11)
DA:1,1
DA:23,0
DA:24,0
DA:41,0
DA:44,0
DA:45,0
DA:46,0
DA:47,0
DA:48,0
DA:51,0
DA:52,0
DA:53,0
DA:54,0
DA:55,0
DA:58,0
DA:59,0
DA:60,0
DA:61,0
DA:62,0
DA:65,0
DA:66,0
DA:68,0
DA:69,0
DA:70,0
DA:73,0
DA:74,0
DA:75,0
DA:76,0
DA:79,0
DA:80,0
DA:81,0
DA:82,0
DA:83,0
DA:86,0
DA:87,0
DA:89,0
DA:91,0
DA:94,0
DA:95,0
DA:97,0
DA:101,0
DA:105,0
DA:106,0
DA:109,0
DA:113,0
DA:114,0
DA:117,0
LF:47
LH:1
BRDA:90,0,0,0
BRDA:90,0,1,0
BRDA:95,1,0,0
BRDA:95,1,1,0
BRDA:95,2,0,0
BRDA:95,2,1,0
BRDA:101,3,0,0
BRDA:101,3,1,0
BRDA:109,4,0,0
BRDA:109,4,1,0
BRF:10
BRH:0
end_of_record
TN:
SF:/Users/jb092610/Desktop/LearningTechnologiesRepo/journey-builder-js/src/journey-builder-app/modules/admin-notifications/pages/create_edit/edit_rich_text.jsx
FN:24,EditRichText
FN:34,(anonymous_1)
FN:36,(anonymous_2)
FN:40,handleCancel
FN:43,handleSave
FN:63,(anonymous_5)
FN:67,(anonymous_6)
FN:100,(anonymous_7)
FN:104,(anonymous_8)
FN:112,(anonymous_9)
FN:131,(anonymous_10)
FN:140,(anonymous_11)
FNF:12
FNH:0
FNDA:0,EditRichText
FNDA:0,(anonymous_1)
FNDA:0,(anonymous_2)
FNDA:0,handleCancel
FNDA:0,handleSave
FNDA:0,(anonymous_5)
FNDA:0,(anonymous_6)
FNDA:0,(anonymous_7)
FNDA:0,(anonymous_8)
FNDA:0,(anonymous_9)
FNDA:0,(anonymous_10)
FNDA:0,(anonymous_11)
DA:25,0
DA:26,0
DA:27,0
DA:28,0
DA:29,0
DA:30,0
DA:32,0
DA:33,0
DA:34,0
DA:36,0
DA:37,0
DA:41,0
DA:44,0
DA:45,0
DA:46,0
DA:52,0
DA:59,0
DA:60,0
DA:63,0
DA:64,0
DA:67,0
DA:68,0
DA:72,0
DA:73,0
DA:74,0
DA:76,0
DA:77,0
DA:78,0
DA:82,0
DA:101,0
DA:102,0
DA:105,0
DA:106,0
DA:107,0
DA:108,0
DA:109,0
DA:112,0
DA:132,0
DA:141,0
LF:39
LH:0
BRDA:37,0,0,0
BRDA:37,0,1,0
BRDA:45,1,0,0
BRDA:45,1,1,0
BRDA:68,2,0,0
BRDA:68,2,1,0
BRDA:69,3,0,0
BRDA:69,3,1,0
BRDA:92,4,0,0
BRDA:92,4,1,0
BRDA:102,5,0,0
BRDA:102,5,1,0
BRDA:102,5,2,0
BRDA:106,6,0,0
BRDA:106,6,1,0
BRDA:115,7,0,0
BRDA:115,7,1,0
BRDA:118,8,0,0
BRDA:118,8,1,0
BRDA:118,9,0,0
BRDA:118,9,1,0
BRDA:118,9,2,0
BRDA:122,10,0,0
BRDA:122,10,1,0
BRDA:122,10,2,0
BRDA:135,11,0,0
BRDA:135,11,1,0
BRF:27
BRH:0
end_of_record
TN:
SF:/Users/jb092610/Desktop/LearningTechnologiesRepo/journey-builder-js/src/journey-builder-app/modules/admin-notifications/pages/create_edit/notif_summary_editor.jsx
FN:16,(anonymous_0)
FN:18,(anonymous_1)
FN:30,handleEditSub_txt
FN:46,handleSubjectTextModalOpen
FN:59,(anonymous_4)
FNF:5
FNH:0
FNDA:0,(anonymous_0)
FNDA:0,(anonymous_1)
FNDA:0,handleEditSub_txt
FNDA:0,handleSubjectTextModalOpen
FNDA:0,(anonymous_4)
DA:16,1
DA:17,0
DA:18,0
DA:21,0
DA:23,0
DA:24,0
DA:25,0
DA:26,0
DA:27,0
DA:29,0
DA:31,0
DA:32,0
DA:33,0
DA:34,0
DA:35,0
DA:36,0
DA:38,0
DA:39,0
DA:40,0
DA:41,0
DA:42,0
DA:47,0
DA:59,0
DA:60,0
DA:63,0
LF:25
LH:1
BRDA:31,0,0,0
BRDA:31,0,1,0
BRDA:65,1,0,0
BRDA:65,1,1,0
BRDA:65,2,0,0
BRDA:65,2,1,0
BRDA:75,3,0,0
BRDA:75,3,1,0
BRDA:75,4,0,0
BRDA:75,4,1,0
BRDA:120,5,0,0
BRDA:120,5,1,0
BRDA:120,5,2,0
BRDA:120,5,3,0
BRF:14
BRH:0
end_of_record
TN:
SF:/Users/jb092610/Desktop/LearningTechnologiesRepo/journey-builder-js/src/journey-builder-app/modules/admin-notifications/pages/create_edit/notification_details.jsx
FN:55,NotificationDetails
FN:57,(anonymous_1)
FN:112,(anonymous_2)
FN:114,(anonymous_3)
FN:114,(anonymous_4)
FN:114,(anonymous_5)
FN:114,(anonymous_6)
FN:115,(anonymous_7)
FN:134,(anonymous_8)
FN:140,(anonymous_9)
FN:147,(anonymous_10)
FN:151,(anonymous_11)
FN:160,(anonymous_12)
FN:180,(anonymous_13)
FN:193,(anonymous_14)
FN:201,(anonymous_15)
FN:209,(anonymous_16)
FN:217,(anonymous_17)
FN:230,(anonymous_18)
FN:237,(anonymous_19)
FN:242,(anonymous_20)
FN:243,(anonymous_21)
FN:247,(anonymous_22)
FN:248,(anonymous_23)
FN:252,(anonymous_24)
FN:257,(anonymous_25)
FN:258,(anonymous_26)
FN:267,(anonymous_27)
FN:273,(anonymous_28)
FN:274,(anonymous_29)
FN:279,(anonymous_30)
FN:280,(anonymous_31)
FN:289,(anonymous_32)
FN:293,(anonymous_33)
FN:296,(anonymous_34)
FN:298,(anonymous_35)
FN:304,(anonymous_36)
FN:306,(anonymous_37)
FN:310,(anonymous_38)
FN:312,(anonymous_39)
FN:318,(anonymous_40)
FN:320,(anonymous_41)
FN:326,(anonymous_42)
FN:331,(anonymous_43)
FN:335,(anonymous_44)
FN:339,(anonymous_45)
FN:350,(anonymous_46)
FN:353,(anonymous_47)
FN:353,(anonymous_48)
FN:354,(anonymous_49)
FN:354,(anonymous_50)
FN:355,(anonymous_51)
FN:355,(anonymous_52)
FN:356,(anonymous_53)
FN:362,(anonymous_54)
FN:365,(anonymous_55)
FN:368,(anonymous_56)
FN:371,(anonymous_57)
FN:380,(anonymous_58)
FN:387,(anonymous_59)
FN:393,(anonymous_60)
FN:399,(anonymous_61)
FN:405,(anonymous_62)
FN:405,(anonymous_63)
FN:405,(anonymous_64)
FN:407,(anonymous_65)
FN:408,(anonymous_66)
FN:408,(anonymous_67)
FN:411,(anonymous_68)
FN:414,(anonymous_69)
FN:421,(anonymous_70)
FN:432,(anonymous_71)
FN:432,(anonymous_72)
FN:432,(anonymous_73)
FN:434,(anonymous_74)
FN:435,(anonymous_75)
FN:435,(anonymous_76)
FN:438,(anonymous_77)
FN:440,(anonymous_78)
FN:448,(anonymous_79)
FN:448,(anonymous_80)
FN:448,(anonymous_81)
FN:450,(anonymous_82)
FN:451,(anonymous_83)
FN:454,(anonymous_84)
FN:456,(anonymous_85)
FN:465,(anonymous_86)
FN:476,(anonymous_87)
FN:487,(anonymous_88)
FN:488,(anonymous_89)
FN:489,(anonymous_90)
FN:490,(anonymous_91)
FN:499,(anonymous_92)
FN:501,(anonymous_93)
FN:502,(anonymous_94)
FN:502,(anonymous_95)
FN:508,(anonymous_96)
FN:513,(anonymous_97)
FN:517,(anonymous_98)
FN:547,(anonymous_99)
FN:588,(anonymous_100)
FN:593,(anonymous_101)
FN:623,(anonymous_102)
FN:624,(anonymous_103)
FN:693,(anonymous_104)
FN:694,(anonymous_105)
FN:696,(anonymous_106)
FN:701,(anonymous_107)
FN:706,(anonymous_108)
FN:717,(anonymous_109)
FN:751,(anonymous_110)
FN:771,(anonymous_111)
FN:777,(anonymous_112)
FN:790,(anonymous_113)
FNF:114
FNH:0
FNDA:0,NotificationDetails
FNDA:0,(anonymous_1)
FNDA:0,(anonymous_2)
FNDA:0,(anonymous_3)
FNDA:0,(anonymous_4)
FNDA:0,(anonymous_5)
FNDA:0,(anonymous_6)
FNDA:0,(anonymous_7)
FNDA:0,(anonymous_8)
FNDA:0,(anonymous_9)
FNDA:0,(anonymous_10)
FNDA:0,(anonymous_11)
FNDA:0,(anonymous_12)
FNDA:0,(anonymous_13)
FNDA:0,(anonymous_14)
FNDA:0,(anonymous_15)
FNDA:0,(anonymous_16)
FNDA:0,(anonymous_17)
FNDA:0,(anonymous_18)
FNDA:0,(anonymous_19)
FNDA:0,(anonymous_20)
FNDA:0,(anonymous_21)
FNDA:0,(anonymous_22)
FNDA:0,(anonymous_23)
FNDA:0,(anonymous_24)
FNDA:0,(anonymous_25)
FNDA:0,(anonymous_26)
FNDA:0,(anonymous_27)
FNDA:0,(anonymous_28)
FNDA:0,(anonymous_29)
FNDA:0,(anonymous_30)
FNDA:0,(anonymous_31)
FNDA:0,(anonymous_32)
FNDA:0,(anonymous_33)
FNDA:0,(anonymous_34)
FNDA:0,(anonymous_35)
FNDA:0,(anonymous_36)
FNDA:0,(anonymous_37)
FNDA:0,(anonymous_38)
FNDA:0,(anonymous_39)
FNDA:0,(anonymous_40)
FNDA:0,(anonymous_41)
FNDA:0,(anonymous_42)
FNDA:0,(anonymous_43)
FNDA:0,(anonymous_44)
FNDA:0,(anonymous_45)
FNDA:0,(anonymous_46)
FNDA:0,(anonymous_47)
FNDA:0,(anonymous_48)
FNDA:0,(anonymous_49)
FNDA:0,(anonymous_50)
FNDA:0,(anonymous_51)
FNDA:0,(anonymous_52)
FNDA:0,(anonymous_53)
FNDA:0,(anonymous_54)
FNDA:0,(anonymous_55)
FNDA:0,(anonymous_56)
FNDA:0,(anonymous_57)
FNDA:0,(anonymous_58)
FNDA:0,(anonymous_59)
FNDA:0,(anonymous_60)
FNDA:0,(anonymous_61)
FNDA:0,(anonymous_62)
FNDA:0,(anonymous_63)
FNDA:0,(anonymous_64)
FNDA:0,(anonymous_65)
FNDA:0,(anonymous_66)
FNDA:0,(anonymous_67)
FNDA:0,(anonymous_68)
FNDA:0,(anonymous_69)
FNDA:0,(anonymous_70)
FNDA:0,(anonymous_71)
FNDA:0,(anonymous_72)
FNDA:0,(anonymous_73)
FNDA:0,(anonymous_74)
FNDA:0,(anonymous_75)
FNDA:0,(anonymous_76)
FNDA:0,(anonymous_77)
FNDA:0,(anonymous_78)
FNDA:0,(anonymous_79)
FNDA:0,(anonymous_80)
FNDA:0,(anonymous_81)
FNDA:0,(anonymous_82)
FNDA:0,(anonymous_83)
FNDA:0,(anonymous_84)
FNDA:0,(anonymous_85)
FNDA:0,(anonymous_86)
FNDA:0,(anonymous_87)
FNDA:0,(anonymous_88)
FNDA:0,(anonymous_89)
FNDA:0,(anonymous_90)
FNDA:0,(anonymous_91)
FNDA:0,(anonymous_92)
FNDA:0,(anonymous_93)
FNDA:0,(anonymous_94)
FNDA:0,(anonymous_95)
FNDA:0,(anonymous_96)
FNDA:0,(anonymous_97)
FNDA:0,(anonymous_98)
FNDA:0,(anonymous_99)
FNDA:0,(anonymous_100)
FNDA:0,(anonymous_101)
FNDA:0,(anonymous_102)
FNDA:0,(anonymous_103)
FNDA:0,(anonymous_104)
FNDA:0,(anonymous_105)
FNDA:0,(anonymous_106)
FNDA:0,(anonymous_107)
FNDA:0,(anonymous_108)
FNDA:0,(anonymous_109)
FNDA:0,(anonymous_110)
FNDA:0,(anonymous_111)
FNDA:0,(anonymous_112)
FNDA:0,(anonymous_113)
DA:56,0
DA:57,0
DA:73,0
DA:74,0
DA:75,0
DA:76,0
DA:77,0
DA:78,0
DA:79,0
DA:80,0
DA:81,0
DA:82,0
DA:83,0
DA:84,0
DA:85,0
DA:86,0
DA:87,0
DA:88,0
DA:89,0
DA:90,0
DA:91,0
DA:92,0
DA:93,0
DA:94,0
DA:95,0
DA:96,0
DA:97,0
DA:98,0
DA:99,0
DA:101,0
DA:113,0
DA:114,0
DA:116,0
DA:135,0
DA:140,0
DA:147,0
DA:148,0
DA:151,0
DA:152,0
DA:153,0
DA:154,0
DA:155,0
DA:156,0
DA:160,0
DA:162,0
DA:173,0
DA:175,0
DA:177,0
DA:180,0
DA:181,0
DA:182,0
DA:188,0
DA:190,0
DA:193,0
DA:194,0
DA:195,0
DA:197,0
DA:201,0
DA:202,0
DA:203,0
DA:205,0
DA:209,0
DA:210,0
DA:211,0
DA:213,0
DA:217,0
DA:218,0
DA:219,0
DA:220,0
DA:222,0
DA:223,0
DA:229,0
DA:231,0
DA:236,0
DA:238,0
DA:242,0
DA:243,0
DA:244,0
DA:247,0
DA:248,0
DA:249,0
DA:252,0
DA:253,0
DA:254,0
DA:255,0
DA:256,0
DA:257,0
DA:258,0
DA:259,0
DA:262,0
DA:264,0
DA:265,0
DA:266,0
DA:267,0
DA:270,0
DA:271,0
DA:272,0
DA:273,0
DA:274,0
DA:277,0
DA:278,0
DA:279,0
DA:280,0
DA:283,0
DA:289,0
DA:290,0
DA:291,0
DA:292,0
DA:293,0
DA:296,0
DA:297,0
DA:298,0
DA:301,0
DA:302,0
DA:303,0
DA:304,0
DA:305,0
DA:306,0
DA:307,0
DA:310,0
DA:311,0
DA:312,0
DA:313,0
DA:318,0
DA:319,0
DA:320,0
DA:322,0
DA:326,0
DA:327,0
DA:328,0
DA:331,0
DA:332,0
DA:335,0
DA:336,0
DA:339,0
DA:340,0
DA:343,0
DA:344,0
DA:346,0
DA:350,0
DA:351,0
DA:352,0
DA:353,0
DA:354,0
DA:355,0
DA:356,0
DA:357,0
DA:358,0
DA:360,0
DA:361,0
DA:362,0
DA:364,0
DA:365,0
DA:367,0
DA:368,0
DA:370,0
DA:371,0
DA:372,0
DA:377,0
DA:380,0
DA:381,0
DA:382,0
DA:384,0
DA:387,0
DA:388,0
DA:389,0
DA:390,0
DA:393,0
DA:394,0
DA:395,0
DA:396,0
DA:399,0
DA:400,0
DA:401,0
DA:404,0
DA:405,0
DA:406,0
DA:407,0
DA:408,0
DA:409,0
DA:411,0
DA:414,0
DA:417,0
DA:420,0
DA:421,0
DA:431,0
DA:432,0
DA:433,0
DA:434,0
DA:435,0
DA:436,0
DA:438,0
DA:440,0
DA:443,0
DA:447,0
DA:448,0
DA:449,0
DA:450,0
DA:451,0
DA:452,0
DA:454,0
DA:456,0
DA:459,0
DA:461,0
DA:462,0
DA:465,0
DA:466,0
DA:467,0
DA:468,0
DA:469,0
DA:470,0
DA:471,0
DA:472,0
DA:473,0
DA:476,0
DA:477,0
DA:487,0
DA:488,0
DA:489,0
DA:490,0
DA:494,0
DA:499,0
DA:501,0
DA:502,0
DA:504,0
DA:505,0
DA:508,0
DA:509,0
DA:510,0
DA:513,0
DA:514,0
DA:517,0
DA:518,0
DA:521,0
DA:547,0
DA:588,0
DA:594,0
DA:623,0
DA:624,0
DA:693,0
DA:694,0
DA:696,0
DA:701,0
DA:707,0
DA:718,0
DA:751,0
DA:772,0
DA:773,0
DA:778,0
DA:779,0
DA:783,0
DA:787,0
DA:790,0
LF:253
LH:0
BRDA:103,0,0,0
BRDA:103,0,1,0
BRDA:113,1,0,0
BRDA:113,1,1,0
BRDA:114,2,0,0
BRDA:114,2,1,0
BRDA:118,3,0,0
BRDA:118,3,1,0
BRDA:118,4,0,0
BRDA:118,4,1,0
BRDA:118,5,0,0
BRDA:118,5,1,0
BRDA:152,6,0,0
BRDA:152,6,1,0
BRDA:152,7,0,0
BRDA:152,7,1,0
BRDA:162,8,0,0
BRDA:162,8,1,0
BRDA:163,9,0,0
BRDA:163,9,1,0
BRDA:163,9,2,0
BRDA:163,9,3,0
BRDA:163,9,4,0
BRDA:163,9,5,0
BRDA:163,9,6,0
BRDA:163,9,7,0
BRDA:163,9,8,0
BRDA:163,9,9,0
BRDA:182,10,0,0
BRDA:182,10,1,0
BRDA:183,11,0,0
BRDA:183,11,1,0
BRDA:183,11,2,0
BRDA:183,11,3,0
BRDA:183,11,4,0
BRDA:194,12,0,0
BRDA:194,12,1,0
BRDA:194,13,0,0
BRDA:194,13,1,0
BRDA:202,14,0,0
BRDA:202,14,1,0
BRDA:210,15,0,0
BRDA:210,15,1,0
BRDA:218,16,0,0
BRDA:218,16,1,0
BRDA:219,17,0,0
BRDA:219,17,1,0
BRDA:222,18,0,0
BRDA:222,18,1,0
BRDA:254,19,0,0
BRDA:254,19,1,0
BRDA:256,20,0,0
BRDA:256,20,1,0
BRDA:262,21,0,0
BRDA:262,21,1,0
BRDA:264,22,0,0
BRDA:264,22,1,0
BRDA:270,23,0,0
BRDA:270,23,1,0
BRDA:272,24,0,0
BRDA:272,24,1,0
BRDA:278,25,0,0
BRDA:278,25,1,0
BRDA:290,26,0,0
BRDA:290,26,1,0
BRDA:291,27,0,0
BRDA:291,27,1,0
BRDA:301,28,0,0
BRDA:301,28,1,0
BRDA:303,29,0,0
BRDA:303,29,1,0
BRDA:319,30,0,0
BRDA:319,30,1,0
BRDA:320,31,0,0
BRDA:320,31,1,0
BRDA:320,32,0,0
BRDA:320,32,1,0
BRDA:321,33,0,0
BRDA:321,33,1,0
BRDA:322,34,0,0
BRDA:322,34,1,0
BRDA:332,35,0,0
BRDA:332,35,1,0
BRDA:340,36,0,0
BRDA:340,36,1,0
BRDA:341,37,0,0
BRDA:341,37,1,0
BRDA:361,38,0,0
BRDA:361,38,1,0
BRDA:364,39,0,0
BRDA:364,39,1,0
BRDA:367,40,0,0
BRDA:367,40,1,0
BRDA:370,41,0,0
BRDA:370,41,1,0
BRDA:381,42,0,0
BRDA:381,42,1,0
BRDA:404,43,0,0
BRDA:404,43,1,0
BRDA:408,44,0,0
BRDA:408,44,1,0
BRDA:417,45,0,0
BRDA:417,45,1,0
BRDA:420,46,0,0
BRDA:420,46,1,0
BRDA:421,47,0,0
BRDA:421,47,1,0
BRDA:431,48,0,0
BRDA:431,48,1,0
BRDA:435,49,0,0
BRDA:435,49,1,0
BRDA:443,50,0,0
BRDA:443,50,1,0
BRDA:447,51,0,0
BRDA:447,51,1,0
BRDA:451,52,0,0
BRDA:451,52,1,0
BRDA:459,53,0,0
BRDA:459,53,1,0
BRDA:482,54,0,0
BRDA:482,54,1,0
BRDA:482,55,0,0
BRDA:482,55,1,0
BRDA:483,56,0,0
BRDA:483,56,1,0
BRDA:483,57,0,0
BRDA:483,57,1,0
BRDA:487,58,0,0
BRDA:487,58,1,0
BRDA:488,59,0,0
BRDA:488,59,1,0
BRDA:489,60,0,0
BRDA:489,60,1,0
BRDA:490,61,0,0
BRDA:490,61,1,0
BRDA:494,62,0,0
BRDA:494,62,1,0
BRDA:501,63,0,0
BRDA:501,63,1,0
BRDA:502,64,0,0
BRDA:502,64,1,0
BRDA:504,65,0,0
BRDA:504,65,1,0
BRDA:514,66,0,0
BRDA:514,66,1,0
BRDA:514,67,0,0
BRDA:514,67,1,0
BRDA:514,67,2,0
BRDA:518,68,0,0
BRDA:518,68,1,0
BRDA:524,69,0,0
BRDA:524,69,1,0
BRDA:528,70,0,0
BRDA:528,70,1,0
BRDA:528,70,2,0
BRDA:529,71,0,0
BRDA:529,71,1,0
BRDA:536,72,0,0
BRDA:536,72,1,0
BRDA:541,73,0,0
BRDA:541,73,1,0
BRDA:541,73,2,0
BRDA:541,73,3,0
BRDA:556,74,0,0
BRDA:556,74,1,0
BRDA:580,75,0,0
BRDA:580,75,1,0
BRDA:611,76,0,0
BRDA:611,76,1,0
BRDA:626,77,0,0
BRDA:626,77,1,0
BRDA:631,78,0,0
BRDA:631,78,1,0
BRDA:661,79,0,0
BRDA:661,79,1,0
BRDA:670,80,0,0
BRDA:670,80,1,0
BRDA:681,81,0,0
BRDA:681,81,1,0
BRDA:681,81,2,0
BRDA:681,81,3,0
BRDA:682,82,0,0
BRDA:682,82,1,0
BRDA:682,83,0,0
BRDA:682,83,1,0
BRDA:682,84,0,0
BRDA:682,84,1,0
BRDA:682,85,0,0
BRDA:682,85,1,0
BRDA:688,86,0,0
BRDA:688,86,1,0
BRDA:688,87,0,0
BRDA:688,87,1,0
BRDA:699,88,0,0
BRDA:699,88,1,0
BRDA:703,89,0,0
BRDA:703,89,1,0
BRDA:703,89,2,0
BRDA:705,90,0,0
BRDA:705,90,1,0
BRDA:716,91,0,0
BRDA:716,91,1,0
BRDA:760,92,0,0
BRDA:760,92,1,0
BRDA:773,93,0,0
BRDA:773,93,1,0
BRDA:773,93,2,0
BRDA:778,94,0,0
BRDA:778,94,1,0
BRDA:793,95,0,0
BRDA:793,95,1,0
BRDA:798,96,0,0
BRDA:798,96,1,0
BRDA:798,97,0,0
BRDA:798,97,1,0
BRDA:798,97,2,0
BRDA:808,98,0,0
BRDA:808,98,1,0
BRDA:808,99,0,0
BRDA:808,99,1,0
BRDA:808,99,2,0
BRDA:815,100,0,0
BRDA:815,100,1,0
BRDA:815,100,2,0
BRDA:835,101,0,0
BRDA:835,101,1,0
BRF:226
BRH:0
end_of_record
TN:
SF:/Users/jb092610/Desktop/LearningTechnologiesRepo/journey-builder-js/src/journey-builder-app/modules/admin-notifications/pages/create_edit/notification_details_container.jsx
FN:10,NotificationDetailsContainer
FN:12,(anonymous_1)
FN:21,(anonymous_2)
FN:30,(anonymous_3)
FN:32,(anonymous_4)
FN:37,(anonymous_5)
FNF:6
FNH:0
FNDA:0,NotificationDetailsContainer
FNDA:0,(anonymous_1)
FNDA:0,(anonymous_2)
FNDA:0,(anonymous_3)
FNDA:0,(anonymous_4)
FNDA:0,(anonymous_5)
DA:11,0
DA:12,0
DA:18,0
DA:19,0
DA:21,0
DA:22,0
DA:23,0
DA:24,0
DA:26,0
DA:30,0
DA:31,0
DA:32,0
DA:33,0
DA:37,0
DA:38,0
DA:41,0
LF:16
LH:0
BRDA:22,0,0,0
BRDA:22,0,1,0
BRDA:22,1,0,0
BRDA:22,1,1,0
BRDA:54,2,0,0
BRDA:54,2,1,0
BRDA:56,3,0,0
BRDA:56,3,1,0
BRDA:67,4,0,0
BRDA:67,4,1,0
BRF:10
BRH:0
end_of_record
TN:
SF:/Users/jb092610/Desktop/LearningTechnologiesRepo/journey-builder-js/src/journey-builder-app/modules/admin-notifications/pages/create_edit/notification_settings.jsx
FN:15,NotificationSettings
FN:17,(anonymous_1)
FN:19,(anonymous_2)
FN:22,(anonymous_3)
FN:26,(anonymous_4)
FN:35,createData
FN:43,(anonymous_6)
FN:48,(anonymous_7)
FN:72,(anonymous_8)
FN:77,(anonymous_9)
FN:78,(anonymous_10)
FN:83,(anonymous_11)
FN:89,(anonymous_12)
FN:93,(anonymous_13)
FNF:14
FNH:0
FNDA:0,NotificationSettings
FNDA:0,(anonymous_1)
FNDA:0,(anonymous_2)
FNDA:0,(anonymous_3)
FNDA:0,(anonymous_4)
FNDA:0,createData
FNDA:0,(anonymous_6)
FNDA:0,(anonymous_7)
FNDA:0,(anonymous_8)
FNDA:0,(anonymous_9)
FNDA:0,(anonymous_10)
FNDA:0,(anonymous_11)
FNDA:0,(anonymous_12)
FNDA:0,(anonymous_13)
DA:16,0
DA:17,0
DA:18,0
DA:19,0
DA:21,0
DA:23,0
DA:26,0
DA:27,0
DA:36,0
DA:37,0
DA:38,0
DA:40,0
DA:43,0
DA:48,0
DA:49,0
DA:50,0
DA:52,0
DA:53,0
DA:54,0
DA:64,0
DA:65,0
DA:68,0
DA:72,0
DA:77,0
DA:78,0
DA:79,0
DA:83,0
DA:84,0
DA:85,0
DA:86,0
DA:89,0
DA:93,0
DA:96,0
LF:33
LH:0
BRDA:53,0,0,0
BRDA:53,0,1,0
BRDA:64,1,0,0
BRDA:64,1,1,0
BRDA:84,2,0,0
BRDA:84,2,1,0
BRDA:85,3,0,0
BRDA:85,3,1,0
BRDA:101,4,0,0
BRDA:101,4,1,0
BRDA:108,5,0,0
BRDA:108,5,1,0
BRF:12
BRH:0
end_of_record
TN:
SF:/Users/jb092610/Desktop/LearningTechnologiesRepo/journey-builder-js/src/journey-builder-app/modules/admin-notifications/pages/create_edit/notification_settings_container.jsx
FN:8,(anonymous_0)
FNF:1
FNH:0
FNDA:0,(anonymous_0)
DA:9,0
LF:1
LH:0
BRF:0
BRH:0
end_of_record
TN:
SF:/Users/jb092610/Desktop/LearningTechnologiesRepo/journey-builder-js/src/journey-builder-app/modules/admin-notifications/pages/create_edit/notifications_instructions_panel.jsx
FN:7,NotificationsInstructionsPanel
FN:8,(anonymous_1)
FNF:2
FNH:0
FNDA:0,NotificationsInstructionsPanel
FNDA:0,(anonymous_1)
DA:8,0
DA:9,0
DA:10,0
DA:11,0
LF:4
LH:0
BRDA:14,0,0,0
BRDA:14,0,1,0
BRDA:39,1,0,0
BRDA:39,1,1,0
BRF:4
BRH:0
end_of_record
TN:
SF:/Users/jb092610/Desktop/LearningTechnologiesRepo/journey-builder-js/src/journey-builder-app/modules/admin-notifications/pages/create_edit/notifications_summary_details.jsx
FN:12,(anonymous_0)
FN:16,toggleNotificationStatus
FN:39,(anonymous_2)
FNF:3
FNH:0
FNDA:0,(anonymous_0)
FNDA:0,toggleNotificationStatus
FNDA:0,(anonymous_2)
DA:12,1
DA:13,0
DA:14,0
DA:17,0
DA:29,0
DA:40,0
LF:6
LH:1
BRDA:32,0,0,0
BRDA:32,0,1,0
BRF:2
BRH:0
end_of_record
TN:
SF:/Users/jb092610/Desktop/LearningTechnologiesRepo/journey-builder-js/src/journey-builder-app/modules/admin-notifications/pages/create_edit/notifications_summary_details_container.jsx
FN:19,NotificationsSummaryDetailsContainer
FN:21,(anonymous_1)
FN:27,(anonymous_2)
FN:29,(anonymous_3)
FNF:4
FNH:0
FNDA:0,NotificationsSummaryDetailsContainer
FNDA:0,(anonymous_1)
FNDA:0,(anonymous_2)
FNDA:0,(anonymous_3)
DA:20,0
DA:21,0
DA:22,0
DA:23,0
DA:24,0
DA:25,0
DA:27,0
DA:28,0
DA:29,0
DA:30,0
DA:34,0
LF:11
LH:0
BRDA:53,0,0,0
BRDA:53,0,1,0
BRDA:64,1,0,0
BRDA:64,1,1,0
BRDA:90,2,0,0
BRDA:90,2,1,0
BRF:6
BRH:0
end_of_record
TN:
SF:/Users/jb092610/Desktop/LearningTechnologiesRepo/journey-builder-js/src/journey-builder-app/modules/admin-notifications/pages/create_edit/publish_panel.jsx
FN:18,PublishPanel
FN:20,(anonymous_1)
FN:21,(anonymous_2)
FN:33,(anonymous_3)
FN:45,(anonymous_4)
FN:75,(anonymous_5)
FN:111,(anonymous_6)
FN:121,(anonymous_7)
FNF:8
FNH:0
FNDA:0,PublishPanel
FNDA:0,(anonymous_1)
FNDA:0,(anonymous_2)
FNDA:0,(anonymous_3)
FNDA:0,(anonymous_4)
FNDA:0,(anonymous_5)
FNDA:0,(anonymous_6)
FNDA:0,(anonymous_7)
DA:19,0
DA:20,0
DA:21,0
DA:30,0
DA:31,0
DA:33,0
DA:34,0
DA:35,0
DA:37,0
DA:38,0
DA:40,0
DA:41,0
DA:45,0
DA:46,0
DA:49,0
DA:75,0
DA:111,0
DA:121,0
LF:18
LH:0
BRDA:34,0,0,0
BRDA:34,0,1,0
BRDA:37,1,0,0
BRDA:37,1,1,0
BRDA:52,2,0,0
BRDA:52,2,1,0
BRDA:56,3,0,0
BRDA:56,3,1,0
BRDA:56,3,2,0
BRDA:56,3,3,0
BRDA:56,3,4,0
BRDA:74,4,0,0
BRDA:74,4,1,0
BRDA:80,5,0,0
BRDA:80,5,1,0
BRDA:80,5,2,0
BRDA:80,5,3,0
BRDA:87,6,0,0
BRDA:87,6,1,0
BRDA:87,6,2,0
BRDA:87,6,3,0
BRDA:87,6,4,0
BRDA:104,7,0,0
BRDA:104,7,1,0
BRDA:105,8,0,0
BRDA:105,8,1,0
BRDA:107,9,0,0
BRDA:107,9,1,0
BRDA:116,10,0,0
BRDA:116,10,1,0
BRDA:120,11,0,0
BRDA:120,11,1,0
BRF:32
BRH:0
end_of_record
TN:
SF:/Users/jb092610/Desktop/LearningTechnologiesRepo/journey-builder-js/src/journey-builder-app/modules/admin-notifications/pages/create_edit/subject_input_text.jsx
FN:17,SubjectInputText
FN:27,(anonymous_1)
FN:30,(anonymous_2)
FN:49,handleSave
FN:83,(anonymous_4)
FN:84,(anonymous_5)
FN:98,(anonymous_6)
FN:107,(anonymous_7)
FNF:8
FNH:0
FNDA:0,SubjectInputText
FNDA:0,(anonymous_1)
FNDA:0,(anonymous_2)
FNDA:0,handleSave
FNDA:0,(anonymous_4)
FNDA:0,(anonymous_5)
FNDA:0,(anonymous_6)
FNDA:0,(anonymous_7)
DA:18,0
DA:19,0
DA:20,0
DA:21,0
DA:22,0
DA:23,0
DA:25,0
DA:26,0
DA:27,0
DA:30,0
DA:31,0
DA:32,0
DA:33,0
DA:34,0
DA:35,0
DA:36,0
DA:37,0
DA:38,0
DA:39,0
DA:40,0
DA:41,0
DA:44,0
DA:45,0
DA:46,0
DA:50,0
DA:51,0
DA:52,0
DA:59,0
DA:60,0
DA:63,0
DA:83,0
DA:84,0
DA:99,0
DA:108,0
LF:34
LH:0
BRDA:31,0,0,0
BRDA:31,0,1,0
BRDA:33,1,0,0
BRDA:33,1,1,0
BRDA:36,2,0,0
BRDA:36,2,1,0
BRDA:39,3,0,0
BRDA:39,3,1,0
BRDA:51,4,0,0
BRDA:51,4,1,0
BRDA:73,5,0,0
BRDA:73,5,1,0
BRDA:87,6,0,0
BRDA:87,6,1,0
BRDA:102,7,0,0
BRDA:102,7,1,0
BRF:16
BRH:0
end_of_record
TN:
SF:/Users/jb092610/Desktop/LearningTechnologiesRepo/journey-builder-js/src/journey-builder-app/modules/admin-notifications/pages/home/notification_home_container.jsx
FN:20,NotificationsHomeContainer
FN:22,(anonymous_1)
FN:23,(anonymous_2)
FN:28,(anonymous_3)
FN:29,(anonymous_4)
FN:31,(anonymous_5)
FN:35,(anonymous_6)
FN:46,(anonymous_7)
FN:63,(anonymous_8)
FN:105,(anonymous_9)
FN:141,(anonymous_10)
FN:145,(anonymous_11)
FNF:12
FNH:0
FNDA:0,NotificationsHomeContainer
FNDA:0,(anonymous_1)
FNDA:0,(anonymous_2)
FNDA:0,(anonymous_3)
FNDA:0,(anonymous_4)
FNDA:0,(anonymous_5)
FNDA:0,(anonymous_6)
FNDA:0,(anonymous_7)
FNDA:0,(anonymous_8)
FNDA:0,(anonymous_9)
FNDA:0,(anonymous_10)
FNDA:0,(anonymous_11)
DA:21,0
DA:22,0
DA:23,0
DA:27,0
DA:28,0
DA:29,0
DA:31,0
DA:32,0
DA:35,0
DA:36,0
DA:37,0
DA:38,0
DA:39,0
DA:41,0
DA:42,0
DA:46,0
DA:47,0
DA:48,0
DA:49,0
DA:50,0
DA:51,0
DA:52,0
DA:53,0
DA:54,0
DA:55,0
DA:56,0
DA:58,0
DA:59,0
DA:63,0
DA:64,0
DA:65,0
DA:66,0
DA:67,0
DA:68,0
DA:69,0
DA:70,0
DA:74,0
DA:105,0
DA:141,0
DA:145,0
LF:40
LH:0
BRDA:39,0,0,0
BRDA:39,0,1,0
BRDA:39,1,0,0
BRDA:39,1,1,0
BRDA:49,2,0,0
BRDA:49,2,1,0
BRDA:49,3,0,0
BRDA:49,3,1,0
BRDA:54,4,0,0
BRDA:54,4,1,0
BRDA:65,5,0,0
BRDA:65,5,1,0
BRDA:65,6,0,0
BRDA:65,6,1,0
BRDA:68,7,0,0
BRDA:68,7,1,0
BRDA:86,8,0,0
BRDA:86,8,1,0
BRDA:102,9,0,0
BRDA:102,9,1,0
BRDA:110,10,0,0
BRDA:110,10,1,0
BRDA:120,11,0,0
BRDA:120,11,1,0
BRDA:135,12,0,0
BRDA:135,12,1,0
BRDA:135,12,2,0
BRDA:135,12,3,0
BRDA:154,13,0,0
BRDA:154,13,1,0
BRDA:163,14,0,0
BRDA:163,14,1,0
BRDA:165,15,0,0
BRDA:165,15,1,0
BRF:34
BRH:0
end_of_record
TN:
SF:/Users/jb092610/Desktop/LearningTechnologiesRepo/journey-builder-js/src/journey-builder-app/modules/admin-notifications/pages/home/notification_list.jsx
FN:17,AdminNotificationList
FN:19,(anonymous_1)
FN:27,(anonymous_2)
FN:32,(anonymous_3)
FN:38,(anonymous_4)
FN:47,(anonymous_5)
FN:48,(anonymous_6)
FN:53,(anonymous_7)
FN:58,(anonymous_8)
FN:59,(anonymous_9)
FN:65,(anonymous_10)
FN:100,(anonymous_11)
FN:103,(anonymous_12)
FN:108,(anonymous_13)
FN:110,(anonymous_14)
FN:122,(anonymous_15)
FN:125,(anonymous_16)
FN:127,(anonymous_17)
FN:147,(anonymous_18)
FN:151,(anonymous_19)
FN:153,(anonymous_20)
FN:173,(anonymous_21)
FN:177,(anonymous_22)
FN:179,(anonymous_23)
FN:199,(anonymous_24)
FN:225,(anonymous_25)
FN:226,(anonymous_26)
FN:230,(anonymous_27)
FNF:28
FNH:0
FNDA:0,AdminNotificationList
FNDA:0,(anonymous_1)
FNDA:0,(anonymous_2)
FNDA:0,(anonymous_3)
FNDA:0,(anonymous_4)
FNDA:0,(anonymous_5)
FNDA:0,(anonymous_6)
FNDA:0,(anonymous_7)
FNDA:0,(anonymous_8)
FNDA:0,(anonymous_9)
FNDA:0,(anonymous_10)
FNDA:0,(anonymous_11)
FNDA:0,(anonymous_12)
FNDA:0,(anonymous_13)
FNDA:0,(anonymous_14)
FNDA:0,(anonymous_15)
FNDA:0,(anonymous_16)
FNDA:0,(anonymous_17)
FNDA:0,(anonymous_18)
FNDA:0,(anonymous_19)
FNDA:0,(anonymous_20)
FNDA:0,(anonymous_21)
FNDA:0,(anonymous_22)
FNDA:0,(anonymous_23)
FNDA:0,(anonymous_24)
FNDA:0,(anonymous_25)
FNDA:0,(anonymous_26)
FNDA:0,(anonymous_27)
DA:18,0
DA:19,0
DA:21,0
DA:22,0
DA:23,0
DA:24,0
DA:25,0
DA:27,0
DA:28,0
DA:31,0
DA:33,0
DA:34,0
DA:38,0
DA:39,0
DA:40,0
DA:41,0
DA:42,0
DA:43,0
DA:47,0
DA:48,0
DA:49,0
DA:53,0
DA:54,0
DA:55,0
DA:56,0
DA:58,0
DA:59,0
DA:65,0
DA:66,0
DA:67,0
DA:68,0
DA:70,0
DA:71,0
DA:73,0
DA:74,0
DA:77,0
DA:78,0
DA:79,0
DA:80,0
DA:81,0
DA:82,0
DA:86,0
DA:101,0
DA:103,0
DA:109,0
DA:110,0
DA:122,0
DA:126,0
DA:127,0
DA:147,0
DA:152,0
DA:153,0
DA:173,0
DA:178,0
DA:179,0
DA:200,0
DA:205,0
DA:225,0
DA:226,0
DA:230,0
LF:60
LH:0
BRDA:39,0,0,0
BRDA:39,0,1,0
BRDA:40,1,0,0
BRDA:40,1,1,0
BRDA:42,2,0,0
BRDA:42,2,1,0
BRDA:65,3,0,0
BRDA:66,4,0,0
BRDA:66,4,1,0
BRDA:68,5,0,0
BRDA:68,5,1,0
BRDA:77,6,0,0
BRDA:77,6,1,0
BRDA:80,7,0,0
BRDA:80,7,1,0
BRDA:91,8,0,0
BRDA:91,8,1,0
BRDA:92,9,0,0
BRDA:92,9,1,0
BRDA:98,10,0,0
BRDA:98,10,1,0
BRDA:98,11,0,0
BRDA:98,11,1,0
BRDA:98,12,0,0
BRDA:98,12,1,0
BRDA:99,13,0,0
BRDA:99,13,1,0
BRDA:99,14,0,0
BRDA:99,14,1,0
BRDA:123,15,0,0
BRDA:123,15,1,0
BRDA:123,16,0,0
BRDA:123,16,1,0
BRDA:123,17,0,0
BRDA:123,17,1,0
BRDA:124,18,0,0
BRDA:124,18,1,0
BRDA:124,19,0,0
BRDA:124,19,1,0
BRDA:141,20,0,0
BRDA:141,20,1,0
BRDA:142,21,0,0
BRDA:142,21,1,0
BRDA:149,22,0,0
BRDA:149,22,1,0
BRDA:149,23,0,0
BRDA:149,23,1,0
BRDA:149,24,0,0
BRDA:149,24,1,0
BRDA:150,25,0,0
BRDA:150,25,1,0
BRDA:150,26,0,0
BRDA:150,26,1,0
BRDA:167,27,0,0
BRDA:167,27,1,0
BRDA:168,28,0,0
BRDA:168,28,1,0
BRDA:175,29,0,0
BRDA:175,29,1,0
BRDA:175,30,0,0
BRDA:175,30,1,0
BRDA:175,31,0,0
BRDA:175,31,1,0
BRDA:176,32,0,0
BRDA:176,32,1,0
BRDA:176,33,0,0
BRDA:176,33,1,0
BRDA:192,34,0,0
BRDA:192,34,1,0
BRDA:193,35,0,0
BRDA:193,35,1,0
BRDA:217,36,0,0
BRDA:217,36,1,0
BRDA:220,37,0,0
BRDA:220,37,1,0
BRF:75
BRH:0
end_of_record
TN:
SF:/Users/jb092610/Desktop/LearningTechnologiesRepo/journey-builder-js/src/journey-builder-app/modules/admin-notifications/reducers/admin_notification_reducer.js
FN:58,(anonymous_0)
FN:173,(anonymous_1)
FN:187,(anonymous_2)
FN:194,(anonymous_3)
FN:205,(anonymous_4)
FN:215,(anonymous_5)
FN:284,(anonymous_6)
FN:289,(anonymous_7)
FN:293,(anonymous_8)
FN:294,(anonymous_9)
FNF:10
FNH:1
FNDA:10,(anonymous_0)
FNDA:0,(anonymous_1)
FNDA:0,(anonymous_2)
FNDA:0,(anonymous_3)
FNDA:0,(anonymous_4)
FNDA:0,(anonymous_5)
FNDA:0,(anonymous_6)
FNDA:0,(anonymous_7)
FNDA:0,(anonymous_8)
FNDA:0,(anonymous_9)
DA:10,1
DA:58,1
DA:59,10
DA:60,10
DA:62,0
DA:63,0
DA:64,0
DA:67,0
DA:68,0
DA:71,0
DA:72,0
DA:75,1
DA:76,1
DA:77,1
DA:78,1
DA:79,1
DA:80,1
DA:83,1
DA:84,1
DA:87,1
DA:88,1
DA:91,0
DA:92,0
DA:95,0
DA:96,0
DA:99,1
DA:101,1
DA:102,1
DA:105,1
DA:106,1
DA:107,1
DA:110,0
DA:111,0
DA:114,0
DA:115,0
DA:116,0
DA:119,1
DA:120,1
DA:121,1
DA:124,0
DA:126,0
DA:127,0
DA:128,0
DA:132,0
DA:133,0
DA:135,0
DA:138,0
DA:141,0
DA:142,0
DA:145,1
DA:146,1
DA:147,1
DA:150,0
DA:152,0
DA:153,0
DA:154,0
DA:158,0
DA:159,0
DA:161,0
DA:164,1
DA:165,1
DA:166,1
DA:169,0
DA:170,0
DA:171,0
DA:173,0
DA:182,0
DA:183,0
DA:187,0
DA:191,0
DA:192,0
DA:194,0
DA:202,0
DA:203,0
DA:205,0
DA:213,0
DA:214,0
DA:215,0
DA:221,0
DA:222,0
DA:223,0
DA:234,0
DA:235,0
DA:236,0
DA:237,0
DA:238,0
DA:241,0
DA:242,0
DA:245,0
DA:246,0
DA:249,0
DA:250,0
DA:253,0
DA:254,0
DA:255,0
DA:256,0
DA:257,0
DA:258,0
DA:259,0
DA:260,0
DA:261,0
DA:262,0
DA:263,0
DA:264,0
DA:265,0
DA:266,0
DA:267,0
DA:270,0
DA:279,0
DA:280,0
DA:283,0
DA:284,0
DA:286,0
DA:287,0
DA:288,0
DA:289,0
DA:292,0
DA:293,0
DA:294,0
DA:296,0
DA:299,0
DA:300,0
DA:303,1
DA:304,1
DA:307,0
DA:311,0
DA:314,1
LF:127
LH:32
BRDA:58,0,0,1
BRDA:60,1,0,0
BRDA:60,1,1,0
BRDA:60,1,2,0
BRDA:60,1,3,1
BRDA:60,1,4,1
BRDA:60,1,5,1
BRDA:60,1,6,0
BRDA:60,1,7,0
BRDA:60,1,8,1
BRDA:60,1,9,1
BRDA:60,1,10,0
BRDA:60,1,11,0
BRDA:60,1,12,1
BRDA:60,1,13,0
BRDA:60,1,14,0
BRDA:60,1,15,0
BRDA:60,1,16,1
BRDA:60,1,17,0
BRDA:60,1,18,1
BRDA:60,1,19,0
BRDA:60,1,20,0
BRDA:60,1,21,0
BRDA:60,1,22,0
BRDA:60,1,23,0
BRDA:60,1,24,0
BRDA:60,1,25,0
BRDA:60,1,26,0
BRDA:60,1,27,0
BRDA:60,1,28,1
BRDA:60,1,29,0
BRDA:60,1,30,1
BRDA:129,2,0,0
BRDA:129,2,1,0
BRDA:134,3,0,0
BRDA:134,3,1,0
BRDA:155,4,0,0
BRDA:155,4,1,0
BRDA:160,5,0,0
BRDA:160,5,1,0
BRDA:170,6,0,0
BRDA:170,6,1,0
BRDA:182,7,0,0
BRDA:182,7,1,0
BRDA:191,8,0,0
BRDA:191,8,1,0
BRDA:202,9,0,0
BRDA:202,9,1,0
BRDA:213,10,0,0
BRDA:213,10,1,0
BRDA:224,11,0,0
BRDA:224,11,1,0
BRDA:224,12,0,0
BRDA:224,12,1,0
BRDA:227,13,0,0
BRDA:227,13,1,0
BRDA:227,14,0,0
BRDA:227,14,1,0
BRDA:230,15,0,0
BRDA:230,15,1,0
BRDA:230,16,0,0
BRDA:230,16,1,0
BRDA:274,17,0,0
BRDA:274,17,1,0
BRDA:286,18,0,0
BRDA:286,18,1,0
BRF:66
BRH:11
end_of_record
TN:
SF:/Users/jb092610/Desktop/LearningTechnologiesRepo/journey-builder-js/src/journey-builder-app/modules/admin-notifications/sagas/admin_notification_watcher_saga.js
FN:5,adminNotificationWatcherSaga
FNF:1
FNH:0
FNDA:0,adminNotificationWatcherSaga
DA:6,0
DA:10,0
DA:14,0
DA:19,0
DA:23,0
DA:27,0
DA:31,0
DA:36,0
DA:40,0
DA:44,0
LF:10
LH:0
BRF:0
BRH:0
end_of_record
TN:
SF:/Users/jb092610/Desktop/LearningTechnologiesRepo/journey-builder-js/src/journey-builder-app/modules/admin-notifications/sagas/admin_notification_worker_saga.js
FN:7,sleep
FN:8,(anonymous_1)
FN:13,catchErrors
FN:26,getAllRoles
FN:38,getAdminNotifications
FN:64,getOrgNotificationsSettings
FN:86,getGroupsByName
FN:99,getUsersByName
FN:114,viewAdminNotification
FN:128,createAdminNotification
FN:146,createSubjectTextNotification
FN:164,updateAdminNotification
FN:182,viewOrgNotification
FNF:13
FNH:0
FNDA:0,sleep
FNDA:0,(anonymous_1)
FNDA:0,catchErrors
FNDA:0,getAllRoles
FNDA:0,getAdminNotifications
FNDA:0,getOrgNotificationsSettings
FNDA:0,getGroupsByName
FNDA:0,getUsersByName
FNDA:0,viewAdminNotification
FNDA:0,createAdminNotification
FNDA:0,createSubjectTextNotification
FNDA:0,updateAdminNotification
FNDA:0,viewOrgNotification
DA:8,0
DA:9,0
DA:14,0
DA:15,0
DA:19,0
DA:20,0
DA:27,0
DA:28,0
DA:29,0
DA:34,0
DA:39,0
DA:40,0
DA:43,0
DA:47,0
DA:52,0
DA:56,0
DA:57,0
DA:65,0
DA:66,0
DA:69,0
DA:74,0
DA:78,0
DA:79,0
DA:87,0
DA:88,0
DA:89,0
DA:90,0
DA:95,0
DA:100,0
DA:101,0
DA:105,0
DA:110,0
DA:115,0
DA:116,0
DA:119,0
DA:124,0
DA:129,0
DA:130,0
DA:133,0
DA:137,0
DA:138,0
DA:142,0
DA:147,0
DA:148,0
DA:151,0
DA:155,0
DA:156,0
DA:160,0
DA:165,0
DA:166,0
DA:169,0
DA:173,0
DA:174,0
DA:178,0
DA:183,0
DA:184,0
DA:187,0
DA:192,0
LF:58
LH:0
BRF:0
BRH:0
end_of_record
TN:
SF:/Users/jb092610/Desktop/LearningTechnologiesRepo/journey-builder-js/src/journey-builder-app/modules/admin-notifications/services/admin_notification_services.js
FN:6,(anonymous_0)
FN:7,(anonymous_1)
FN:13,(anonymous_2)
FN:17,(anonymous_3)
FN:26,(anonymous_4)
FN:36,(anonymous_5)
FN:37,(anonymous_6)
FN:49,(anonymous_7)
FN:59,(anonymous_8)
FN:60,(anonymous_9)
FN:72,(anonymous_10)
FN:81,(anonymous_11)
FN:82,(anonymous_12)
FN:87,(anonymous_13)
FN:96,(anonymous_14)
FN:97,(anonymous_15)
FN:101,(anonymous_16)
FN:108,(anonymous_17)
FN:109,(anonymous_18)
FN:118,(anonymous_19)
FN:125,(anonymous_20)
FN:126,(anonymous_21)
FN:135,(anonymous_22)
FN:141,(anonymous_23)
FN:142,(anonymous_24)
FN:151,(anonymous_25)
FN:158,(anonymous_26)
FN:159,(anonymous_27)
FN:168,(anonymous_28)
FN:174,(anonymous_29)
FN:175,(anonymous_30)
FNF:31
FNH:0
FNDA:0,(anonymous_0)
FNDA:0,(anonymous_1)
FNDA:0,(anonymous_2)
FNDA:0,(anonymous_3)
FNDA:0,(anonymous_4)
FNDA:0,(anonymous_5)
FNDA:0,(anonymous_6)
FNDA:0,(anonymous_7)
FNDA:0,(anonymous_8)
FNDA:0,(anonymous_9)
FNDA:0,(anonymous_10)
FNDA:0,(anonymous_11)
FNDA:0,(anonymous_12)
FNDA:0,(anonymous_13)
FNDA:0,(anonymous_14)
FNDA:0,(anonymous_15)
FNDA:0,(anonymous_16)
FNDA:0,(anonymous_17)
FNDA:0,(anonymous_18)
FNDA:0,(anonymous_19)
FNDA:0,(anonymous_20)
FNDA:0,(anonymous_21)
FNDA:0,(anonymous_22)
FNDA:0,(anonymous_23)
FNDA:0,(anonymous_24)
FNDA:0,(anonymous_25)
FNDA:0,(anonymous_26)
FNDA:0,(anonymous_27)
FNDA:0,(anonymous_28)
FNDA:0,(anonymous_29)
FNDA:0,(anonymous_30)
DA:4,0
DA:6,0
DA:8,0
DA:9,0
DA:14,0
DA:15,0
DA:18,0
DA:19,0
DA:21,0
DA:23,0
DA:27,0
DA:28,0
DA:36,0
DA:38,0
DA:39,0
DA:41,0
DA:42,0
DA:44,0
DA:46,0
DA:50,0
DA:51,0
DA:59,0
DA:61,0
DA:62,0
DA:64,0
DA:65,0
DA:67,0
DA:69,0
DA:73,0
DA:74,0
DA:81,0
DA:82,0
DA:83,0
DA:88,0
DA:89,0
DA:96,0
DA:97,0
DA:98,0
DA:102,0
DA:103,0
DA:108,0
DA:110,0
DA:111,0
DA:113,0
DA:115,0
DA:119,0
DA:120,0
DA:125,0
DA:127,0
DA:128,0
DA:130,0
DA:132,0
DA:136,0
DA:137,0
DA:141,0
DA:143,0
DA:144,0
DA:146,0
DA:148,0
DA:152,0
DA:153,0
DA:158,0
DA:160,0
DA:161,0
DA:163,0
DA:165,0
DA:169,0
DA:170,0
DA:174,0
DA:176,0
DA:177,0
DA:179,0
DA:181,0
LF:73
LH:0
BRDA:18,0,0,0
BRDA:18,0,1,0
BRDA:38,1,0,0
BRDA:38,1,1,0
BRDA:41,2,0,0
BRDA:41,2,1,0
BRDA:61,3,0,0
BRDA:61,3,1,0
BRDA:64,4,0,0
BRDA:64,4,1,0
BRDA:110,5,0,0
BRDA:110,5,1,0
BRDA:127,6,0,0
BRDA:127,6,1,0
BRDA:143,7,0,0
BRDA:143,7,1,0
BRDA:160,8,0,0
BRDA:160,8,1,0
BRDA:176,9,0,0
BRDA:176,9,1,0
BRF:20
BRH:0
end_of_record
TN:
SF:/Users/jb092610/Desktop/LearningTechnologiesRepo/journey-builder-js/src/journey-builder-app/modules/admin-notifications/utils/admin_notification_constants.js
FNF:0
FNH:0
DA:1,4
DA:3,4
DA:5,4
DA:7,4
DA:9,4
DA:11,4
DA:13,4
DA:15,4
DA:17,4
DA:19,4
DA:21,4
DA:23,4
DA:30,4
DA:32,4
DA:34,4
DA:36,4
DA:41,4
DA:46,4
DA:48,4
DA:50,4
DA:52,4
DA:54,4
DA:56,4
DA:58,4
DA:60,4
DA:62,4
DA:64,4
DA:66,4
DA:68,4
DA:70,4
DA:72,4
DA:74,4
DA:76,4
DA:78,4
DA:80,4
DA:82,4
DA:84,4
DA:86,4
DA:88,4
DA:99,4
DA:101,4
LF:41
LH:41
BRF:0
BRH:0
end_of_record
TN:
SF:/Users/jb092610/Desktop/LearningTechnologiesRepo/journey-builder-js/src/journey-builder-app/modules/admin-notifications/utils/util.js
FN:7,(anonymous_0)
FNF:1
FNH:0
FNDA:0,(anonymous_0)
DA:7,0
DA:16,0
DA:17,0
DA:19,0
DA:20,0
DA:22,0
DA:23,0
DA:25,0
DA:26,0
DA:28,0
DA:30,0
LF:11
LH:0
BRDA:17,0,0,0
BRDA:17,0,1,0
BRDA:17,0,2,0
BRDA:17,0,3,0
BRF:4
BRH:0
end_of_record
TN:
SF:/Users/jb092610/Desktop/LearningTechnologiesRepo/journey-builder-js/src/journey-builder-app/modules/instructor-dashboard/actions/instructor_action_types.js
FNF:0
FNH:0
DA:1,2
DA:4,2
DA:7,2
DA:9,2
DA:11,2
DA:13,2
DA:15,2
DA:17,2
DA:19,2
LF:9
LH:9
BRF:0
BRH:0
end_of_record
TN:
SF:/Users/jb092610/Desktop/LearningTechnologiesRepo/journey-builder-js/src/journey-builder-app/modules/instructor-dashboard/actions/instructor_actions.js
FN:3,(anonymous_0)
FN:5,(anonymous_1)
FN:10,(anonymous_2)
FN:16,(anonymous_3)
FN:20,(anonymous_4)
FN:25,(anonymous_5)
FN:29,(anonymous_6)
FNF:7
FNH:0
FNDA:0,(anonymous_0)
FNDA:0,(anonymous_1)
FNDA:0,(anonymous_2)
FNDA:0,(anonymous_3)
FNDA:0,(anonymous_4)
FNDA:0,(anonymous_5)
FNDA:0,(anonymous_6)
DA:3,0
DA:5,0
DA:10,0
DA:16,0
DA:20,0
DA:25,0
DA:29,0
LF:7
LH:0
BRF:0
BRH:0
end_of_record
TN:
SF:/Users/jb092610/Desktop/LearningTechnologiesRepo/journey-builder-js/src/journey-builder-app/modules/instructor-dashboard/container-components/instructor_container.jsx
FN:7,InstructorContainer
FNF:1
FNH:0
FNDA:0,InstructorContainer
DA:8,0
LF:1
LH:0
BRF:0
BRH:0
end_of_record
TN:
SF:/Users/jb092610/Desktop/LearningTechnologiesRepo/journey-builder-js/src/journey-builder-app/modules/instructor-dashboard/container-components/instructor_details.jsx
FN:17,(anonymous_0)
FN:21,(anonymous_1)
FN:40,(anonymous_2)
FN:45,(anonymous_3)
FN:57,(anonymous_4)
FN:62,(anonymous_5)
FNF:6
FNH:0
FNDA:0,(anonymous_0)
FNDA:0,(anonymous_1)
FNDA:0,(anonymous_2)
FNDA:0,(anonymous_3)
FNDA:0,(anonymous_4)
FNDA:0,(anonymous_5)
DA:17,0
DA:18,0
DA:19,0
DA:21,0
DA:22,0
DA:23,0
DA:29,0
DA:30,0
DA:33,0
DA:35,0
DA:38,0
DA:40,0
DA:45,0
DA:57,0
DA:62,0
LF:15
LH:0
BRDA:29,0,0,0
BRDA:29,0,1,0
BRDA:40,1,0,0
BRDA:40,1,1,0
BRDA:45,2,0,0
BRDA:45,2,1,0
BRDA:48,3,0,0
BRDA:48,3,1,0
BRDA:51,4,0,0
BRDA:51,4,1,0
BRF:10
BRH:0
end_of_record
TN:
SF:/Users/jb092610/Desktop/LearningTechnologiesRepo/journey-builder-js/src/journey-builder-app/modules/instructor-dashboard/container-components/instructor_roster.jsx
FN:14,(anonymous_0)
FN:17,(anonymous_1)
FN:48,(anonymous_2)
FN:52,(anonymous_3)
FNF:4
FNH:0
FNDA:0,(anonymous_0)
FNDA:0,(anonymous_1)
FNDA:0,(anonymous_2)
FNDA:0,(anonymous_3)
DA:14,0
DA:15,0
DA:17,0
DA:18,0
DA:21,0
DA:23,0
DA:24,0
DA:25,0
DA:28,0
DA:48,0
DA:52,0
LF:11
LH:0
BRDA:23,0,0,0
BRDA:23,0,1,0
BRDA:23,1,0,0
BRDA:23,1,1,0
BRDA:32,2,0,0
BRDA:32,2,1,0
BRDA:33,3,0,0
BRDA:33,3,1,0
BRDA:35,4,0,0
BRDA:35,4,1,0
BRDA:35,5,0,0
BRDA:35,5,1,0
BRDA:39,6,0,0
BRDA:39,6,1,0
BRDA:41,7,0,0
BRDA:41,7,1,0
BRDA:41,8,0,0
BRDA:41,8,1,0
BRF:18
BRH:0
end_of_record
TN:
SF:/Users/jb092610/Desktop/LearningTechnologiesRepo/journey-builder-js/src/journey-builder-app/modules/instructor-dashboard/helper/search_helper.js
FN:27,(anonymous_0)
FN:51,(anonymous_1)
FN:57,(anonymous_2)
FN:64,(anonymous_3)
FN:71,(anonymous_4)
FN:78,(anonymous_5)
FN:85,(anonymous_6)
FN:89,(anonymous_7)
FN:97,(anonymous_8)
FN:104,(anonymous_9)
FN:112,(anonymous_10)
FN:120,(anonymous_11)
FN:126,(anonymous_12)
FN:133,(anonymous_13)
FN:143,(anonymous_14)
FN:150,(anonymous_15)
FNF:16
FNH:0
FNDA:0,(anonymous_0)
FNDA:0,(anonymous_1)
FNDA:0,(anonymous_2)
FNDA:0,(anonymous_3)
FNDA:0,(anonymous_4)
FNDA:0,(anonymous_5)
FNDA:0,(anonymous_6)
FNDA:0,(anonymous_7)
FNDA:0,(anonymous_8)
FNDA:0,(anonymous_9)
FNDA:0,(anonymous_10)
FNDA:0,(anonymous_11)
FNDA:0,(anonymous_12)
FNDA:0,(anonymous_13)
FNDA:0,(anonymous_14)
FNDA:0,(anonymous_15)
DA:3,0
DA:28,0
DA:49,0
DA:52,0
DA:53,0
DA:54,0
DA:55,0
DA:58,0
DA:59,0
DA:60,0
DA:61,0
DA:62,0
DA:65,0
DA:66,0
DA:67,0
DA:68,0
DA:69,0
DA:72,0
DA:73,0
DA:74,0
DA:75,0
DA:76,0
DA:79,0
DA:80,0
DA:81,0
DA:82,0
DA:83,0
DA:86,0
DA:87,0
DA:90,0
DA:91,0
DA:92,0
DA:93,0
DA:94,0
DA:95,0
DA:98,0
DA:99,0
DA:100,0
DA:101,0
DA:102,0
DA:105,0
DA:106,0
DA:107,0
DA:108,0
DA:109,0
DA:113,0
DA:114,0
DA:115,0
DA:116,0
DA:117,0
DA:121,0
DA:122,0
DA:123,0
DA:124,0
DA:127,0
DA:128,0
DA:129,0
DA:130,0
DA:131,0
DA:134,0
DA:135,0
DA:136,0
DA:139,0
DA:144,0
DA:145,0
DA:147,0
DA:151,0
LF:67
LH:0
BRDA:53,0,0,0
BRDA:53,0,1,0
BRDA:135,1,0,0
BRDA:135,1,1,0
BRDA:135,2,0,0
BRDA:135,2,1,0
BRDA:135,2,2,0
BRDA:135,2,3,0
BRDA:135,2,4,0
BRDA:144,3,0,0
BRDA:144,3,1,0
BRF:11
BRH:0
end_of_record
TN:
SF:/Users/jb092610/Desktop/LearningTechnologiesRepo/journey-builder-js/src/journey-builder-app/modules/instructor-dashboard/presentational-components/instructor_event_list.jsx
FN:20,InstructorEventList
FN:21,(anonymous_1)
FN:38,(anonymous_2)
FN:44,(anonymous_3)
FN:57,(anonymous_4)
FN:58,(anonymous_5)
FN:63,(anonymous_6)
FN:68,(anonymous_7)
FN:69,(anonymous_8)
FN:75,(anonymous_9)
FN:106,(anonymous_10)
FN:124,(anonymous_11)
FN:127,(anonymous_12)
FN:129,(anonymous_13)
FN:143,(anonymous_14)
FN:150,(anonymous_15)
FN:152,(anonymous_16)
FN:169,(anonymous_17)
FN:174,(anonymous_18)
FN:180,(anonymous_19)
FN:181,(anonymous_20)
FN:210,(anonymous_21)
FN:222,(anonymous_22)
FN:240,(anonymous_23)
FN:243,(anonymous_24)
FN:245,(anonymous_25)
FN:259,(anonymous_26)
FN:260,(anonymous_27)
FN:262,(anonymous_28)
FN:276,(anonymous_29)
FN:279,(anonymous_30)
FN:281,(anonymous_31)
FN:318,(anonymous_32)
FN:319,(anonymous_33)
FN:323,(anonymous_34)
FNF:35
FNH:0
FNDA:0,InstructorEventList
FNDA:0,(anonymous_1)
FNDA:0,(anonymous_2)
FNDA:0,(anonymous_3)
FNDA:0,(anonymous_4)
FNDA:0,(anonymous_5)
FNDA:0,(anonymous_6)
FNDA:0,(anonymous_7)
FNDA:0,(anonymous_8)
FNDA:0,(anonymous_9)
FNDA:0,(anonymous_10)
FNDA:0,(anonymous_11)
FNDA:0,(anonymous_12)
FNDA:0,(anonymous_13)
FNDA:0,(anonymous_14)
FNDA:0,(anonymous_15)
FNDA:0,(anonymous_16)
FNDA:0,(anonymous_17)
FNDA:0,(anonymous_18)
FNDA:0,(anonymous_19)
FNDA:0,(anonymous_20)
FNDA:0,(anonymous_21)
FNDA:0,(anonymous_22)
FNDA:0,(anonymous_23)
FNDA:0,(anonymous_24)
FNDA:0,(anonymous_25)
FNDA:0,(anonymous_26)
FNDA:0,(anonymous_27)
FNDA:0,(anonymous_28)
FNDA:0,(anonymous_29)
FNDA:0,(anonymous_30)
FNDA:0,(anonymous_31)
FNDA:0,(anonymous_32)
FNDA:0,(anonymous_33)
FNDA:0,(anonymous_34)
DA:21,0
DA:22,0
DA:24,0
DA:25,0
DA:26,0
DA:27,0
DA:28,0
DA:29,0
DA:30,0
DA:31,0
DA:32,0
DA:37,0
DA:39,0
DA:40,0
DA:44,0
DA:45,0
DA:46,0
DA:47,0
DA:48,0
DA:49,0
DA:50,0
DA:51,0
DA:52,0
DA:53,0
DA:57,0
DA:58,0
DA:59,0
DA:63,0
DA:64,0
DA:65,0
DA:66,0
DA:68,0
DA:69,0
DA:75,0
DA:76,0
DA:77,0
DA:78,0
DA:79,0
DA:80,0
DA:81,0
DA:82,0
DA:83,0
DA:84,0
DA:85,0
DA:86,0
DA:89,0
DA:90,0
DA:91,0
DA:94,0
DA:95,0
DA:97,0
DA:98,0
DA:101,0
DA:106,0
DA:107,0
DA:110,0
DA:125,0
DA:128,0
DA:129,0
DA:144,0
DA:151,0
DA:152,0
DA:169,0
DA:176,0
DA:181,0
DA:182,0
DA:184,0
DA:185,0
DA:186,0
DA:187,0
DA:188,0
DA:189,0
DA:191,0
DA:193,0
DA:194,0
DA:195,0
DA:196,0
DA:197,0
DA:198,0
DA:202,0
DA:203,0
DA:204,0
DA:205,0
DA:206,0
DA:208,0
DA:210,0
DA:211,0
DA:213,0
DA:222,0
DA:240,0
DA:244,0
DA:245,0
DA:259,0
DA:261,0
DA:262,0
DA:277,0
DA:280,0
DA:281,0
DA:292,0
DA:318,0
DA:319,0
DA:323,0
LF:102
LH:0
BRDA:45,0,0,0
BRDA:45,0,1,0
BRDA:45,0,2,0
BRDA:45,0,3,0
BRDA:46,1,0,0
BRDA:46,1,1,0
BRDA:48,2,0,0
BRDA:48,2,1,0
BRDA:50,3,0,0
BRDA:50,3,1,0
BRDA:52,4,0,0
BRDA:52,4,1,0
BRDA:75,5,0,0
BRDA:76,6,0,0
BRDA:76,6,1,0
BRDA:78,7,0,0
BRDA:78,7,1,0
BRDA:78,7,2,0
BRDA:78,7,3,0
BRDA:89,8,0,0
BRDA:89,8,1,0
BRDA:94,9,0,0
BRDA:94,9,1,0
BRDA:97,10,0,0
BRDA:97,10,1,0
BRDA:115,11,0,0
BRDA:115,11,1,0
BRDA:116,12,0,0
BRDA:116,12,1,0
BRDA:122,13,0,0
BRDA:122,13,1,0
BRDA:122,14,0,0
BRDA:122,14,1,0
BRDA:122,15,0,0
BRDA:122,15,1,0
BRDA:123,16,0,0
BRDA:123,16,1,0
BRDA:141,17,0,0
BRDA:141,17,1,0
BRDA:141,18,0,0
BRDA:141,18,1,0
BRDA:141,19,0,0
BRDA:141,19,1,0
BRDA:142,20,0,0
BRDA:142,20,1,0
BRDA:145,21,0,0
BRDA:145,21,1,0
BRDA:164,22,0,0
BRDA:164,22,1,0
BRDA:165,23,0,0
BRDA:165,23,1,0
BRDA:172,24,0,0
BRDA:172,24,1,0
BRDA:172,25,0,0
BRDA:172,25,1,0
BRDA:172,26,0,0
BRDA:172,26,1,0
BRDA:173,27,0,0
BRDA:173,27,1,0
BRDA:182,28,0,0
BRDA:182,28,1,0
BRDA:191,29,0,0
BRDA:191,29,1,0
BRDA:216,30,0,0
BRDA:216,30,1,0
BRDA:217,31,0,0
BRDA:217,31,1,0
BRDA:229,32,0,0
BRDA:229,32,1,0
BRDA:232,33,0,0
BRDA:232,33,1,0
BRDA:232,33,2,0
BRDA:240,34,0,0
BRDA:240,34,1,0
BRDA:241,35,0,0
BRDA:241,35,1,0
BRDA:241,36,0,0
BRDA:241,36,1,0
BRDA:241,37,0,0
BRDA:241,37,1,0
BRDA:242,38,0,0
BRDA:242,38,1,0
BRDA:257,39,0,0
BRDA:257,39,1,0
BRDA:257,40,0,0
BRDA:257,40,1,0
BRDA:257,41,0,0
BRDA:257,41,1,0
BRDA:258,42,0,0
BRDA:258,42,1,0
BRDA:259,43,0,0
BRDA:259,43,1,0
BRDA:259,44,0,0
BRDA:259,44,1,0
BRDA:259,45,0,0
BRDA:259,45,1,0
BRDA:274,46,0,0
BRDA:274,46,1,0
BRDA:274,47,0,0
BRDA:274,47,1,0
BRDA:274,48,0,0
BRDA:274,48,1,0
BRDA:275,49,0,0
BRDA:275,49,1,0
BRDA:299,50,0,0
BRDA:299,50,1,0
BRDA:303,51,0,0
BRDA:303,51,1,0
BRDA:303,52,0,0
BRDA:303,52,1,0
BRDA:306,53,0,0
BRDA:306,53,1,0
BRDA:306,54,0,0
BRDA:306,54,1,0
BRDA:307,55,0,0
BRDA:307,55,1,0
BRDA:307,56,0,0
BRDA:307,56,1,0
BRDA:310,57,0,0
BRDA:310,57,1,0
BRDA:313,58,0,0
BRDA:313,58,1,0
BRF:122
BRH:0
end_of_record
TN:
SF:/Users/jb092610/Desktop/LearningTechnologiesRepo/journey-builder-js/src/journey-builder-app/modules/instructor-dashboard/presentational-components/instructor_profile_details.jsx
FN:10,InstructorProfileDetails
FNF:1
FNH:0
FNDA:0,InstructorProfileDetails
DA:11,0
DA:30,0
DA:40,0
LF:3
LH:0
BRDA:57,0,0,0
BRDA:57,0,1,0
BRF:2
BRH:0
end_of_record
TN:
SF:/Users/jb092610/Desktop/LearningTechnologiesRepo/journey-builder-js/src/journey-builder-app/modules/instructor-dashboard/presentational-components/instructor_roster_details_update.jsx
FN:20,(anonymous_0)
FN:32,(anonymous_1)
FN:33,(anonymous_2)
FN:36,(anonymous_3)
FN:37,(anonymous_4)
FN:40,(anonymous_5)
FN:45,(anonymous_6)
FN:49,(anonymous_7)
FN:97,(anonymous_8)
FN:173,(anonymous_9)
FN:177,(anonymous_10)
FNF:11
FNH:0
FNDA:0,(anonymous_0)
FNDA:0,(anonymous_1)
FNDA:0,(anonymous_2)
FNDA:0,(anonymous_3)
FNDA:0,(anonymous_4)
FNDA:0,(anonymous_5)
FNDA:0,(anonymous_6)
FNDA:0,(anonymous_7)
FNDA:0,(anonymous_8)
FNDA:0,(anonymous_9)
FNDA:0,(anonymous_10)
DA:20,0
DA:21,0
DA:22,0
DA:23,0
DA:24,0
DA:25,0
DA:26,0
DA:27,0
DA:32,0
DA:33,0
DA:36,0
DA:37,0
DA:40,0
DA:41,0
DA:42,0
DA:45,0
DA:46,0
DA:49,0
DA:50,0
DA:51,0
DA:57,0
DA:62,0
DA:63,0
DA:66,0
DA:98,0
DA:173,0
DA:177,0
LF:27
LH:0
BRDA:27,0,0,0
BRDA:27,0,1,0
BRDA:68,1,0,0
BRDA:68,1,1,0
BRDA:68,2,0,0
BRDA:68,2,1,0
BRDA:69,3,0,0
BRDA:69,3,1,0
BRDA:98,4,0,0
BRDA:98,4,1,0
BRDA:128,5,0,0
BRDA:128,5,1,0
BRDA:141,6,0,0
BRDA:141,6,1,0
BRDA:157,7,0,0
BRDA:157,7,1,0
BRF:16
BRH:0
end_of_record
TN:
SF:/Users/jb092610/Desktop/LearningTechnologiesRepo/journey-builder-js/src/journey-builder-app/modules/journey-builder/journey_builder.jsx
FN:10,(anonymous_0)
FN:14,(anonymous_1)
FN:26,(anonymous_2)
FNF:3
FNH:0
FNDA:0,(anonymous_0)
FNDA:0,(anonymous_1)
FNDA:0,(anonymous_2)
DA:11,0
DA:15,0
DA:16,0
DA:26,0
LF:4
LH:0
BRDA:18,0,0,0
BRDA:18,0,1,0
BRF:2
BRH:0
end_of_record
TN:
SF:/Users/jb092610/Desktop/LearningTechnologiesRepo/journey-builder-js/src/journey-builder-app/modules/journey-builder/activities/registration.js
FNF:0
FNH:0
DA:5,0
LF:1
LH:0
BRF:0
BRH:0
end_of_record
TN:
SF:/Users/jb092610/Desktop/LearningTechnologiesRepo/journey-builder-js/src/journey-builder-app/modules/journey-builder/activities/actions/activity_action_types.js
FNF:0
FNH:0
DA:1,1
DA:3,1
DA:5,1
DA:7,1
DA:9,1
DA:11,1
DA:13,1
DA:15,1
DA:17,1
DA:19,1
DA:21,1
DA:23,1
DA:25,1
DA:27,1
DA:29,1
DA:31,1
DA:33,1
DA:35,1
DA:37,1
DA:39,1
DA:41,1
DA:43,1
DA:45,1
DA:47,1
DA:49,1
DA:51,1
DA:53,1
DA:55,1
DA:57,1
DA:59,1
DA:61,1
DA:63,1
DA:65,1
DA:67,1
DA:69,1
DA:71,1
DA:73,1
DA:75,1
LF:38
LH:38
BRF:0
BRH:0
end_of_record
TN:
SF:/Users/jb092610/Desktop/LearningTechnologiesRepo/journey-builder-js/src/journey-builder-app/modules/journey-builder/activities/actions/activity_actions.js
FN:3,(anonymous_0)
FN:8,(anonymous_1)
FN:13,(anonymous_2)
FN:18,(anonymous_3)
FN:23,(anonymous_4)
FN:28,(anonymous_5)
FN:33,(anonymous_6)
FN:38,(anonymous_7)
FN:43,(anonymous_8)
FN:48,(anonymous_9)
FN:55,(anonymous_10)
FN:60,(anonymous_11)
FN:66,(anonymous_12)
FN:70,(anonymous_13)
FN:75,(anonymous_14)
FN:80,(anonymous_15)
FN:86,(anonymous_16)
FN:91,(anonymous_17)
FN:97,(anonymous_18)
FN:101,(anonymous_19)
FN:105,(anonymous_20)
FN:110,(anonymous_21)
FN:114,(anonymous_22)
FN:119,(anonymous_23)
FN:124,(anonymous_24)
FN:129,(anonymous_25)
FN:134,(anonymous_26)
FN:138,(anonymous_27)
FN:142,(anonymous_28)
FN:146,(anonymous_29)
FNF:30
FNH:0
FNDA:0,(anonymous_0)
FNDA:0,(anonymous_1)
FNDA:0,(anonymous_2)
FNDA:0,(anonymous_3)
FNDA:0,(anonymous_4)
FNDA:0,(anonymous_5)
FNDA:0,(anonymous_6)
FNDA:0,(anonymous_7)
FNDA:0,(anonymous_8)
FNDA:0,(anonymous_9)
FNDA:0,(anonymous_10)
FNDA:0,(anonymous_11)
FNDA:0,(anonymous_12)
FNDA:0,(anonymous_13)
FNDA:0,(anonymous_14)
FNDA:0,(anonymous_15)
FNDA:0,(anonymous_16)
FNDA:0,(anonymous_17)
FNDA:0,(anonymous_18)
FNDA:0,(anonymous_19)
FNDA:0,(anonymous_20)
FNDA:0,(anonymous_21)
FNDA:0,(anonymous_22)
FNDA:0,(anonymous_23)
FNDA:0,(anonymous_24)
FNDA:0,(anonymous_25)
FNDA:0,(anonymous_26)
FNDA:0,(anonymous_27)
FNDA:0,(anonymous_28)
FNDA:0,(anonymous_29)
DA:3,1
DA:8,1
DA:13,1
DA:18,1
DA:23,1
DA:28,1
DA:33,1
DA:38,1
DA:43,1
DA:48,1
DA:55,1
DA:60,1
DA:66,1
DA:70,1
DA:75,1
DA:80,1
DA:86,1
DA:91,1
DA:97,1
DA:101,1
DA:105,1
DA:110,1
DA:114,1
DA:119,1
DA:124,1
DA:129,1
DA:134,1
DA:138,1
DA:142,1
DA:146,1
LF:30
LH:30
BRF:0
BRH:0
end_of_record
TN:
SF:/Users/jb092610/Desktop/LearningTechnologiesRepo/journey-builder-js/src/journey-builder-app/modules/journey-builder/activities/container-components/activities_container.jsx
FN:4,(anonymous_0)
FNF:1
FNH:0
FNDA:0,(anonymous_0)
DA:4,0
DA:6,0
LF:2
LH:0
BRF:0
BRH:0
end_of_record
TN:
SF:/Users/jb092610/Desktop/LearningTechnologiesRepo/journey-builder-js/src/journey-builder-app/modules/journey-builder/activities/container-components/activity_application.jsx
FN:9,(anonymous_0)
FNF:1
FNH:0
FNDA:0,(anonymous_0)
DA:10,0
DA:12,0
DA:22,0
LF:3
LH:0
BRF:0
BRH:0
end_of_record
TN:
SF:/Users/jb092610/Desktop/LearningTechnologiesRepo/journey-builder-js/src/journey-builder-app/modules/journey-builder/activities/container-components/activity_view.jsx
FN:10,(anonymous_0)
FNF:1
FNH:0
FNDA:0,(anonymous_0)
DA:10,0
DA:11,0
LF:2
LH:0
BRF:0
BRH:0
end_of_record
TN:
SF:/Users/jb092610/Desktop/LearningTechnologiesRepo/journey-builder-js/src/journey-builder-app/modules/journey-builder/activities/container-components/activity-pages/edit/edit_activity.jsx
FN:29,(anonymous_0)
FN:90,(anonymous_1)
FN:103,(anonymous_2)
FN:108,(anonymous_3)
FN:134,(anonymous_4)
FN:141,(anonymous_5)
FN:156,(anonymous_6)
FN:161,(anonymous_7)
FN:167,(anonymous_8)
FN:173,(anonymous_9)
FN:176,(anonymous_10)
FN:182,(anonymous_11)
FN:221,(anonymous_12)
FN:230,(anonymous_13)
FN:237,(anonymous_14)
FN:251,(anonymous_15)
FN:257,(anonymous_16)
FN:265,(anonymous_17)
FN:273,(anonymous_18)
FN:277,(anonymous_19)
FN:282,(anonymous_20)
FN:287,(anonymous_21)
FN:296,(anonymous_22)
FN:302,(anonymous_23)
FN:305,(anonymous_24)
FN:311,(anonymous_25)
FN:312,(anonymous_26)
FN:317,(anonymous_27)
FN:318,(anonymous_28)
FN:323,(anonymous_29)
FN:324,(anonymous_30)
FN:328,(anonymous_31)
FN:336,(anonymous_32)
FN:343,(anonymous_33)
FN:348,(anonymous_34)
FN:349,(anonymous_35)
FN:354,(anonymous_36)
FN:355,(anonymous_37)
FN:360,(anonymous_38)
FN:361,(anonymous_39)
FN:366,(anonymous_40)
FN:368,(anonymous_41)
FN:373,(anonymous_42)
FN:377,(anonymous_43)
FN:384,(anonymous_44)
FN:387,(anonymous_45)
FN:393,(anonymous_46)
FN:394,(anonymous_47)
FN:399,(anonymous_48)
FN:410,(anonymous_49)
FN:415,(anonymous_50)
FN:418,(anonymous_51)
FN:422,(anonymous_52)
FN:430,(anonymous_53)
FN:431,(anonymous_54)
FN:434,(anonymous_55)
FN:434,(anonymous_56)
FN:436,(anonymous_57)
FN:436,(anonymous_58)
FN:438,(anonymous_59)
FN:439,(anonymous_60)
FN:440,(anonymous_61)
FN:440,(anonymous_62)
FN:443,(anonymous_63)
FN:443,(anonymous_64)
FN:457,(anonymous_65)
FN:462,(anonymous_66)
FN:570,(anonymous_67)
FNF:68
FNH:0
FNDA:0,(anonymous_0)
FNDA:0,(anonymous_1)
FNDA:0,(anonymous_2)
FNDA:0,(anonymous_3)
FNDA:0,(anonymous_4)
FNDA:0,(anonymous_5)
FNDA:0,(anonymous_6)
FNDA:0,(anonymous_7)
FNDA:0,(anonymous_8)
FNDA:0,(anonymous_9)
FNDA:0,(anonymous_10)
FNDA:0,(anonymous_11)
FNDA:0,(anonymous_12)
FNDA:0,(anonymous_13)
FNDA:0,(anonymous_14)
FNDA:0,(anonymous_15)
FNDA:0,(anonymous_16)
FNDA:0,(anonymous_17)
FNDA:0,(anonymous_18)
FNDA:0,(anonymous_19)
FNDA:0,(anonymous_20)
FNDA:0,(anonymous_21)
FNDA:0,(anonymous_22)
FNDA:0,(anonymous_23)
FNDA:0,(anonymous_24)
FNDA:0,(anonymous_25)
FNDA:0,(anonymous_26)
FNDA:0,(anonymous_27)
FNDA:0,(anonymous_28)
FNDA:0,(anonymous_29)
FNDA:0,(anonymous_30)
FNDA:0,(anonymous_31)
FNDA:0,(anonymous_32)
FNDA:0,(anonymous_33)
FNDA:0,(anonymous_34)
FNDA:0,(anonymous_35)
FNDA:0,(anonymous_36)
FNDA:0,(anonymous_37)
FNDA:0,(anonymous_38)
FNDA:0,(anonymous_39)
FNDA:0,(anonymous_40)
FNDA:0,(anonymous_41)
FNDA:0,(anonymous_42)
FNDA:0,(anonymous_43)
FNDA:0,(anonymous_44)
FNDA:0,(anonymous_45)
FNDA:0,(anonymous_46)
FNDA:0,(anonymous_47)
FNDA:0,(anonymous_48)
FNDA:0,(anonymous_49)
FNDA:0,(anonymous_50)
FNDA:0,(anonymous_51)
FNDA:0,(anonymous_52)
FNDA:0,(anonymous_53)
FNDA:0,(anonymous_54)
FNDA:0,(anonymous_55)
FNDA:0,(anonymous_56)
FNDA:0,(anonymous_57)
FNDA:0,(anonymous_58)
FNDA:0,(anonymous_59)
FNDA:0,(anonymous_60)
FNDA:0,(anonymous_61)
FNDA:0,(anonymous_62)
FNDA:0,(anonymous_63)
FNDA:0,(anonymous_64)
FNDA:0,(anonymous_65)
FNDA:0,(anonymous_66)
FNDA:0,(anonymous_67)
DA:26,0
DA:30,0
DA:31,0
DA:65,0
DA:66,0
DA:67,0
DA:68,0
DA:69,0
DA:70,0
DA:71,0
DA:72,0
DA:73,0
DA:74,0
DA:75,0
DA:76,0
DA:77,0
DA:78,0
DA:79,0
DA:80,0
DA:81,0
DA:82,0
DA:83,0
DA:84,0
DA:85,0
DA:91,0
DA:92,0
DA:94,0
DA:95,0
DA:98,0
DA:99,0
DA:100,0
DA:104,0
DA:109,0
DA:111,0
DA:113,0
DA:114,0
DA:116,0
DA:117,0
DA:119,0
DA:120,0
DA:122,0
DA:123,0
DA:125,0
DA:126,0
DA:128,0
DA:129,0
DA:135,0
DA:136,0
DA:137,0
DA:138,0
DA:139,0
DA:140,0
DA:142,0
DA:143,0
DA:155,0
DA:156,0
DA:161,0
DA:167,0
DA:173,0
DA:177,0
DA:181,0
DA:183,0
DA:184,0
DA:186,0
DA:188,0
DA:190,0
DA:192,0
DA:194,0
DA:217,0
DA:218,0
DA:219,0
DA:220,0
DA:221,0
DA:222,0
DA:226,0
DA:227,0
DA:231,0
DA:238,0
DA:240,0
DA:241,0
DA:242,0
DA:243,0
DA:244,0
DA:245,0
DA:248,0
DA:252,0
DA:254,0
DA:255,0
DA:257,0
DA:266,0
DA:267,0
DA:274,0
DA:277,0
DA:281,0
DA:282,0
DA:287,0
DA:291,0
DA:292,0
DA:296,0
DA:303,0
DA:305,0
DA:312,0
DA:318,0
DA:324,0
DA:329,0
DA:330,0
DA:332,0
DA:333,0
DA:336,0
DA:344,0
DA:345,0
DA:349,0
DA:355,0
DA:361,0
DA:366,0
DA:367,0
DA:368,0
DA:374,0
DA:375,0
DA:377,0
DA:378,0
DA:379,0
DA:385,0
DA:386,0
DA:387,0
DA:394,0
DA:400,0
DA:401,0
DA:402,0
DA:404,0
DA:405,0
DA:406,0
DA:407,0
DA:410,0
DA:416,0
DA:417,0
DA:418,0
DA:419,0
DA:420,0
DA:422,0
DA:423,0
DA:424,0
DA:428,0
DA:429,0
DA:430,0
DA:431,0
DA:434,0
DA:436,0
DA:438,0
DA:439,0
DA:440,0
DA:443,0
DA:446,0
DA:448,0
DA:449,0
DA:451,0
DA:452,0
DA:455,0
DA:457,0
DA:469,0
DA:471,0
DA:473,0
DA:475,0
DA:559,0
DA:570,0
DA:575,0
LF:166
LH:0
BRDA:91,0,0,0
BRDA:91,0,1,0
BRDA:94,1,0,0
BRDA:94,1,1,0
BRDA:94,2,0,0
BRDA:94,2,1,0
BRDA:111,3,0,0
BRDA:111,3,1,0
BRDA:111,3,2,0
BRDA:111,3,3,0
BRDA:111,3,4,0
BRDA:111,3,5,0
BRDA:111,3,6,0
BRDA:138,4,0,0
BRDA:138,4,1,0
BRDA:139,5,0,0
BRDA:139,5,1,0
BRDA:142,6,0,0
BRDA:142,6,1,0
BRDA:183,7,0,0
BRDA:183,7,1,0
BRDA:184,8,0,0
BRDA:184,8,1,0
BRDA:186,9,0,0
BRDA:186,9,1,0
BRDA:186,10,0,0
BRDA:186,10,1,0
BRDA:188,11,0,0
BRDA:188,11,1,0
BRDA:190,12,0,0
BRDA:190,12,1,0
BRDA:190,13,0,0
BRDA:190,13,1,0
BRDA:219,14,0,0
BRDA:219,14,1,0
BRDA:227,15,0,0
BRDA:227,15,1,0
BRDA:240,16,0,0
BRDA:240,16,1,0
BRDA:242,17,0,0
BRDA:242,17,1,0
BRDA:244,18,0,0
BRDA:244,18,1,0
BRDA:254,19,0,0
BRDA:254,19,1,0
BRDA:266,20,0,0
BRDA:266,20,1,0
BRDA:281,21,0,0
BRDA:281,21,1,0
BRDA:291,22,0,0
BRDA:291,22,1,0
BRDA:291,23,0,0
BRDA:291,23,1,0
BRDA:291,23,2,0
BRDA:332,24,0,0
BRDA:332,24,1,0
BRDA:367,25,0,0
BRDA:367,25,1,0
BRDA:374,26,0,0
BRDA:374,26,1,0
BRDA:378,27,0,0
BRDA:378,27,1,0
BRDA:385,28,0,0
BRDA:385,28,1,0
BRDA:401,29,0,0
BRDA:401,29,1,0
BRDA:401,30,0,0
BRDA:401,30,1,0
BRDA:405,31,0,0
BRDA:405,31,1,0
BRDA:405,32,0,0
BRDA:405,32,1,0
BRDA:405,32,2,0
BRDA:419,33,0,0
BRDA:419,33,1,0
BRDA:419,34,0,0
BRDA:419,34,1,0
BRDA:423,35,0,0
BRDA:423,35,1,0
BRDA:423,36,0,0
BRDA:423,36,1,0
BRDA:434,37,0,0
BRDA:434,37,1,0
BRDA:436,38,0,0
BRDA:436,38,1,0
BRDA:440,39,0,0
BRDA:440,39,1,0
BRDA:443,40,0,0
BRDA:443,40,1,0
BRDA:448,41,0,0
BRDA:448,41,1,0
BRDA:448,42,0,0
BRDA:448,42,1,0
BRDA:448,42,2,0
BRDA:448,42,3,0
BRDA:448,42,4,0
BRDA:448,42,5,0
BRDA:448,42,6,0
BRDA:451,43,0,0
BRDA:451,43,1,0
BRDA:451,44,0,0
BRDA:451,44,1,0
BRDA:471,45,0,0
BRDA:471,45,1,0
BRDA:478,46,0,0
BRDA:478,46,1,0
BRDA:520,47,0,0
BRDA:520,47,1,0
BRDA:520,48,0,0
BRDA:520,48,1,0
BRDA:546,49,0,0
BRDA:546,49,1,0
BRDA:546,49,2,0
BRF:113
BRH:0
end_of_record
TN:
SF:/Users/jb092610/Desktop/LearningTechnologiesRepo/journey-builder-js/src/journey-builder-app/modules/journey-builder/activities/container-components/activity-pages/edit/components/activity_details.jsx
FN:24,(anonymous_0)
FN:32,(anonymous_1)
FN:47,(anonymous_2)
FN:76,(anonymous_3)
FN:95,(anonymous_4)
FN:102,(anonymous_5)
FN:116,(anonymous_6)
FN:119,(anonymous_7)
FN:174,(anonymous_8)
FNF:9
FNH:0
FNDA:0,(anonymous_0)
FNDA:0,(anonymous_1)
FNDA:0,(anonymous_2)
FNDA:0,(anonymous_3)
FNDA:0,(anonymous_4)
FNDA:0,(anonymous_5)
FNDA:0,(anonymous_6)
FNDA:0,(anonymous_7)
FNDA:0,(anonymous_8)
DA:25,0
DA:26,0
DA:28,0
DA:33,0
DA:35,0
DA:36,0
DA:38,0
DA:40,0
DA:41,0
DA:44,0
DA:54,0
DA:56,0
DA:59,0
DA:76,0
DA:95,0
DA:102,0
DA:116,0
DA:120,0
DA:121,0
DA:122,0
DA:150,0
DA:174,0
LF:22
LH:0
BRDA:40,0,0,0
BRDA:40,0,1,0
BRDA:40,1,0,0
BRDA:40,1,1,0
BRDA:40,1,2,0
BRDA:95,2,0,0
BRDA:95,2,1,0
BRDA:96,3,0,0
BRDA:96,3,1,0
BRDA:97,4,0,0
BRDA:97,4,1,0
BRDA:98,5,0,0
BRDA:98,5,1,0
BRDA:102,6,0,0
BRDA:102,6,1,0
BRDA:103,7,0,0
BRDA:103,7,1,0
BRDA:110,8,0,0
BRDA:110,8,1,0
BRDA:115,9,0,0
BRDA:115,9,1,0
BRDA:120,10,0,0
BRDA:120,10,1,0
BRDA:126,11,0,0
BRDA:126,11,1,0
BRDA:129,12,0,0
BRDA:129,12,1,0
BRF:27
BRH:0
end_of_record
TN:
SF:/Users/jb092610/Desktop/LearningTechnologiesRepo/journey-builder-js/src/journey-builder-app/modules/journey-builder/activities/container-components/activity-pages/edit/components/link_details.jsx
FN:30,(anonymous_0)
FN:39,(anonymous_1)
FN:43,(anonymous_2)
FN:68,(anonymous_3)
FN:73,(anonymous_4)
FN:80,(anonymous_5)
FN:86,(anonymous_6)
FN:86,(anonymous_7)
FN:99,(anonymous_8)
FN:103,(anonymous_9)
FN:154,(anonymous_10)
FNF:11
FNH:0
FNDA:0,(anonymous_0)
FNDA:0,(anonymous_1)
FNDA:0,(anonymous_2)
FNDA:0,(anonymous_3)
FNDA:0,(anonymous_4)
FNDA:0,(anonymous_5)
FNDA:0,(anonymous_6)
FNDA:0,(anonymous_7)
FNDA:0,(anonymous_8)
FNDA:0,(anonymous_9)
FNDA:0,(anonymous_10)
DA:31,0
DA:32,0
DA:33,0
DA:36,0
DA:40,0
DA:49,0
DA:51,0
DA:68,0
DA:73,0
DA:80,0
DA:86,0
DA:99,0
DA:104,0
DA:105,0
DA:106,0
DA:130,0
DA:154,0
LF:17
LH:0
BRDA:73,0,0,0
BRDA:73,0,1,0
BRDA:74,1,0,0
BRDA:74,1,1,0
BRDA:75,2,0,0
BRDA:75,2,1,0
BRDA:80,3,0,0
BRDA:80,3,1,0
BRDA:81,4,0,0
BRDA:81,4,1,0
BRDA:86,5,0,0
BRDA:86,5,1,0
BRDA:96,6,0,0
BRDA:96,6,1,0
BRDA:101,7,0,0
BRDA:101,7,1,0
BRDA:104,8,0,0
BRDA:104,8,1,0
BRDA:111,9,0,0
BRDA:111,9,1,0
BRF:20
BRH:0
end_of_record
TN:
SF:/Users/jb092610/Desktop/LearningTechnologiesRepo/journey-builder-js/src/journey-builder-app/modules/journey-builder/activities/container-components/activity-pages/edit/components/publish.jsx
FN:50,(anonymous_0)
FN:68,(anonymous_1)
FN:75,(anonymous_2)
FN:113,(anonymous_3)
FN:117,(anonymous_4)
FN:120,(anonymous_5)
FN:126,(anonymous_6)
FN:126,(anonymous_7)
FN:128,(anonymous_8)
FN:129,(anonymous_9)
FN:129,(anonymous_10)
FN:129,(anonymous_11)
FN:129,(anonymous_12)
FN:129,(anonymous_13)
FN:137,(anonymous_14)
FN:137,(anonymous_15)
FN:137,(anonymous_16)
FN:137,(anonymous_17)
FN:137,(anonymous_18)
FN:145,(anonymous_19)
FN:145,(anonymous_20)
FN:145,(anonymous_21)
FN:145,(anonymous_22)
FN:146,(anonymous_23)
FN:153,(anonymous_24)
FN:160,(anonymous_25)
FN:169,(anonymous_26)
FN:169,(anonymous_27)
FN:170,(anonymous_28)
FN:174,(anonymous_29)
FN:182,(anonymous_30)
FN:182,(anonymous_31)
FN:183,(anonymous_32)
FN:185,(anonymous_33)
FN:196,(anonymous_34)
FN:196,(anonymous_35)
FN:197,(anonymous_36)
FN:205,(anonymous_37)
FN:205,(anonymous_38)
FN:206,(anonymous_39)
FN:213,(anonymous_40)
FN:213,(anonymous_41)
FN:214,(anonymous_42)
FN:224,(anonymous_43)
FN:253,(anonymous_44)
FN:254,(anonymous_45)
FN:271,(anonymous_46)
FN:276,(anonymous_47)
FN:308,(anonymous_48)
FN:335,(anonymous_49)
FN:356,(anonymous_50)
FN:406,(anonymous_51)
FN:411,(anonymous_52)
FN:414,(anonymous_53)
FN:454,(anonymous_54)
FN:455,(anonymous_55)
FN:464,(anonymous_56)
FN:467,(anonymous_57)
FN:495,(anonymous_58)
FN:496,(anonymous_59)
FN:501,(anonymous_60)
FN:502,(anonymous_61)
FN:507,(anonymous_62)
FN:508,(anonymous_63)
FN:513,(anonymous_64)
FN:517,(anonymous_65)
FN:535,(anonymous_66)
FN:539,(anonymous_67)
FN:544,(anonymous_68)
FN:566,(anonymous_69)
FN:573,(anonymous_70)
FN:594,(anonymous_71)
FN:600,(anonymous_72)
FN:632,(anonymous_73)
FN:635,(anonymous_74)
FN:636,(anonymous_75)
FN:648,(anonymous_76)
FN:653,(anonymous_77)
FNF:78
FNH:0
FNDA:0,(anonymous_0)
FNDA:0,(anonymous_1)
FNDA:0,(anonymous_2)
FNDA:0,(anonymous_3)
FNDA:0,(anonymous_4)
FNDA:0,(anonymous_5)
FNDA:0,(anonymous_6)
FNDA:0,(anonymous_7)
FNDA:0,(anonymous_8)
FNDA:0,(anonymous_9)
FNDA:0,(anonymous_10)
FNDA:0,(anonymous_11)
FNDA:0,(anonymous_12)
FNDA:0,(anonymous_13)
FNDA:0,(anonymous_14)
FNDA:0,(anonymous_15)
FNDA:0,(anonymous_16)
FNDA:0,(anonymous_17)
FNDA:0,(anonymous_18)
FNDA:0,(anonymous_19)
FNDA:0,(anonymous_20)
FNDA:0,(anonymous_21)
FNDA:0,(anonymous_22)
FNDA:0,(anonymous_23)
FNDA:0,(anonymous_24)
FNDA:0,(anonymous_25)
FNDA:0,(anonymous_26)
FNDA:0,(anonymous_27)
FNDA:0,(anonymous_28)
FNDA:0,(anonymous_29)
FNDA:0,(anonymous_30)
FNDA:0,(anonymous_31)
FNDA:0,(anonymous_32)
FNDA:0,(anonymous_33)
FNDA:0,(anonymous_34)
FNDA:0,(anonymous_35)
FNDA:0,(anonymous_36)
FNDA:0,(anonymous_37)
FNDA:0,(anonymous_38)
FNDA:0,(anonymous_39)
FNDA:0,(anonymous_40)
FNDA:0,(anonymous_41)
FNDA:0,(anonymous_42)
FNDA:0,(anonymous_43)
FNDA:0,(anonymous_44)
FNDA:0,(anonymous_45)
FNDA:0,(anonymous_46)
FNDA:0,(anonymous_47)
FNDA:0,(anonymous_48)
FNDA:0,(anonymous_49)
FNDA:0,(anonymous_50)
FNDA:0,(anonymous_51)
FNDA:0,(anonymous_52)
FNDA:0,(anonymous_53)
FNDA:0,(anonymous_54)
FNDA:0,(anonymous_55)
FNDA:0,(anonymous_56)
FNDA:0,(anonymous_57)
FNDA:0,(anonymous_58)
FNDA:0,(anonymous_59)
FNDA:0,(anonymous_60)
FNDA:0,(anonymous_61)
FNDA:0,(anonymous_62)
FNDA:0,(anonymous_63)
FNDA:0,(anonymous_64)
FNDA:0,(anonymous_65)
FNDA:0,(anonymous_66)
FNDA:0,(anonymous_67)
FNDA:0,(anonymous_68)
FNDA:0,(anonymous_69)
FNDA:0,(anonymous_70)
FNDA:0,(anonymous_71)
FNDA:0,(anonymous_72)
FNDA:0,(anonymous_73)
FNDA:0,(anonymous_74)
FNDA:0,(anonymous_75)
FNDA:0,(anonymous_76)
FNDA:0,(anonymous_77)
DA:40,0
DA:41,0
DA:44,0
DA:45,0
DA:46,0
DA:51,0
DA:52,0
DA:63,0
DA:64,0
DA:69,0
DA:70,0
DA:71,0
DA:76,0
DA:77,0
DA:78,0
DA:80,0
DA:82,0
DA:84,0
DA:88,0
DA:93,0
DA:95,0
DA:97,0
DA:100,0
DA:102,0
DA:104,0
DA:105,0
DA:107,0
DA:113,0
DA:114,0
DA:117,0
DA:118,0
DA:120,0
DA:121,0
DA:122,0
DA:125,0
DA:126,0
DA:128,0
DA:129,0
DA:130,0
DA:137,0
DA:138,0
DA:139,0
DA:145,0
DA:146,0
DA:147,0
DA:148,0
DA:151,0
DA:152,0
DA:153,0
DA:154,0
DA:155,0
DA:157,0
DA:160,0
DA:161,0
DA:169,0
DA:170,0
DA:171,0
DA:175,0
DA:182,0
DA:183,0
DA:184,0
DA:185,0
DA:186,0
DA:187,0
DA:189,0
DA:191,0
DA:192,0
DA:195,0
DA:196,0
DA:197,0
DA:198,0
DA:205,0
DA:206,0
DA:207,0
DA:213,0
DA:214,0
DA:215,0
DA:216,0
DA:218,0
DA:219,0
DA:225,0
DA:226,0
DA:231,0
DA:232,0
DA:233,0
DA:234,0
DA:235,0
DA:238,0
DA:239,0
DA:241,0
DA:242,0
DA:243,0
DA:244,0
DA:245,0
DA:246,0
DA:248,0
DA:249,0
DA:250,0
DA:252,0
DA:253,0
DA:254,0
DA:255,0
DA:256,0
DA:259,0
DA:266,0
DA:270,0
DA:271,0
DA:272,0
DA:273,0
DA:276,0
DA:284,0
DA:292,0
DA:293,0
DA:295,0
DA:296,0
DA:310,0
DA:311,0
DA:312,0
DA:313,0
DA:320,0
DA:321,0
DA:332,0
DA:336,0
DA:337,0
DA:341,0
DA:358,0
DA:359,0
DA:360,0
DA:361,0
DA:362,0
DA:363,0
DA:364,0
DA:368,0
DA:369,0
DA:377,0
DA:380,0
DA:383,0
DA:392,0
DA:403,0
DA:407,0
DA:411,0
DA:417,0
DA:418,0
DA:419,0
DA:420,0
DA:422,0
DA:424,0
DA:426,0
DA:427,0
DA:429,0
DA:433,0
DA:436,0
DA:439,0
DA:441,0
DA:443,0
DA:445,0
DA:446,0
DA:449,0
DA:450,0
DA:451,0
DA:453,0
DA:454,0
DA:455,0
DA:456,0
DA:457,0
DA:458,0
DA:459,0
DA:460,0
DA:461,0
DA:463,0
DA:464,0
DA:467,0
DA:468,0
DA:469,0
DA:474,0
DA:475,0
DA:477,0
DA:478,0
DA:479,0
DA:480,0
DA:482,0
DA:486,0
DA:489,0
DA:491,0
DA:495,0
DA:496,0
DA:501,0
DA:502,0
DA:507,0
DA:508,0
DA:513,0
DA:514,0
DA:517,0
DA:518,0
DA:519,0
DA:521,0
DA:527,0
DA:530,0
DA:532,0
DA:535,0
DA:536,0
DA:539,0
DA:540,0
DA:541,0
DA:545,0
DA:546,0
DA:547,0
DA:548,0
DA:549,0
DA:566,0
DA:574,0
DA:594,0
DA:600,0
DA:632,0
DA:635,0
DA:636,0
DA:648,0
DA:653,0
DA:666,0
LF:219
LH:0
BRDA:69,0,0,0
BRDA:69,0,1,0
BRDA:70,1,0,0
BRDA:70,1,1,0
BRDA:77,2,0,0
BRDA:77,2,1,0
BRDA:78,3,0,0
BRDA:78,3,1,0
BRDA:78,3,2,0
BRDA:78,3,3,0
BRDA:78,3,4,0
BRDA:78,3,5,0
BRDA:78,3,6,0
BRDA:80,4,0,0
BRDA:80,4,1,0
BRDA:80,5,0,0
BRDA:80,5,1,0
BRDA:80,5,2,0
BRDA:80,5,3,0
BRDA:88,6,0,0
BRDA:88,6,1,0
BRDA:88,7,0,0
BRDA:88,7,1,0
BRDA:88,7,2,0
BRDA:88,7,3,0
BRDA:88,7,4,0
BRDA:88,7,5,0
BRDA:88,7,6,0
BRDA:88,7,7,0
BRDA:91,8,0,0
BRDA:91,8,1,0
BRDA:92,9,0,0
BRDA:92,9,1,0
BRDA:97,10,0,0
BRDA:97,10,1,0
BRDA:97,11,0,0
BRDA:97,11,1,0
BRDA:97,11,2,0
BRDA:97,11,3,0
BRDA:97,11,4,0
BRDA:97,11,5,0
BRDA:97,11,6,0
BRDA:104,12,0,0
BRDA:104,12,1,0
BRDA:114,13,0,0
BRDA:114,13,1,0
BRDA:125,14,0,0
BRDA:125,14,1,0
BRDA:126,15,0,0
BRDA:126,15,1,0
BRDA:169,16,0,0
BRDA:169,16,1,0
BRDA:195,17,0,0
BRDA:195,17,1,0
BRDA:196,18,0,0
BRDA:196,18,1,0
BRDA:205,19,0,0
BRDA:205,19,1,0
BRDA:238,20,0,0
BRDA:238,20,1,0
BRDA:241,21,0,0
BRDA:241,21,1,0
BRDA:242,22,0,0
BRDA:242,22,1,0
BRDA:248,23,0,0
BRDA:248,23,1,0
BRDA:248,24,0,0
BRDA:248,24,1,0
BRDA:252,25,0,0
BRDA:252,25,1,0
BRDA:252,26,0,0
BRDA:252,26,1,0
BRDA:254,27,0,0
BRDA:254,27,1,0
BRDA:270,28,0,0
BRDA:270,28,1,0
BRDA:270,29,0,0
BRDA:270,29,1,0
BRDA:272,30,0,0
BRDA:272,30,1,0
BRDA:292,31,0,0
BRDA:292,31,1,0
BRDA:293,32,0,0
BRDA:293,32,1,0
BRDA:293,33,0,0
BRDA:293,33,1,0
BRDA:295,34,0,0
BRDA:295,34,1,0
BRDA:310,35,0,0
BRDA:310,35,1,0
BRDA:310,36,0,0
BRDA:310,36,1,0
BRDA:311,37,0,0
BRDA:311,37,1,0
BRDA:353,38,0,0
BRDA:353,38,1,0
BRDA:358,39,0,0
BRDA:358,39,1,0
BRDA:359,40,0,0
BRDA:359,40,1,0
BRDA:420,41,0,0
BRDA:420,41,1,0
BRDA:422,42,0,0
BRDA:422,42,1,0
BRDA:422,42,2,0
BRDA:424,43,0,0
BRDA:424,43,1,0
BRDA:424,43,2,0
BRDA:424,43,3,0
BRDA:424,43,4,0
BRDA:424,43,5,0
BRDA:424,43,6,0
BRDA:426,44,0,0
BRDA:426,44,1,0
BRDA:426,44,2,0
BRDA:429,45,0,0
BRDA:429,45,1,0
BRDA:429,45,2,0
BRDA:429,45,3,0
BRDA:429,45,4,0
BRDA:430,46,0,0
BRDA:430,46,1,0
BRDA:430,46,2,0
BRDA:430,46,3,0
BRDA:430,46,4,0
BRDA:430,46,5,0
BRDA:436,47,0,0
BRDA:436,47,1,0
BRDA:436,47,2,0
BRDA:436,47,3,0
BRDA:436,47,4,0
BRDA:437,48,0,0
BRDA:437,48,1,0
BRDA:437,48,2,0
BRDA:437,48,3,0
BRDA:441,49,0,0
BRDA:441,49,1,0
BRDA:441,49,2,0
BRDA:441,49,3,0
BRDA:441,49,4,0
BRDA:445,50,0,0
BRDA:445,50,1,0
BRDA:449,51,0,0
BRDA:449,51,1,0
BRDA:453,52,0,0
BRDA:453,52,1,0
BRDA:453,53,0,0
BRDA:453,53,1,0
BRDA:460,54,0,0
BRDA:460,54,1,0
BRDA:460,55,0,0
BRDA:460,55,1,0
BRDA:463,56,0,0
BRDA:463,56,1,0
[...]
TN:
SF:/Users/jb092610/Desktop/LearningTechnologiesRepo/journey-builder-js/src/journey-builder-app/services/journey-reports/reports_org_module_services.js
FN:8,(anonymous_0)
FN:10,(anonymous_1)
FN:14,(anonymous_2)
FN:15,(anonymous_3)
FN:21,(anonymous_4)
FN:25,(anonymous_5)
FN:26,(anonymous_6)
FN:33,(anonymous_7)
FN:37,(anonymous_8)
FN:38,(anonymous_9)
FN:45,(anonymous_10)
FN:49,(anonymous_11)
FN:50,(anonymous_12)
FN:57,(anonymous_13)
FN:61,(anonymous_14)
FN:62,(anonymous_15)
FN:70,(anonymous_16)
FN:74,(anonymous_17)
FN:75,(anonymous_18)
FN:83,(anonymous_19)
FN:87,(anonymous_20)
FN:88,(anonymous_21)
FN:95,(anonymous_22)
FN:99,(anonymous_23)
FN:100,(anonymous_24)
FN:106,(anonymous_25)
FN:116,(anonymous_26)
FN:138,(anonymous_27)
FN:145,(anonymous_28)
FN:155,(anonymous_29)
FN:177,(anonymous_30)
FN:184,(anonymous_31)
FN:196,(anonymous_32)
FN:199,(anonymous_33)
FN:202,(anonymous_34)
FN:205,(anonymous_35)
FN:211,(anonymous_36)
FNF:37
FNH:0
FNDA:0,(anonymous_0)
FNDA:0,(anonymous_1)
FNDA:0,(anonymous_2)
FNDA:0,(anonymous_3)
FNDA:0,(anonymous_4)
FNDA:0,(anonymous_5)
FNDA:0,(anonymous_6)
FNDA:0,(anonymous_7)
FNDA:0,(anonymous_8)
FNDA:0,(anonymous_9)
FNDA:0,(anonymous_10)
FNDA:0,(anonymous_11)
FNDA:0,(anonymous_12)
FNDA:0,(anonymous_13)
FNDA:0,(anonymous_14)
FNDA:0,(anonymous_15)
FNDA:0,(anonymous_16)
FNDA:0,(anonymous_17)
FNDA:0,(anonymous_18)
FNDA:0,(anonymous_19)
FNDA:0,(anonymous_20)
FNDA:0,(anonymous_21)
FNDA:0,(anonymous_22)
FNDA:0,(anonymous_23)
FNDA:0,(anonymous_24)
FNDA:0,(anonymous_25)
FNDA:0,(anonymous_26)
FNDA:0,(anonymous_27)
FNDA:0,(anonymous_28)
FNDA:0,(anonymous_29)
FNDA:0,(anonymous_30)
FNDA:0,(anonymous_31)
FNDA:0,(anonymous_32)
FNDA:0,(anonymous_33)
FNDA:0,(anonymous_34)
FNDA:0,(anonymous_35)
FNDA:0,(anonymous_36)
DA:6,0
DA:8,0
DA:11,0
DA:12,0
DA:13,0
DA:14,0
DA:16,0
DA:18,0
DA:22,0
DA:23,0
DA:24,0
DA:25,0
DA:27,0
DA:30,0
DA:34,0
DA:35,0
DA:36,0
DA:37,0
DA:39,0
DA:42,0
DA:46,0
DA:47,0
DA:48,0
DA:49,0
DA:51,0
DA:54,0
DA:58,0
DA:59,0
DA:60,0
DA:61,0
DA:63,0
DA:66,0
DA:71,0
DA:72,0
DA:73,0
DA:74,0
DA:76,0
DA:79,0
DA:84,0
DA:85,0
DA:86,0
DA:87,0
DA:89,0
DA:91,0
DA:96,0
DA:97,0
DA:98,0
DA:99,0
DA:101,0
DA:103,0
DA:107,0
DA:108,0
DA:109,0
DA:111,0
DA:117,0
DA:118,0
DA:119,0
DA:120,0
DA:123,0
DA:124,0
DA:126,0
DA:127,0
DA:128,0
DA:129,0
DA:130,0
DA:131,0
DA:135,0
DA:139,0
DA:142,0
DA:146,0
DA:147,0
DA:148,0
DA:150,0
DA:156,0
DA:157,0
DA:158,0
DA:159,0
DA:162,0
DA:163,0
DA:165,0
DA:166,0
DA:167,0
DA:168,0
DA:169,0
DA:170,0
DA:174,0
DA:178,0
DA:181,0
DA:185,0
DA:186,0
DA:187,0
DA:196,0
DA:200,0
DA:201,0
DA:202,0
DA:203,0
DA:206,0
DA:207,0
DA:211,0
DA:212,0
LF:100
LH:0
BRDA:11,0,0,0
BRDA:11,0,1,0
BRDA:22,1,0,0
BRDA:22,1,1,0
BRDA:34,2,0,0
BRDA:34,2,1,0
BRDA:46,3,0,0
BRDA:46,3,1,0
BRDA:58,4,0,0
BRDA:58,4,1,0
BRDA:71,5,0,0
BRDA:71,5,1,0
BRDA:84,6,0,0
BRDA:84,6,1,0
BRDA:96,7,0,0
BRDA:96,7,1,0
BRDA:107,8,0,0
BRDA:107,8,1,0
BRDA:117,9,0,0
BRDA:117,9,1,0
BRDA:119,10,0,0
BRDA:119,10,1,0
BRDA:119,11,0,0
BRDA:119,11,1,0
BRDA:123,12,0,0
BRDA:123,12,1,0
BRDA:123,13,0,0
BRDA:123,13,1,0
BRDA:146,14,0,0
BRDA:146,14,1,0
BRDA:156,15,0,0
BRDA:156,15,1,0
BRDA:158,16,0,0
BRDA:158,16,1,0
BRDA:158,17,0,0
BRDA:158,17,1,0
BRDA:162,18,0,0
BRDA:162,18,1,0
BRDA:162,19,0,0
BRDA:162,19,1,0
BRDA:185,20,0,0
BRDA:185,20,1,0
BRDA:193,21,0,0
BRDA:193,21,1,0
BRDA:200,22,0,0
BRDA:200,22,1,0
BRDA:206,23,0,0
BRDA:206,23,1,0
BRF:48
BRH:0
end_of_record
TN:
SF:/Users/jb092610/Desktop/LearningTechnologiesRepo/journey-builder-js/src/journey-builder-app/store/configure_store.js
FN:18,(anonymous_0)
FN:35,configureStore
FNF:2
FNH:0
FNDA:0,(anonymous_0)
FNDA:0,configureStore
DA:13,0
DA:14,0
DA:16,0
DA:19,0
DA:24,0
DA:32,0
DA:36,0
DA:38,0
DA:41,0
DA:43,0
DA:49,0
DA:51,0
DA:53,0
LF:13
LH:0
BRDA:41,0,0,0
BRDA:41,0,1,0
BRF:2
BRH:0
end_of_record
TN:
SF:/Users/jb092610/Desktop/LearningTechnologiesRepo/journey-builder-js/src/journey-builder-app/utils/Constants.js
FNF:0
FNH:0
DA:1,10
DA:3,10
DA:5,10
DA:7,10
DA:9,10
DA:11,10
DA:13,10
DA:15,10
DA:17,10
DA:19,10
DA:21,10
DA:23,10
DA:25,10
DA:27,10
DA:29,10
DA:31,10
DA:33,10
DA:35,10
DA:37,10
LF:19
LH:19
BRF:0
BRH:0
end_of_record
TN:
SF:/Users/jb092610/Desktop/LearningTechnologiesRepo/journey-builder-js/src/journey-builder-app/utils/Error_Modal.js
FN:9,(anonymous_0)
FN:16,(anonymous_1)
FN:21,(anonymous_2)
FN:24,(anonymous_3)
FN:33,(anonymous_4)
FNF:5
FNH:0
FNDA:0,(anonymous_0)
FNDA:0,(anonymous_1)
FNDA:0,(anonymous_2)
FNDA:0,(anonymous_3)
FNDA:0,(anonymous_4)
DA:6,0
DA:10,0
DA:11,0
DA:16,0
DA:17,0
DA:21,0
DA:24,0
DA:25,0
DA:26,0
DA:27,0
DA:28,0
DA:29,0
DA:30,0
DA:34,0
LF:14
LH:0
BRF:0
BRH:0
end_of_record
TN:
SF:/Users/jb092610/Desktop/LearningTechnologiesRepo/journey-builder-js/src/journey-builder-app/utils/TimeZonePickerModal.js
FN:12,(anonymous_0)
FN:16,(anonymous_1)
FN:21,(anonymous_2)
FN:24,(anonymous_3)
FN:29,(anonymous_4)
FN:40,(anonymous_5)
FN:41,(anonymous_6)
FN:102,(anonymous_7)
FN:112,(anonymous_8)
FN:116,(anonymous_9)
FNF:10
FNH:3
FNDA:0,(anonymous_0)
FNDA:0,(anonymous_1)
FNDA:1,(anonymous_2)
FNDA:0,(anonymous_3)
FNDA:0,(anonymous_4)
FNDA:0,(anonymous_5)
FNDA:0,(anonymous_6)
FNDA:0,(anonymous_7)
FNDA:1,(anonymous_8)
FNDA:1,(anonymous_9)
DA:12,1
DA:13,0
DA:16,1
DA:17,0
DA:18,0
DA:22,1
DA:23,1
DA:24,1
DA:25,0
DA:30,0
DA:40,1
DA:41,0
DA:42,0
DA:45,0
DA:46,0
DA:52,1
DA:102,0
DA:112,2
DA:116,2
LF:19
LH:9
BRF:0
BRH:0
end_of_record
TN:
SF:/Users/jb092610/Desktop/LearningTechnologiesRepo/journey-builder-js/src/journey-builder-app/utils/admin_notifications_constants.js
FNF:0
FNH:0
DA:1,1
LF:1
LH:1
BRF:0
BRH:0
end_of_record
TN:
SF:/Users/jb092610/Desktop/LearningTechnologiesRepo/journey-builder-js/src/journey-builder-app/utils/breadcrumb.jsx
FN:17,(anonymous_0)
FN:18,(anonymous_1)
FN:22,(anonymous_2)
FNF:3
FNH:0
FNDA:0,(anonymous_0)
FNDA:0,(anonymous_1)
FNDA:0,(anonymous_2)
DA:17,0
DA:18,0
DA:19,0
DA:22,0
LF:4
LH:0
BRDA:22,0,0,0
BRDA:22,0,1,0
BRDA:22,1,0,0
BRDA:22,1,1,0
BRF:4
BRH:0
end_of_record
TN:
SF:/Users/jb092610/Desktop/LearningTechnologiesRepo/journey-builder-js/src/journey-builder-app/utils/client_side_pagination_component.jsx
FN:7,(anonymous_0)
FN:14,(anonymous_1)
FN:31,(anonymous_2)
FN:42,(anonymous_3)
FN:50,(anonymous_4)
FN:59,(anonymous_5)
FN:67,(anonymous_6)
FN:75,(anonymous_7)
FN:83,(anonymous_8)
FN:89,(anonymous_9)
FN:95,(anonymous_10)
FN:128,(anonymous_11)
FN:143,(anonymous_12)
FN:148,(anonymous_13)
FN:174,(anonymous_14)
FN:176,(anonymous_15)
FN:188,(anonymous_16)
FNF:17
FNH:5
FNDA:116,(anonymous_0)
FNDA:34,(anonymous_1)
FNDA:58,(anonymous_2)
FNDA:0,(anonymous_3)
FNDA:0,(anonymous_4)
FNDA:0,(anonymous_5)
FNDA:0,(anonymous_6)
FNDA:0,(anonymous_7)
FNDA:0,(anonymous_8)
FNDA:0,(anonymous_9)
FNDA:58,(anonymous_10)
FNDA:0,(anonymous_11)
FNDA:0,(anonymous_12)
FNDA:0,(anonymous_13)
FNDA:0,(anonymous_14)
FNDA:348,(anonymous_15)
FNDA:0,(anonymous_16)
DA:7,11
DA:8,116
DA:15,34
DA:17,34
DA:18,34
DA:19,34
DA:21,34
DA:22,34
DA:23,34
DA:24,34
DA:26,34
DA:32,58
DA:43,0
DA:44,0
DA:47,0
DA:51,0
DA:52,0
DA:54,0
DA:55,0
DA:60,0
DA:61,0
DA:64,0
DA:68,0
DA:69,0
DA:70,0
DA:72,0
DA:76,0
DA:78,0
DA:79,0
DA:84,0
DA:86,0
DA:90,0
DA:92,0
DA:117,58
DA:119,58
DA:121,58
DA:122,58
DA:124,58
DA:129,0
DA:144,0
DA:149,0
DA:174,0
DA:178,348
DA:189,0
DA:201,11
DA:223,11
LF:46
LH:20
BRDA:43,0,0,0
BRDA:43,0,1,0
BRDA:54,1,0,0
BRDA:54,1,1,0
BRDA:60,2,0,0
BRDA:60,2,1,0
BRDA:64,3,0,0
BRDA:64,3,1,0
BRDA:69,4,0,0
BRDA:69,4,1,0
BRDA:78,5,0,0
BRDA:78,5,1,0
BRDA:78,6,0,0
BRDA:78,6,1,0
BRDA:84,7,0,0
BRDA:84,7,1,0
BRDA:90,8,0,0
BRDA:90,8,1,0
BRDA:115,9,0,58
BRDA:116,10,0,58
BRDA:121,11,0,0
BRDA:121,11,1,58
BRDA:122,12,0,0
BRDA:122,12,1,58
BRDA:139,13,0,58
BRDA:139,13,1,0
BRDA:156,14,0,58
BRDA:156,14,1,27
BRDA:158,15,0,31
BRDA:158,15,1,27
BRDA:170,16,0,58
BRDA:170,16,1,58
BRF:32
BRH:11
end_of_record
TN:
SF:/Users/jb092610/Desktop/LearningTechnologiesRepo/journey-builder-js/src/journey-builder-app/utils/dirty_check_modal.js
FN:11,(anonymous_0)
FN:21,(anonymous_1)
FN:26,(anonymous_2)
FN:28,(anonymous_3)
FN:30,(anonymous_4)
FN:38,(anonymous_5)
FN:44,(anonymous_6)
FNF:7
FNH:2
FNDA:72,(anonymous_0)
FNDA:0,(anonymous_1)
FNDA:0,(anonymous_2)
FNDA:0,(anonymous_3)
FNDA:0,(anonymous_4)
FNDA:0,(anonymous_5)
FNDA:110,(anonymous_6)
DA:12,72
DA:13,72
DA:21,72
DA:26,72
DA:28,0
DA:30,72
DA:31,0
DA:32,0
DA:33,0
DA:35,0
DA:38,72
DA:39,0
DA:45,110
DA:46,110
DA:47,0
DA:50,110
DA:51,0
DA:54,110
DA:89,17
LF:19
LH:11
BRDA:31,0,0,0
BRDA:31,0,1,0
BRDA:46,1,0,0
BRDA:46,1,1,110
BRDA:46,2,0,110
BRDA:46,2,1,27
BRDA:46,2,2,0
BRDA:50,3,0,0
BRDA:50,3,1,110
BRF:9
BRH:4
end_of_record
TN:
SF:/Users/jb092610/Desktop/LearningTechnologiesRepo/journey-builder-js/src/journey-builder-app/utils/event_module_constants.js
FNF:0
FNH:0
DA:1,4
DA:3,4
DA:5,4
DA:7,4
DA:9,4
DA:11,4
DA:13,4
DA:15,4
DA:17,4
DA:19,4
DA:21,4
DA:23,4
DA:25,4
DA:27,4
DA:29,4
DA:31,4
DA:33,4
DA:35,4
DA:37,4
DA:39,4
DA:41,4
LF:21
LH:21
BRF:0
BRH:0
end_of_record
TN:
SF:/Users/jb092610/Desktop/LearningTechnologiesRepo/journey-builder-js/src/journey-builder-app/utils/group_module_constants.js
FNF:0
FNH:0
DA:1,7
DA:5,7
DA:7,7
DA:9,7
DA:11,7
DA:13,7
DA:15,7
DA:17,7
DA:19,7
DA:21,7
DA:23,7
DA:25,7
DA:27,7
DA:29,7
DA:31,7
DA:33,7
DA:41,7
DA:47,7
DA:49,7
DA:51,7
DA:56,7
DA:60,7
DA:62,7
LF:23
LH:23
BRF:0
BRH:0
end_of_record
TN:
SF:/Users/jb092610/Desktop/LearningTechnologiesRepo/journey-builder-js/src/journey-builder-app/utils/group_summary_constants.js
FNF:0
FNH:0
DA:1,2
DA:7,2
DA:13,2
DA:20,2
DA:28,2
DA:33,2
DA:38,2
DA:44,2
DA:49,2
DA:55,2
DA:57,2
DA:59,2
DA:61,2
LF:13
LH:13
BRF:0
BRH:0
end_of_record
TN:
SF:/Users/jb092610/Desktop/LearningTechnologiesRepo/journey-builder-js/src/journey-builder-app/utils/index.js
FN:2,(anonymous_0)
FN:9,(anonymous_1)
FNF:2
FNH:0
FNDA:0,(anonymous_0)
FNDA:0,(anonymous_1)
DA:3,0
DA:4,0
DA:6,0
DA:9,0
LF:4
LH:0
BRDA:3,0,0,0
BRDA:3,0,1,0
BRDA:9,1,0,0
BRDA:9,1,1,0
BRF:4
BRH:0
end_of_record
TN:
SF:/Users/jb092610/Desktop/LearningTechnologiesRepo/journey-builder-js/src/journey-builder-app/utils/instructor_module_constants.js
FNF:0
FNH:0
DA:1,8
DA:9,8
DA:18,8
DA:25,8
DA:34,8
DA:36,8
DA:38,8
DA:40,8
DA:42,8
DA:44,8
LF:10
LH:10
BRF:0
BRH:0
end_of_record
TN:
SF:/Users/jb092610/Desktop/LearningTechnologiesRepo/journey-builder-js/src/journey-builder-app/utils/loading.jsx
FN:19,Loading
FNF:1
FNH:1
FNDA:1,Loading
DA:20,1
DA:21,1
DA:30,18
LF:3
LH:3
BRDA:20,0,0,0
BRDA:20,1,0,1
BRDA:20,2,0,1
BRDA:20,3,0,1
BRDA:20,4,0,1
BRDA:20,5,0,1
BRDA:20,6,0,1
BRDA:20,7,0,1
BRDA:20,8,0,1
BRF:9
BRH:8
end_of_record
TN:
SF:/Users/jb092610/Desktop/LearningTechnologiesRepo/journey-builder-js/src/journey-builder-app/utils/navigation_constants.js
FN:1,(anonymous_0)
FN:2,(anonymous_1)
FN:13,(anonymous_2)
FNF:3
FNH:0
FNDA:0,(anonymous_0)
FNDA:0,(anonymous_1)
FNDA:0,(anonymous_2)
DA:1,0
DA:3,0
DA:4,0
DA:5,0
DA:6,0
DA:7,0
DA:8,0
DA:10,0
DA:11,0
DA:14,0
DA:15,0
DA:16,0
DA:17,0
DA:18,0
DA:19,0
DA:20,0
DA:21,0
LF:17
LH:0
BRDA:7,0,0,0
BRDA:7,0,1,0
BRDA:8,1,0,0
BRDA:8,1,1,0
BRDA:10,2,0,0
BRDA:10,2,1,0
BRDA:18,3,0,0
BRDA:18,3,1,0
BRDA:19,4,0,0
BRDA:19,4,1,0
BRDA:20,5,0,0
BRDA:20,5,1,0
BRF:12
BRH:0
end_of_record
TN:
SF:/Users/jb092610/Desktop/LearningTechnologiesRepo/journey-builder-js/src/journey-builder-app/utils/no_data.jsx
FN:6,(anonymous_0)
FNF:1
FNH:0
FNDA:0,(anonymous_0)
DA:6,7
DA:7,0
DA:25,7
LF:3
LH:2
BRDA:10,0,0,0
BRDA:10,0,1,0
BRDA:10,1,0,0
BRDA:10,1,1,0
BRDA:11,2,0,0
BRDA:11,2,1,0
BRDA:11,3,0,0
BRDA:11,3,1,0
BRDA:12,4,0,0
BRDA:12,4,1,0
BRDA:12,5,0,0
BRDA:12,5,1,0
BRDA:13,6,0,0
BRDA:13,6,1,0
BRDA:14,7,0,0
BRDA:14,7,1,0
BRDA:17,8,0,0
BRDA:17,8,1,0
BRF:18
BRH:0
end_of_record
TN:
SF:/Users/jb092610/Desktop/LearningTechnologiesRepo/journey-builder-js/src/journey-builder-app/utils/no_group_data.jsx
FN:8,(anonymous_0)
FNF:1
FNH:1
FNDA:29,(anonymous_0)
DA:9,29
LF:1
LH:1
BRDA:11,0,0,2
BRDA:11,0,1,27
BRDA:11,1,0,0
BRDA:11,1,1,2
BRF:4
BRH:3
end_of_record
TN:
SF:/Users/jb092610/Desktop/LearningTechnologiesRepo/journey-builder-js/src/journey-builder-app/utils/no_user_data.jsx
FN:19,(anonymous_0)
FNF:1
FNH:1
FNDA:1,(anonymous_0)
DA:20,1
LF:1
LH:1
BRDA:22,0,0,0
BRDA:22,0,1,1
BRDA:23,1,0,0
BRDA:23,1,1,0
BRDA:23,2,0,0
BRDA:23,2,1,0
BRDA:45,3,0,1
BRDA:45,3,1,0
BRDA:45,4,0,1
BRDA:45,4,1,0
BRDA:50,5,0,1
BRDA:50,5,1,0
BRDA:60,6,0,0
BRDA:60,6,1,1
BRDA:61,7,0,0
BRDA:61,7,1,0
BRDA:61,8,0,0
BRDA:61,8,1,0
BRF:18
BRH:5
end_of_record
TN:
SF:/Users/jb092610/Desktop/LearningTechnologiesRepo/journey-builder-js/src/journey-builder-app/utils/notes_constants.js
FNF:0
FNH:0
DA:1,3
DA:4,3
DA:6,3
DA:8,3
DA:10,3
DA:12,3
DA:14,3
DA:16,3
DA:18,3
DA:20,3
DA:22,3
DA:24,3
DA:26,3
DA:28,3
DA:30,3
LF:15
LH:15
BRF:0
BRH:0
end_of_record
TN:
SF:/Users/jb092610/Desktop/LearningTechnologiesRepo/journey-builder-js/src/journey-builder-app/utils/notification_settings_instructions_panel_constant.js
FNF:0
FNH:0
DA:1,0
DA:10,0
LF:2
LH:0
BRF:0
BRH:0
end_of_record
TN:
SF:/Users/jb092610/Desktop/LearningTechnologiesRepo/journey-builder-js/src/journey-builder-app/utils/org_module_constants.js
FNF:0
FNH:0
DA:1,5
DA:3,5
DA:5,5
DA:7,5
DA:9,5
DA:11,5
DA:13,5
DA:15,5
DA:17,5
DA:19,5
DA:21,5
DA:23,5
DA:25,5
DA:27,5
DA:29,5
DA:31,5
DA:33,5
DA:35,5
DA:37,5
DA:39,5
DA:41,5
DA:43,5
DA:45,5
DA:47,5
DA:49,5
DA:51,5
DA:53,5
DA:55,5
DA:57,5
DA:59,5
DA:61,5
DA:63,5
DA:65,5
DA:67,5
DA:69,5
DA:71,5
DA:73,5
DA:75,5
DA:77,5
DA:79,5
DA:81,5
DA:83,5
DA:85,5
DA:87,5
DA:89,5
DA:91,5
DA:93,5
LF:47
LH:47
BRF:0
BRH:0
end_of_record
TN:
SF:/Users/jb092610/Desktop/LearningTechnologiesRepo/journey-builder-js/src/journey-builder-app/utils/react_table_utils.js
FN:6,getCurrentViewData
FN:21,(anonymous_1)
FN:22,(anonymous_2)
FN:25,getSelectAllCheckedStatus
FN:38,(anonymous_4)
FN:38,(anonymous_5)
FN:41,selectAll
FN:54,(anonymous_7)
FN:57,deSelectAll
FN:70,(anonymous_9)
FN:70,(anonymous_10)
FNF:11
FNH:0
FNDA:0,getCurrentViewData
FNDA:0,(anonymous_1)
FNDA:0,(anonymous_2)
FNDA:0,getSelectAllCheckedStatus
FNDA:0,(anonymous_4)
FNDA:0,(anonymous_5)
FNDA:0,selectAll
FNDA:0,(anonymous_7)
FNDA:0,deSelectAll
FNDA:0,(anonymous_9)
FNDA:0,(anonymous_10)
DA:16,0
DA:17,0
DA:18,0
DA:19,0
DA:20,0
DA:21,0
DA:22,0
DA:37,0
DA:38,0
DA:53,0
DA:54,0
DA:69,0
DA:70,0
LF:13
LH:0
BRDA:6,0,0,0
BRDA:22,1,0,0
BRDA:22,1,1,0
BRDA:25,2,0,0
BRDA:38,3,0,0
BRDA:38,3,1,0
BRDA:41,4,0,0
BRDA:57,5,0,0
BRF:8
BRH:0
end_of_record
TN:
SF:/Users/jb092610/Desktop/LearningTechnologiesRepo/journey-builder-js/src/journey-builder-app/utils/server_side_pagination_component.js
FN:6,(anonymous_0)
FN:13,(anonymous_1)
FN:30,(anonymous_2)
FN:39,(anonymous_3)
FN:47,(anonymous_4)
FN:56,(anonymous_5)
FN:64,(anonymous_6)
FN:72,(anonymous_7)
FN:80,(anonymous_8)
FN:85,(anonymous_9)
FN:90,(anonymous_10)
FN:97,(anonymous_11)
FN:132,(anonymous_12)
FN:147,(anonymous_13)
FN:152,(anonymous_14)
FN:178,(anonymous_15)
FN:180,(anonymous_16)
FN:192,(anonymous_17)
FNF:18
FNH:5
FNDA:20,(anonymous_0)
FNDA:9,(anonymous_1)
FNDA:10,(anonymous_2)
FNDA:0,(anonymous_3)
FNDA:0,(anonymous_4)
FNDA:0,(anonymous_5)
FNDA:0,(anonymous_6)
FNDA:0,(anonymous_7)
FNDA:0,(anonymous_8)
FNDA:0,(anonymous_9)
FNDA:0,(anonymous_10)
FNDA:10,(anonymous_11)
FNDA:0,(anonymous_12)
FNDA:0,(anonymous_13)
FNDA:0,(anonymous_14)
FNDA:0,(anonymous_15)
FNDA:60,(anonymous_16)
FNDA:0,(anonymous_17)
DA:6,8
DA:7,20
DA:14,9
DA:16,9
DA:17,9
DA:18,9
DA:20,9
DA:21,9
DA:22,9
DA:23,9
DA:24,9
DA:26,9
DA:31,10
DA:32,0
DA:36,10
DA:40,0
DA:41,0
DA:44,0
DA:48,0
DA:49,0
DA:51,0
DA:52,0
DA:57,0
DA:58,0
DA:61,0
DA:65,0
DA:66,0
DA:67,0
DA:69,0
DA:73,0
DA:75,0
DA:76,0
DA:81,0
DA:82,0
DA:86,0
DA:87,0
DA:91,0
DA:92,0
DA:123,10
DA:125,10
DA:126,10
DA:128,10
DA:133,0
DA:148,0
DA:153,0
DA:178,0
DA:182,60
DA:193,0
DA:205,8
DA:231,8
LF:50
LH:21
BRDA:31,0,0,0
BRDA:31,0,1,10
BRDA:40,1,0,0
BRDA:40,1,1,0
BRDA:51,2,0,0
BRDA:51,2,1,0
BRDA:57,3,0,0
BRDA:57,3,1,0
BRDA:61,4,0,0
BRDA:61,4,1,0
BRDA:66,5,0,0
BRDA:66,5,1,0
BRDA:75,6,0,0
BRDA:75,6,1,0
BRDA:75,7,0,0
BRDA:75,7,1,0
BRDA:81,8,0,0
BRDA:81,8,1,0
BRDA:86,9,0,0
BRDA:86,9,1,0
BRDA:121,10,0,10
BRDA:122,11,0,10
BRDA:125,12,0,0
BRDA:125,12,1,10
BRDA:126,13,0,0
BRDA:126,13,1,10
BRDA:143,14,0,10
BRDA:143,14,1,0
BRDA:160,15,0,10
BRDA:160,15,1,10
BRDA:162,16,0,10
BRDA:162,16,1,0
BRDA:174,17,0,10
BRDA:174,17,1,10
BRF:34
BRH:11
end_of_record
TN:
SF:/Users/jb092610/Desktop/LearningTechnologiesRepo/journey-builder-js/src/journey-builder-app/utils/server_side_react_table_util.js
FN:6,getCurrentViewData
FN:19,(anonymous_1)
FN:22,getSelectAllCheckedStatus
FN:35,(anonymous_3)
FN:35,(anonymous_4)
FN:38,selectAll
FN:51,(anonymous_6)
FN:54,deSelectAll
FN:67,(anonymous_8)
FN:67,(anonymous_9)
FNF:10
FNH:0
FNDA:0,getCurrentViewData
FNDA:0,(anonymous_1)
FNDA:0,getSelectAllCheckedStatus
FNDA:0,(anonymous_3)
FNDA:0,(anonymous_4)
FNDA:0,selectAll
FNDA:0,(anonymous_6)
FNDA:0,deSelectAll
FNDA:0,(anonymous_8)
FNDA:0,(anonymous_9)
DA:16,0
DA:17,0
DA:19,0
DA:34,0
DA:35,0
DA:50,0
DA:51,0
DA:66,0
DA:67,0
LF:9
LH:0
BRDA:6,0,0,0
BRDA:19,1,0,0
BRDA:19,1,1,0
BRDA:22,2,0,0
BRDA:35,3,0,0
BRDA:35,3,1,0
BRDA:35,3,2,0
BRDA:38,4,0,0
BRDA:54,5,0,0
BRF:9
BRH:0
end_of_record
TN:
SF:/Users/jb092610/Desktop/LearningTechnologiesRepo/journey-builder-js/src/journey-builder-app/utils/session_timeout_modal.jsx
FN:15,(anonymous_0)
FN:19,(anonymous_1)
FN:26,(anonymous_2)
FN:32,(anonymous_3)
FN:37,(anonymous_4)
FN:48,(anonymous_5)
FN:52,(anonymous_6)
FNF:7
FNH:0
FNDA:0,(anonymous_0)
FNDA:0,(anonymous_1)
FNDA:0,(anonymous_2)
FNDA:0,(anonymous_3)
FNDA:0,(anonymous_4)
FNDA:0,(anonymous_5)
FNDA:0,(anonymous_6)
DA:7,0
DA:10,0
DA:16,0
DA:19,0
DA:20,0
DA:21,0
DA:22,0
DA:23,0
DA:26,0
DA:27,0
DA:28,0
DA:32,0
DA:33,0
DA:34,0
DA:37,0
DA:38,0
DA:39,0
DA:40,0
DA:41,0
DA:42,0
DA:43,0
DA:44,0
DA:45,0
DA:49,0
DA:53,0
LF:25
LH:0
BRDA:27,0,0,0
BRDA:27,0,1,0
BRDA:34,1,0,0
BRDA:34,1,1,0
BRDA:34,2,0,0
BRDA:34,2,1,0
BRDA:34,3,0,0
BRDA:34,3,1,0
BRDA:58,4,0,0
BRDA:58,4,1,0
BRDA:58,5,0,0
BRDA:58,5,1,0
BRF:12
BRH:0
end_of_record
TN:
SF:/Users/jb092610/Desktop/LearningTechnologiesRepo/journey-builder-js/src/journey-builder-app/utils/timezoneRegions.js
FNF:0
FNH:0
DA:1,2
LF:1
LH:1
BRF:0
BRH:0
end_of_record
TN:
SF:/Users/jb092610/Desktop/LearningTechnologiesRepo/journey-builder-js/src/journey-builder-app/utils/url_constants.js
FNF:0
FNH:0
DA:2,6
DA:4,6
LF:2
LH:2
BRF:0
BRH:0
end_of_record
TN:
SF:/Users/jb092610/Desktop/LearningTechnologiesRepo/journey-builder-js/src/journey-builder-app/utils/user_module_constants.js
FNF:0
FNH:0
DA:2,24
DA:4,24
DA:7,24
DA:10,24
DA:13,24
DA:18,24
DA:20,24
DA:23,24
DA:26,24
DA:29,24
DA:32,24
DA:35,24
DA:37,24
DA:40,24
DA:56,24
DA:66,24
DA:74,24
DA:76,24
DA:78,24
DA:81,24
DA:83,24
DA:85,24
DA:87,24
DA:90,24
DA:92,24
DA:94,24
DA:96,24
DA:98,24
DA:100,24
DA:102,24
DA:104,24
DA:106,24
DA:108,24
DA:110,24
DA:112,24
DA:114,24
DA:116,24
DA:119,24
DA:121,24
DA:123,24
DA:125,24
DA:128,24
DA:132,24
DA:136,24
DA:138,24
DA:140,24
DA:142,24
DA:144,24
DA:146,24
DA:148,24
DA:150,24
DA:152,24
DA:160,24
DA:163,24
DA:166,24
DA:169,24
LF:56
LH:56
BRF:0
BRH:0
end_of_record
TN:
SF:/Users/jb092610/Desktop/LearningTechnologiesRepo/journey-builder-js/src/journey-builder-app/utils/util.js
FN:4,(anonymous_0)
FN:6,(anonymous_1)
FN:8,(anonymous_2)
FN:13,(anonymous_3)
FN:18,(anonymous_4)
FN:28,(anonymous_5)
FN:42,(anonymous_6)
FN:60,(anonymous_7)
FN:65,(anonymous_8)
FN:69,(anonymous_9)
FNF:10
FNH:0
FNDA:0,(anonymous_0)
FNDA:0,(anonymous_1)
FNDA:0,(anonymous_2)
FNDA:0,(anonymous_3)
FNDA:0,(anonymous_4)
FNDA:0,(anonymous_5)
FNDA:0,(anonymous_6)
FNDA:0,(anonymous_7)
FNDA:0,(anonymous_8)
FNDA:0,(anonymous_9)
DA:4,10
DA:5,10
DA:6,10
DA:8,10
DA:9,0
DA:10,0
DA:13,10
DA:14,0
DA:15,0
DA:18,10
DA:19,0
DA:20,0
DA:21,0
DA:22,0
DA:25,0
DA:28,10
DA:29,0
DA:30,0
DA:31,0
DA:32,0
DA:34,0
DA:35,0
DA:39,0
DA:42,10
DA:43,0
DA:45,0
DA:47,0
DA:48,0
DA:50,0
DA:54,0
DA:57,0
DA:60,10
DA:61,0
DA:62,0
DA:65,10
DA:66,0
DA:69,10
DA:70,0
DA:71,0
DA:72,0
DA:74,0
LF:41
LH:11
BRDA:21,0,0,0
BRDA:21,0,1,0
BRDA:21,1,0,0
BRDA:21,1,1,0
BRDA:31,2,0,0
BRDA:31,2,1,0
BRDA:34,3,0,0
BRDA:34,3,1,0
BRDA:45,4,0,0
BRDA:45,4,1,0
BRDA:50,5,0,0
BRDA:50,5,1,0
BRDA:51,6,0,0
BRDA:51,6,1,0
BRDA:61,7,0,0
BRDA:61,7,1,0
BRDA:61,8,0,0
BRDA:61,8,1,0
BRDA:66,9,0,0
BRDA:66,9,1,0
BRDA:71,10,0,0
BRDA:71,10,1,0
BRDA:71,11,0,0
BRDA:71,11,1,0
BRF:24
BRH:0
end_of_record
